{"/Users/ts1298/practice/ReadingTrackerApp2/src/App.tsx": {"path":"/Users/ts1298/practice/ReadingTrackerApp2/src/App.tsx","statementMap":{"0":{"start":{"line":9,"column":2},"end":{"line":17,"column":4}}},"fnMap":{"0":{"name":"App","decl":{"start":{"line":8,"column":24},"end":{"line":8,"column":27}},"loc":{"start":{"line":8,"column":30},"end":{"line":18,"column":1}},"line":8}},"branchMap":{},"s":{"0":0},"f":{"0":0},"b":{}}
,"/Users/ts1298/practice/ReadingTrackerApp2/src/components/BookmarkList.tsx": {"path":"/Users/ts1298/practice/ReadingTrackerApp2/src/components/BookmarkList.tsx","statementMap":{},"fnMap":{},"branchMap":{},"s":{},"f":{},"b":{}}
,"/Users/ts1298/practice/ReadingTrackerApp2/src/components/Rating.tsx": {"path":"/Users/ts1298/practice/ReadingTrackerApp2/src/components/Rating.tsx","statementMap":{"0":{"start":{"line":13,"column":45},"end":{"line":42,"column":1}},"1":{"start":{"line":19,"column":22},"end":{"line":23,"column":3}},"2":{"start":{"line":20,"column":4},"end":{"line":22,"column":5}},"3":{"start":{"line":21,"column":6},"end":{"line":21,"column":30}},"4":{"start":{"line":25,"column":2},"end":{"line":41,"column":4}},"5":{"start":{"line":28,"column":8},"end":{"line":38,"column":27}},"6":{"start":{"line":30,"column":25},"end":{"line":30,"column":42}},"7":{"start":{"line":44,"column":15},"end":{"line":49,"column":2}}},"fnMap":{"0":{"name":"(anonymous_0)","decl":{"start":{"line":13,"column":45},"end":{"line":13,"column":46}},"loc":{"start":{"line":18,"column":6},"end":{"line":42,"column":1}},"line":18},"1":{"name":"(anonymous_1)","decl":{"start":{"line":19,"column":22},"end":{"line":19,"column":23}},"loc":{"start":{"line":19,"column":44},"end":{"line":23,"column":3}},"line":19},"2":{"name":"(anonymous_2)","decl":{"start":{"line":27,"column":27},"end":{"line":27,"column":28}},"loc":{"start":{"line":28,"column":8},"end":{"line":38,"column":27}},"line":28},"3":{"name":"(anonymous_3)","decl":{"start":{"line":30,"column":19},"end":{"line":30,"column":20}},"loc":{"start":{"line":30,"column":25},"end":{"line":30,"column":42}},"line":30}},"branchMap":{"0":{"loc":{"start":{"line":16,"column":2},"end":{"line":16,"column":18}},"type":"default-arg","locations":[{"start":{"line":16,"column":13},"end":{"line":16,"column":18}}],"line":16},"1":{"loc":{"start":{"line":20,"column":4},"end":{"line":22,"column":5}},"type":"if","locations":[{"start":{"line":20,"column":4},"end":{"line":22,"column":5}},{"start":{},"end":{}}],"line":20},"2":{"loc":{"start":{"line":20,"column":8},"end":{"line":20,"column":34}},"type":"binary-expr","locations":[{"start":{"line":20,"column":8},"end":{"line":20,"column":17}},{"start":{"line":20,"column":21},"end":{"line":20,"column":34}}],"line":20},"3":{"loc":{"start":{"line":34,"column":18},"end":{"line":34,"column":57}},"type":"cond-expr","locations":[{"start":{"line":34,"column":34},"end":{"line":34,"column":40}},{"start":{"line":34,"column":43},"end":{"line":34,"column":57}}],"line":34},"4":{"loc":{"start":{"line":36,"column":23},"end":{"line":36,"column":76}},"type":"cond-expr","locations":[{"start":{"line":36,"column":39},"end":{"line":36,"column":53}},{"start":{"line":36,"column":56},"end":{"line":36,"column":76}}],"line":36}},"s":{"0":0,"1":0,"2":0,"3":0,"4":0,"5":0,"6":0,"7":0},"f":{"0":0,"1":0,"2":0,"3":0},"b":{"0":[0],"1":[0,0],"2":[0,0],"3":[0,0],"4":[0,0]}}
,"/Users/ts1298/practice/ReadingTrackerApp2/src/components/ReviewList.tsx": {"path":"/Users/ts1298/practice/ReadingTrackerApp2/src/components/ReviewList.tsx","statementMap":{"0":{"start":{"line":23,"column":53},"end":{"line":90,"column":1}},"1":{"start":{"line":29,"column":40},"end":{"line":29,"column":75}},"2":{"start":{"line":31,"column":21},"end":{"line":37,"column":3}},"3":{"start":{"line":32,"column":4},"end":{"line":36,"column":7}},"4":{"start":{"line":39,"column":2},"end":{"line":89,"column":4}},"5":{"start":{"line":42,"column":8},"end":{"line":86,"column":15}},"6":{"start":{"line":52,"column":35},"end":{"line":52,"column":55}},"7":{"start":{"line":56,"column":37},"end":{"line":56,"column":62}},"8":{"start":{"line":62,"column":22},"end":{"line":62,"column":43}},"9":{"start":{"line":63,"column":22},"end":{"line":63,"column":43}},"10":{"start":{"line":70,"column":22},"end":{"line":70,"column":48}},"11":{"start":{"line":71,"column":22},"end":{"line":71,"column":43}},"12":{"start":{"line":92,"column":15},"end":{"line":123,"column":2}}},"fnMap":{"0":{"name":"(anonymous_0)","decl":{"start":{"line":23,"column":53},"end":{"line":23,"column":54}},"loc":{"start":{"line":28,"column":6},"end":{"line":90,"column":1}},"line":28},"1":{"name":"(anonymous_1)","decl":{"start":{"line":31,"column":21},"end":{"line":31,"column":22}},"loc":{"start":{"line":31,"column":44},"end":{"line":37,"column":3}},"line":31},"2":{"name":"(anonymous_2)","decl":{"start":{"line":41,"column":19},"end":{"line":41,"column":20}},"loc":{"start":{"line":42,"column":8},"end":{"line":86,"column":15}},"line":42},"3":{"name":"(anonymous_3)","decl":{"start":{"line":52,"column":29},"end":{"line":52,"column":30}},"loc":{"start":{"line":52,"column":35},"end":{"line":52,"column":55}},"line":52},"4":{"name":"(anonymous_4)","decl":{"start":{"line":56,"column":31},"end":{"line":56,"column":32}},"loc":{"start":{"line":56,"column":37},"end":{"line":56,"column":62}},"line":56},"5":{"name":"(anonymous_5)","decl":{"start":{"line":61,"column":29},"end":{"line":61,"column":30}},"loc":{"start":{"line":61,"column":35},"end":{"line":64,"column":21}},"line":61},"6":{"name":"(anonymous_6)","decl":{"start":{"line":69,"column":29},"end":{"line":69,"column":30}},"loc":{"start":{"line":69,"column":35},"end":{"line":72,"column":21}},"line":69}},"branchMap":{"0":{"loc":{"start":{"line":49,"column":15},"end":{"line":77,"column":15}},"type":"binary-expr","locations":[{"start":{"line":49,"column":15},"end":{"line":49,"column":46}},{"start":{"line":50,"column":16},"end":{"line":76,"column":23}}],"line":49}},"s":{"0":0,"1":0,"2":0,"3":0,"4":0,"5":0,"6":0,"7":0,"8":0,"9":0,"10":0,"11":0,"12":0},"f":{"0":0,"1":0,"2":0,"3":0,"4":0,"5":0,"6":0},"b":{"0":[0,0]}}
,"/Users/ts1298/practice/ReadingTrackerApp2/src/components/home/QuickActions.styles.ts": {"path":"/Users/ts1298/practice/ReadingTrackerApp2/src/components/home/QuickActions.styles.ts","statementMap":{"0":{"start":{"line":4,"column":22},"end":{"line":16,"column":2}}},"fnMap":{},"branchMap":{},"s":{"0":0},"f":{},"b":{}}
,"/Users/ts1298/practice/ReadingTrackerApp2/src/components/home/QuickActions.tsx": {"path":"/Users/ts1298/practice/ReadingTrackerApp2/src/components/home/QuickActions.tsx","statementMap":{"0":{"start":{"line":7,"column":28},"end":{"line":50,"column":1}},"1":{"start":{"line":8,"column":21},"end":{"line":8,"column":36}},"2":{"start":{"line":10,"column":23},"end":{"line":12,"column":3}},"3":{"start":{"line":11,"column":4},"end":{"line":11,"column":39}},"4":{"start":{"line":14,"column":24},"end":{"line":16,"column":3}},"5":{"start":{"line":15,"column":4},"end":{"line":15,"column":35}},"6":{"start":{"line":18,"column":29},"end":{"line":20,"column":3}},"7":{"start":{"line":19,"column":4},"end":{"line":19,"column":42}},"8":{"start":{"line":22,"column":2},"end":{"line":49,"column":4}}},"fnMap":{"0":{"name":"(anonymous_0)","decl":{"start":{"line":7,"column":28},"end":{"line":7,"column":29}},"loc":{"start":{"line":7,"column":34},"end":{"line":50,"column":1}},"line":7},"1":{"name":"(anonymous_1)","decl":{"start":{"line":10,"column":23},"end":{"line":10,"column":24}},"loc":{"start":{"line":10,"column":29},"end":{"line":12,"column":3}},"line":10},"2":{"name":"(anonymous_2)","decl":{"start":{"line":14,"column":24},"end":{"line":14,"column":25}},"loc":{"start":{"line":14,"column":30},"end":{"line":16,"column":3}},"line":14},"3":{"name":"(anonymous_3)","decl":{"start":{"line":18,"column":29},"end":{"line":18,"column":30}},"loc":{"start":{"line":18,"column":35},"end":{"line":20,"column":3}},"line":18}},"branchMap":{},"s":{"0":0,"1":0,"2":0,"3":0,"4":0,"5":0,"6":0,"7":0,"8":0},"f":{"0":0,"1":0,"2":0,"3":0},"b":{}}
,"/Users/ts1298/practice/ReadingTrackerApp2/src/components/home/ReadingProgress.styles.ts": {"path":"/Users/ts1298/practice/ReadingTrackerApp2/src/components/home/ReadingProgress.styles.ts","statementMap":{"0":{"start":{"line":4,"column":22},"end":{"line":76,"column":2}}},"fnMap":{},"branchMap":{},"s":{"0":0},"f":{},"b":{}}
,"/Users/ts1298/practice/ReadingTrackerApp2/src/components/home/ReadingProgress.tsx": {"path":"/Users/ts1298/practice/ReadingTrackerApp2/src/components/home/ReadingProgress.tsx","statementMap":{"0":{"start":{"line":21,"column":63},"end":{"line":61,"column":1}},"1":{"start":{"line":26,"column":2},"end":{"line":34,"column":3}},"2":{"start":{"line":27,"column":4},"end":{"line":33,"column":6}},"3":{"start":{"line":36,"column":2},"end":{"line":60,"column":4}},"4":{"start":{"line":63,"column":15},"end":{"line":111,"column":2}}},"fnMap":{"0":{"name":"(anonymous_0)","decl":{"start":{"line":21,"column":63},"end":{"line":21,"column":64}},"loc":{"start":{"line":25,"column":6},"end":{"line":61,"column":1}},"line":25}},"branchMap":{"0":{"loc":{"start":{"line":23,"column":2},"end":{"line":23,"column":14}},"type":"default-arg","locations":[{"start":{"line":23,"column":13},"end":{"line":23,"column":14}}],"line":23},"1":{"loc":{"start":{"line":26,"column":2},"end":{"line":34,"column":3}},"type":"if","locations":[{"start":{"line":26,"column":2},"end":{"line":34,"column":3}},{"start":{},"end":{}}],"line":26},"2":{"loc":{"start":{"line":53,"column":9},"end":{"line":57,"column":9}},"type":"binary-expr","locations":[{"start":{"line":53,"column":9},"end":{"line":53,"column":19}},{"start":{"line":54,"column":10},"end":{"line":56,"column":17}}],"line":53}},"s":{"0":0,"1":0,"2":0,"3":0,"4":0},"f":{"0":0},"b":{"0":[0],"1":[0,0],"2":[0,0]}}
,"/Users/ts1298/practice/ReadingTrackerApp2/src/components/home/RecentActivities.styles.ts": {"path":"/Users/ts1298/practice/ReadingTrackerApp2/src/components/home/RecentActivities.styles.ts","statementMap":{"0":{"start":{"line":4,"column":22},"end":{"line":47,"column":2}}},"fnMap":{},"branchMap":{},"s":{"0":0},"f":{},"b":{}}
,"/Users/ts1298/practice/ReadingTrackerApp2/src/components/home/RecentActivities.tsx": {"path":"/Users/ts1298/practice/ReadingTrackerApp2/src/components/home/RecentActivities.tsx","statementMap":{"0":{"start":{"line":19,"column":65},"end":{"line":80,"column":1}},"1":{"start":{"line":23,"column":26},"end":{"line":34,"column":3}},"2":{"start":{"line":24,"column":4},"end":{"line":33,"column":5}},"3":{"start":{"line":26,"column":8},"end":{"line":26,"column":35}},"4":{"start":{"line":28,"column":8},"end":{"line":28,"column":26}},"5":{"start":{"line":30,"column":8},"end":{"line":30,"column":22}},"6":{"start":{"line":32,"column":8},"end":{"line":32,"column":29}},"7":{"start":{"line":36,"column":27},"end":{"line":47,"column":3}},"8":{"start":{"line":37,"column":4},"end":{"line":46,"column":5}},"9":{"start":{"line":39,"column":8},"end":{"line":39,"column":23}},"10":{"start":{"line":41,"column":8},"end":{"line":41,"column":24}},"11":{"start":{"line":43,"column":8},"end":{"line":43,"column":23}},"12":{"start":{"line":45,"column":8},"end":{"line":45,"column":20}},"13":{"start":{"line":49,"column":25},"end":{"line":67,"column":3}},"14":{"start":{"line":50,"column":4},"end":{"line":66,"column":11}},"15":{"start":{"line":50,"column":53},"end":{"line":50,"column":74}},"16":{"start":{"line":69,"column":2},"end":{"line":79,"column":4}},"17":{"start":{"line":75,"column":32},"end":{"line":75,"column":39}}},"fnMap":{"0":{"name":"(anonymous_0)","decl":{"start":{"line":19,"column":65},"end":{"line":19,"column":66}},"loc":{"start":{"line":22,"column":6},"end":{"line":80,"column":1}},"line":22},"1":{"name":"(anonymous_1)","decl":{"start":{"line":23,"column":26},"end":{"line":23,"column":27}},"loc":{"start":{"line":23,"column":54},"end":{"line":34,"column":3}},"line":23},"2":{"name":"(anonymous_2)","decl":{"start":{"line":36,"column":27},"end":{"line":36,"column":28}},"loc":{"start":{"line":36,"column":55},"end":{"line":47,"column":3}},"line":36},"3":{"name":"(anonymous_3)","decl":{"start":{"line":49,"column":25},"end":{"line":49,"column":26}},"loc":{"start":{"line":50,"column":4},"end":{"line":66,"column":11}},"line":50},"4":{"name":"(anonymous_4)","decl":{"start":{"line":50,"column":47},"end":{"line":50,"column":48}},"loc":{"start":{"line":50,"column":53},"end":{"line":50,"column":74}},"line":50},"5":{"name":"(anonymous_5)","decl":{"start":{"line":75,"column":22},"end":{"line":75,"column":23}},"loc":{"start":{"line":75,"column":32},"end":{"line":75,"column":39}},"line":75}},"branchMap":{"0":{"loc":{"start":{"line":24,"column":4},"end":{"line":33,"column":5}},"type":"switch","locations":[{"start":{"line":25,"column":6},"end":{"line":26,"column":35}},{"start":{"line":27,"column":6},"end":{"line":28,"column":26}},{"start":{"line":29,"column":6},"end":{"line":30,"column":22}},{"start":{"line":31,"column":6},"end":{"line":32,"column":29}}],"line":24},"1":{"loc":{"start":{"line":37,"column":4},"end":{"line":46,"column":5}},"type":"switch","locations":[{"start":{"line":38,"column":6},"end":{"line":39,"column":23}},{"start":{"line":40,"column":6},"end":{"line":41,"column":24}},{"start":{"line":42,"column":6},"end":{"line":43,"column":23}},{"start":{"line":44,"column":6},"end":{"line":45,"column":20}}],"line":37},"2":{"loc":{"start":{"line":60,"column":11},"end":{"line":62,"column":11}},"type":"binary-expr","locations":[{"start":{"line":60,"column":11},"end":{"line":60,"column":23}},{"start":{"line":61,"column":12},"end":{"line":61,"column":70}}],"line":60}},"s":{"0":0,"1":0,"2":0,"3":0,"4":0,"5":0,"6":0,"7":0,"8":0,"9":0,"10":0,"11":0,"12":0,"13":0,"14":0,"15":0,"16":0,"17":0},"f":{"0":0,"1":0,"2":0,"3":0,"4":0,"5":0},"b":{"0":[0,0,0,0],"1":[0,0,0,0],"2":[0,0]}}
,"/Users/ts1298/practice/ReadingTrackerApp2/src/components/home/Recommendations.styles.ts": {"path":"/Users/ts1298/practice/ReadingTrackerApp2/src/components/home/Recommendations.styles.ts","statementMap":{"0":{"start":{"line":4,"column":22},"end":{"line":51,"column":2}}},"fnMap":{},"branchMap":{},"s":{"0":0},"f":{},"b":{}}
,"/Users/ts1298/practice/ReadingTrackerApp2/src/components/home/Recommendations.tsx": {"path":"/Users/ts1298/practice/ReadingTrackerApp2/src/components/home/Recommendations.tsx","statementMap":{"0":{"start":{"line":22,"column":63},"end":{"line":73,"column":1}},"1":{"start":{"line":27,"column":21},"end":{"line":56,"column":3}},"2":{"start":{"line":28,"column":4},"end":{"line":55,"column":11}},"3":{"start":{"line":31,"column":21},"end":{"line":31,"column":38}},"4":{"start":{"line":58,"column":2},"end":{"line":72,"column":4}}},"fnMap":{"0":{"name":"(anonymous_0)","decl":{"start":{"line":22,"column":63},"end":{"line":22,"column":64}},"loc":{"start":{"line":26,"column":6},"end":{"line":73,"column":1}},"line":26},"1":{"name":"(anonymous_1)","decl":{"start":{"line":27,"column":21},"end":{"line":27,"column":22}},"loc":{"start":{"line":28,"column":4},"end":{"line":55,"column":11}},"line":28},"2":{"name":"(anonymous_2)","decl":{"start":{"line":31,"column":15},"end":{"line":31,"column":16}},"loc":{"start":{"line":31,"column":21},"end":{"line":31,"column":38}},"line":31}},"branchMap":{"0":{"loc":{"start":{"line":35,"column":10},"end":{"line":37,"column":61}},"type":"cond-expr","locations":[{"start":{"line":36,"column":14},"end":{"line":36,"column":48}},{"start":{"line":37,"column":14},"end":{"line":37,"column":61}}],"line":35},"1":{"loc":{"start":{"line":49,"column":9},"end":{"line":53,"column":9}},"type":"binary-expr","locations":[{"start":{"line":49,"column":9},"end":{"line":49,"column":25}},{"start":{"line":50,"column":10},"end":{"line":52,"column":17}}],"line":49}},"s":{"0":0,"1":0,"2":0,"3":0,"4":0},"f":{"0":0,"1":0,"2":0},"b":{"0":[0,0],"1":[0,0]}}
,"/Users/ts1298/practice/ReadingTrackerApp2/src/components/home/UserProfile.styles.ts": {"path":"/Users/ts1298/practice/ReadingTrackerApp2/src/components/home/UserProfile.styles.ts","statementMap":{"0":{"start":{"line":4,"column":22},"end":{"line":43,"column":2}}},"fnMap":{},"branchMap":{},"s":{"0":0},"f":{},"b":{}}
,"/Users/ts1298/practice/ReadingTrackerApp2/src/components/home/UserProfile.tsx": {"path":"/Users/ts1298/practice/ReadingTrackerApp2/src/components/home/UserProfile.tsx","statementMap":{"0":{"start":{"line":12,"column":55},"end":{"line":39,"column":1}},"1":{"start":{"line":17,"column":2},"end":{"line":38,"column":4}},"2":{"start":{"line":41,"column":15},"end":{"line":81,"column":2}}},"fnMap":{"0":{"name":"(anonymous_0)","decl":{"start":{"line":12,"column":55},"end":{"line":12,"column":56}},"loc":{"start":{"line":16,"column":6},"end":{"line":39,"column":1}},"line":16}},"branchMap":{"0":{"loc":{"start":{"line":14,"column":2},"end":{"line":14,"column":18}},"type":"default-arg","locations":[{"start":{"line":14,"column":13},"end":{"line":14,"column":18}}],"line":14},"1":{"loc":{"start":{"line":15,"column":2},"end":{"line":15,"column":25}},"type":"default-arg","locations":[{"start":{"line":15,"column":24},"end":{"line":15,"column":25}}],"line":15},"2":{"loc":{"start":{"line":20,"column":16},"end":{"line":20,"column":105}},"type":"cond-expr","locations":[{"start":{"line":20,"column":31},"end":{"line":20,"column":52}},{"start":{"line":20,"column":55},"end":{"line":20,"column":105}}],"line":20}},"s":{"0":0,"1":0,"2":0},"f":{"0":0},"b":{"0":[0],"1":[0],"2":[0,0]}}
,"/Users/ts1298/practice/ReadingTrackerApp2/src/config/api.ts": {"path":"/Users/ts1298/practice/ReadingTrackerApp2/src/config/api.ts","statementMap":{"0":{"start":{"line":1,"column":24},"end":{"line":3,"column":1}}},"fnMap":{},"branchMap":{},"s":{"0":0},"f":{},"b":{}}
,"/Users/ts1298/practice/ReadingTrackerApp2/src/navigation/AppNavigator.tsx": {"path":"/Users/ts1298/practice/ReadingTrackerApp2/src/navigation/AppNavigator.tsx","statementMap":{"0":{"start":{"line":17,"column":12},"end":{"line":17,"column":56}},"1":{"start":{"line":19,"column":28},"end":{"line":86,"column":1}},"2":{"start":{"line":20,"column":2},"end":{"line":85,"column":4}},"3":{"start":{"line":22,"column":37},"end":{"line":54,"column":7}},"4":{"start":{"line":26,"column":10},"end":{"line":41,"column":11}},"5":{"start":{"line":28,"column":14},"end":{"line":28,"column":32}},"6":{"start":{"line":29,"column":14},"end":{"line":29,"column":20}},"7":{"start":{"line":31,"column":14},"end":{"line":31,"column":35}},"8":{"start":{"line":32,"column":14},"end":{"line":32,"column":20}},"9":{"start":{"line":34,"column":14},"end":{"line":34,"column":37}},"10":{"start":{"line":35,"column":14},"end":{"line":35,"column":20}},"11":{"start":{"line":37,"column":14},"end":{"line":37,"column":31}},"12":{"start":{"line":38,"column":14},"end":{"line":38,"column":20}},"13":{"start":{"line":40,"column":14},"end":{"line":40,"column":32}},"14":{"start":{"line":43,"column":10},"end":{"line":49,"column":12}}},"fnMap":{"0":{"name":"(anonymous_0)","decl":{"start":{"line":19,"column":28},"end":{"line":19,"column":29}},"loc":{"start":{"line":19,"column":34},"end":{"line":86,"column":1}},"line":19},"1":{"name":"(anonymous_1)","decl":{"start":{"line":22,"column":21},"end":{"line":22,"column":22}},"loc":{"start":{"line":22,"column":37},"end":{"line":54,"column":7}},"line":22},"2":{"name":"(anonymous_2)","decl":{"start":{"line":23,"column":20},"end":{"line":23,"column":21}},"loc":{"start":{"line":23,"column":50},"end":{"line":50,"column":9}},"line":23}},"branchMap":{"0":{"loc":{"start":{"line":26,"column":10},"end":{"line":41,"column":11}},"type":"switch","locations":[{"start":{"line":27,"column":12},"end":{"line":29,"column":20}},{"start":{"line":30,"column":12},"end":{"line":32,"column":20}},{"start":{"line":33,"column":12},"end":{"line":35,"column":20}},{"start":{"line":36,"column":12},"end":{"line":38,"column":20}},{"start":{"line":39,"column":12},"end":{"line":40,"column":32}}],"line":26},"1":{"loc":{"start":{"line":47,"column":25},"end":{"line":47,"column":57}},"type":"cond-expr","locations":[{"start":{"line":47,"column":35},"end":{"line":47,"column":49}},{"start":{"line":47,"column":52},"end":{"line":47,"column":57}}],"line":47}},"s":{"0":0,"1":0,"2":0,"3":0,"4":0,"5":0,"6":0,"7":0,"8":0,"9":0,"10":0,"11":0,"12":0,"13":0,"14":0},"f":{"0":0,"1":0,"2":0},"b":{"0":[0,0,0,0,0],"1":[0,0]}}
,"/Users/ts1298/practice/ReadingTrackerApp2/src/navigation/HomeStack.tsx": {"path":"/Users/ts1298/practice/ReadingTrackerApp2/src/navigation/HomeStack.tsx","statementMap":{"0":{"start":{"line":11,"column":14},"end":{"line":11,"column":62}},"1":{"start":{"line":13,"column":25},"end":{"line":20,"column":1}},"2":{"start":{"line":14,"column":2},"end":{"line":19,"column":4}}},"fnMap":{"0":{"name":"(anonymous_0)","decl":{"start":{"line":13,"column":25},"end":{"line":13,"column":26}},"loc":{"start":{"line":13,"column":31},"end":{"line":20,"column":1}},"line":13}},"branchMap":{},"s":{"0":0,"1":0,"2":0},"f":{"0":0},"b":{}}
,"/Users/ts1298/practice/ReadingTrackerApp2/src/navigation/SearchStack.tsx": {"path":"/Users/ts1298/practice/ReadingTrackerApp2/src/navigation/SearchStack.tsx","statementMap":{"0":{"start":{"line":11,"column":14},"end":{"line":11,"column":64}},"1":{"start":{"line":13,"column":27},"end":{"line":20,"column":1}},"2":{"start":{"line":14,"column":2},"end":{"line":19,"column":4}}},"fnMap":{"0":{"name":"(anonymous_0)","decl":{"start":{"line":13,"column":27},"end":{"line":13,"column":28}},"loc":{"start":{"line":13,"column":33},"end":{"line":20,"column":1}},"line":13}},"branchMap":{},"s":{"0":0,"1":0,"2":0},"f":{"0":0},"b":{}}
,"/Users/ts1298/practice/ReadingTrackerApp2/src/navigation/SettingsStack.tsx": {"path":"/Users/ts1298/practice/ReadingTrackerApp2/src/navigation/SettingsStack.tsx","statementMap":{"0":{"start":{"line":15,"column":14},"end":{"line":15,"column":66}},"1":{"start":{"line":17,"column":29},"end":{"line":26,"column":1}},"2":{"start":{"line":18,"column":2},"end":{"line":25,"column":4}}},"fnMap":{"0":{"name":"(anonymous_0)","decl":{"start":{"line":17,"column":29},"end":{"line":17,"column":30}},"loc":{"start":{"line":17,"column":35},"end":{"line":26,"column":1}},"line":17}},"branchMap":{},"s":{"0":0,"1":0,"2":0},"f":{"0":0},"b":{}}
,"/Users/ts1298/practice/ReadingTrackerApp2/src/navigation/StatsStack.tsx": {"path":"/Users/ts1298/practice/ReadingTrackerApp2/src/navigation/StatsStack.tsx","statementMap":{"0":{"start":{"line":13,"column":14},"end":{"line":13,"column":63}},"1":{"start":{"line":15,"column":26},"end":{"line":45,"column":1}},"2":{"start":{"line":16,"column":2},"end":{"line":44,"column":4}}},"fnMap":{"0":{"name":"(anonymous_0)","decl":{"start":{"line":15,"column":26},"end":{"line":15,"column":27}},"loc":{"start":{"line":15,"column":32},"end":{"line":45,"column":1}},"line":15}},"branchMap":{},"s":{"0":0,"1":0,"2":0},"f":{"0":0},"b":{}}
,"/Users/ts1298/practice/ReadingTrackerApp2/src/screens/AboutScreen.tsx": {"path":"/Users/ts1298/practice/ReadingTrackerApp2/src/screens/AboutScreen.tsx","statementMap":{"0":{"start":{"line":5,"column":27},"end":{"line":55,"column":1}},"1":{"start":{"line":6,"column":16},"end":{"line":6,"column":26}},"2":{"start":{"line":8,"column":2},"end":{"line":54,"column":4}},"3":{"start":{"line":26,"column":25},"end":{"line":26,"column":64}},"4":{"start":{"line":31,"column":25},"end":{"line":31,"column":62}},"5":{"start":{"line":36,"column":25},"end":{"line":36,"column":60}},"6":{"start":{"line":44,"column":25},"end":{"line":44,"column":71}},"7":{"start":{"line":49,"column":25},"end":{"line":49,"column":70}},"8":{"start":{"line":57,"column":15},"end":{"line":80,"column":2}}},"fnMap":{"0":{"name":"(anonymous_0)","decl":{"start":{"line":5,"column":27},"end":{"line":5,"column":28}},"loc":{"start":{"line":5,"column":33},"end":{"line":55,"column":1}},"line":5},"1":{"name":"(anonymous_1)","decl":{"start":{"line":26,"column":16},"end":{"line":26,"column":17}},"loc":{"start":{"line":26,"column":25},"end":{"line":26,"column":64}},"line":26},"2":{"name":"(anonymous_2)","decl":{"start":{"line":31,"column":16},"end":{"line":31,"column":17}},"loc":{"start":{"line":31,"column":25},"end":{"line":31,"column":62}},"line":31},"3":{"name":"(anonymous_3)","decl":{"start":{"line":36,"column":16},"end":{"line":36,"column":17}},"loc":{"start":{"line":36,"column":25},"end":{"line":36,"column":60}},"line":36},"4":{"name":"(anonymous_4)","decl":{"start":{"line":44,"column":16},"end":{"line":44,"column":17}},"loc":{"start":{"line":44,"column":25},"end":{"line":44,"column":71}},"line":44},"5":{"name":"(anonymous_5)","decl":{"start":{"line":45,"column":19},"end":{"line":45,"column":20}},"loc":{"start":{"line":45,"column":25},"end":{"line":45,"column":27}},"line":45},"6":{"name":"(anonymous_6)","decl":{"start":{"line":49,"column":16},"end":{"line":49,"column":17}},"loc":{"start":{"line":49,"column":25},"end":{"line":49,"column":70}},"line":49},"7":{"name":"(anonymous_7)","decl":{"start":{"line":50,"column":19},"end":{"line":50,"column":20}},"loc":{"start":{"line":50,"column":25},"end":{"line":50,"column":27}},"line":50}},"branchMap":{},"s":{"0":0,"1":0,"2":0,"3":0,"4":0,"5":0,"6":0,"7":0,"8":0},"f":{"0":0,"1":0,"2":0,"3":0,"4":0,"5":0,"6":0,"7":0},"b":{}}
,"/Users/ts1298/practice/ReadingTrackerApp2/src/screens/BookDetailScreen.tsx": {"path":"/Users/ts1298/practice/ReadingTrackerApp2/src/screens/BookDetailScreen.tsx","statementMap":{"0":{"start":{"line":23,"column":85},"end":{"line":274,"column":1}},"1":{"start":{"line":24,"column":21},"end":{"line":24,"column":33}},"2":{"start":{"line":25,"column":19},"end":{"line":25,"column":35}},"3":{"start":{"line":26,"column":15},"end":{"line":26,"column":64}},"4":{"start":{"line":26,"column":41},"end":{"line":26,"column":63}},"5":{"start":{"line":27,"column":15},"end":{"line":29,"column":3}},"6":{"start":{"line":28,"column":4},"end":{"line":28,"column":56}},"7":{"start":{"line":28,"column":40},"end":{"line":28,"column":55}},"8":{"start":{"line":31,"column":42},"end":{"line":31,"column":54}},"9":{"start":{"line":32,"column":42},"end":{"line":32,"column":54}},"10":{"start":{"line":33,"column":42},"end":{"line":33,"column":53}},"11":{"start":{"line":34,"column":38},"end":{"line":34,"column":50}},"12":{"start":{"line":36,"column":2},"end":{"line":42,"column":3}},"13":{"start":{"line":37,"column":4},"end":{"line":41,"column":6}},"14":{"start":{"line":44,"column":19},"end":{"line":44,"column":58}},"15":{"start":{"line":46,"column":28},"end":{"line":93,"column":3}},"16":{"start":{"line":47,"column":4},"end":{"line":47,"column":31}},"17":{"start":{"line":47,"column":24},"end":{"line":47,"column":31}},"18":{"start":{"line":49,"column":17},"end":{"line":49,"column":39}},"19":{"start":{"line":50,"column":4},"end":{"line":53,"column":5}},"20":{"start":{"line":51,"column":6},"end":{"line":51,"column":47}},"21":{"start":{"line":52,"column":6},"end":{"line":52,"column":13}},"22":{"start":{"line":55,"column":31},"end":{"line":60,"column":5}},"23":{"start":{"line":62,"column":4},"end":{"line":77,"column":7}},"24":{"start":{"line":80,"column":4},"end":{"line":89,"column":7}},"25":{"start":{"line":91,"column":4},"end":{"line":91,"column":24}},"26":{"start":{"line":92,"column":4},"end":{"line":92,"column":24}},"27":{"start":{"line":95,"column":26},"end":{"line":141,"column":3}},"28":{"start":{"line":96,"column":4},"end":{"line":96,"column":31}},"29":{"start":{"line":96,"column":24},"end":{"line":96,"column":31}},"30":{"start":{"line":98,"column":4},"end":{"line":101,"column":5}},"31":{"start":{"line":99,"column":6},"end":{"line":99,"column":39}},"32":{"start":{"line":100,"column":6},"end":{"line":100,"column":13}},"33":{"start":{"line":103,"column":27},"end":{"line":108,"column":5}},"34":{"start":{"line":110,"column":4},"end":{"line":125,"column":7}},"35":{"start":{"line":128,"column":4},"end":{"line":137,"column":7}},"36":{"start":{"line":139,"column":4},"end":{"line":139,"column":23}},"37":{"start":{"line":140,"column":4},"end":{"line":140,"column":22}},"38":{"start":{"line":143,"column":2},"end":{"line":273,"column":4}},"39":{"start":{"line":236,"column":14},"end":{"line":244,"column":21}},"40":{"start":{"line":255,"column":14},"end":{"line":267,"column":21}},"41":{"start":{"line":276,"column":15},"end":{"line":363,"column":2}}},"fnMap":{"0":{"name":"(anonymous_0)","decl":{"start":{"line":23,"column":85},"end":{"line":23,"column":86}},"loc":{"start":{"line":23,"column":100},"end":{"line":274,"column":1}},"line":23},"1":{"name":"(anonymous_1)","decl":{"start":{"line":26,"column":30},"end":{"line":26,"column":31}},"loc":{"start":{"line":26,"column":41},"end":{"line":26,"column":63}},"line":26},"2":{"name":"(anonymous_2)","decl":{"start":{"line":27,"column":30},"end":{"line":27,"column":31}},"loc":{"start":{"line":28,"column":4},"end":{"line":28,"column":56}},"line":28},"3":{"name":"(anonymous_3)","decl":{"start":{"line":28,"column":27},"end":{"line":28,"column":28}},"loc":{"start":{"line":28,"column":40},"end":{"line":28,"column":55}},"line":28},"4":{"name":"(anonymous_4)","decl":{"start":{"line":46,"column":28},"end":{"line":46,"column":29}},"loc":{"start":{"line":46,"column":34},"end":{"line":93,"column":3}},"line":46},"5":{"name":"(anonymous_5)","decl":{"start":{"line":95,"column":26},"end":{"line":95,"column":27}},"loc":{"start":{"line":95,"column":32},"end":{"line":141,"column":3}},"line":95},"6":{"name":"(anonymous_6)","decl":{"start":{"line":235,"column":36},"end":{"line":235,"column":37}},"loc":{"start":{"line":236,"column":14},"end":{"line":244,"column":21}},"line":236},"7":{"name":"(anonymous_7)","decl":{"start":{"line":254,"column":34},"end":{"line":254,"column":35}},"loc":{"start":{"line":255,"column":14},"end":{"line":267,"column":21}},"line":255}},"branchMap":{"0":{"loc":{"start":{"line":36,"column":2},"end":{"line":42,"column":3}},"type":"if","locations":[{"start":{"line":36,"column":2},"end":{"line":42,"column":3}},{"start":{},"end":{}}],"line":36},"1":{"loc":{"start":{"line":44,"column":43},"end":{"line":44,"column":57}},"type":"binary-expr","locations":[{"start":{"line":44,"column":43},"end":{"line":44,"column":51}},{"start":{"line":44,"column":55},"end":{"line":44,"column":57}}],"line":44},"2":{"loc":{"start":{"line":47,"column":4},"end":{"line":47,"column":31}},"type":"if","locations":[{"start":{"line":47,"column":4},"end":{"line":47,"column":31}},{"start":{},"end":{}}],"line":47},"3":{"loc":{"start":{"line":47,"column":8},"end":{"line":47,"column":22}},"type":"binary-expr","locations":[{"start":{"line":47,"column":8},"end":{"line":47,"column":13}},{"start":{"line":47,"column":17},"end":{"line":47,"column":22}}],"line":47},"4":{"loc":{"start":{"line":50,"column":4},"end":{"line":53,"column":5}},"type":"if","locations":[{"start":{"line":50,"column":4},"end":{"line":53,"column":5}},{"start":{},"end":{}}],"line":50},"5":{"loc":{"start":{"line":50,"column":8},"end":{"line":50,"column":56}},"type":"binary-expr","locations":[{"start":{"line":50,"column":8},"end":{"line":50,"column":19}},{"start":{"line":50,"column":23},"end":{"line":50,"column":31}},{"start":{"line":50,"column":35},"end":{"line":50,"column":56}}],"line":50},"6":{"loc":{"start":{"line":71,"column":18},"end":{"line":71,"column":67}},"type":"binary-expr","locations":[{"start":{"line":71,"column":18},"end":{"line":71,"column":61}},{"start":{"line":71,"column":65},"end":{"line":71,"column":67}}],"line":71},"7":{"loc":{"start":{"line":96,"column":4},"end":{"line":96,"column":31}},"type":"if","locations":[{"start":{"line":96,"column":4},"end":{"line":96,"column":31}},{"start":{},"end":{}}],"line":96},"8":{"loc":{"start":{"line":96,"column":8},"end":{"line":96,"column":22}},"type":"binary-expr","locations":[{"start":{"line":96,"column":8},"end":{"line":96,"column":13}},{"start":{"line":96,"column":17},"end":{"line":96,"column":22}}],"line":96},"9":{"loc":{"start":{"line":98,"column":4},"end":{"line":101,"column":5}},"type":"if","locations":[{"start":{"line":98,"column":4},"end":{"line":101,"column":5}},{"start":{},"end":{}}],"line":98},"10":{"loc":{"start":{"line":119,"column":18},"end":{"line":119,"column":65}},"type":"binary-expr","locations":[{"start":{"line":119,"column":18},"end":{"line":119,"column":59}},{"start":{"line":119,"column":63},"end":{"line":119,"column":65}}],"line":119},"11":{"loc":{"start":{"line":151,"column":11},"end":{"line":153,"column":11}},"type":"binary-expr","locations":[{"start":{"line":151,"column":11},"end":{"line":151,"column":27}},{"start":{"line":152,"column":12},"end":{"line":152,"column":74}}],"line":151},"12":{"loc":{"start":{"line":155,"column":13},"end":{"line":159,"column":13}},"type":"binary-expr","locations":[{"start":{"line":155,"column":13},"end":{"line":155,"column":31}},{"start":{"line":156,"column":14},"end":{"line":158,"column":21}}],"line":155},"13":{"loc":{"start":{"line":160,"column":13},"end":{"line":164,"column":13}},"type":"binary-expr","locations":[{"start":{"line":160,"column":13},"end":{"line":160,"column":31}},{"start":{"line":161,"column":14},"end":{"line":163,"column":21}}],"line":160},"14":{"loc":{"start":{"line":165,"column":13},"end":{"line":169,"column":13}},"type":"binary-expr","locations":[{"start":{"line":165,"column":13},"end":{"line":165,"column":27}},{"start":{"line":166,"column":14},"end":{"line":168,"column":21}}],"line":165},"15":{"loc":{"start":{"line":231,"column":7},"end":{"line":248,"column":7}},"type":"binary-expr","locations":[{"start":{"line":231,"column":7},"end":{"line":231,"column":26}},{"start":{"line":231,"column":30},"end":{"line":231,"column":59}},{"start":{"line":232,"column":8},"end":{"line":247,"column":15}}],"line":231},"16":{"loc":{"start":{"line":238,"column":17},"end":{"line":240,"column":17}},"type":"binary-expr","locations":[{"start":{"line":238,"column":17},"end":{"line":238,"column":30}},{"start":{"line":239,"column":18},"end":{"line":239,"column":74}}],"line":238},"17":{"loc":{"start":{"line":250,"column":7},"end":{"line":271,"column":7}},"type":"binary-expr","locations":[{"start":{"line":250,"column":7},"end":{"line":250,"column":24}},{"start":{"line":250,"column":28},"end":{"line":250,"column":55}},{"start":{"line":251,"column":8},"end":{"line":270,"column":15}}],"line":250},"18":{"loc":{"start":{"line":261,"column":17},"end":{"line":263,"column":17}},"type":"binary-expr","locations":[{"start":{"line":261,"column":17},"end":{"line":261,"column":28}},{"start":{"line":262,"column":18},"end":{"line":262,"column":70}}],"line":261}},"s":{"0":0,"1":0,"2":0,"3":0,"4":0,"5":0,"6":0,"7":0,"8":0,"9":0,"10":0,"11":0,"12":0,"13":0,"14":0,"15":0,"16":0,"17":0,"18":0,"19":0,"20":0,"21":0,"22":0,"23":0,"24":0,"25":0,"26":0,"27":0,"28":0,"29":0,"30":0,"31":0,"32":0,"33":0,"34":0,"35":0,"36":0,"37":0,"38":0,"39":0,"40":0,"41":0},"f":{"0":0,"1":0,"2":0,"3":0,"4":0,"5":0,"6":0,"7":0},"b":{"0":[0,0],"1":[0,0],"2":[0,0],"3":[0,0],"4":[0,0],"5":[0,0,0],"6":[0,0],"7":[0,0],"8":[0,0],"9":[0,0],"10":[0,0],"11":[0,0],"12":[0,0],"13":[0,0],"14":[0,0],"15":[0,0,0],"16":[0,0],"17":[0,0,0],"18":[0,0]}}
,"/Users/ts1298/practice/ReadingTrackerApp2/src/screens/BookDetailsScreen.tsx": {"path":"/Users/ts1298/practice/ReadingTrackerApp2/src/screens/BookDetailsScreen.tsx","statementMap":{"0":{"start":{"line":10,"column":43},"end":{"line":320,"column":1}},"1":{"start":{"line":11,"column":19},"end":{"line":11,"column":35}},"2":{"start":{"line":12,"column":15},"end":{"line":12,"column":65}},"3":{"start":{"line":12,"column":41},"end":{"line":12,"column":64}},"4":{"start":{"line":13,"column":54},"end":{"line":13,"column":69}},"5":{"start":{"line":14,"column":50},"end":{"line":14,"column":65}},"6":{"start":{"line":15,"column":42},"end":{"line":15,"column":54}},"7":{"start":{"line":16,"column":42},"end":{"line":16,"column":54}},"8":{"start":{"line":17,"column":42},"end":{"line":17,"column":53}},"9":{"start":{"line":18,"column":44},"end":{"line":18,"column":56}},"10":{"start":{"line":19,"column":46},"end":{"line":19,"column":75}},"11":{"start":{"line":20,"column":50},"end":{"line":20,"column":62}},"12":{"start":{"line":21,"column":50},"end":{"line":21,"column":62}},"13":{"start":{"line":22,"column":50},"end":{"line":22,"column":79}},"14":{"start":{"line":23,"column":46},"end":{"line":23,"column":75}},"15":{"start":{"line":25,"column":2},"end":{"line":31,"column":3}},"16":{"start":{"line":26,"column":4},"end":{"line":30,"column":6}},"17":{"start":{"line":33,"column":28},"end":{"line":56,"column":3}},"18":{"start":{"line":34,"column":4},"end":{"line":37,"column":5}},"19":{"start":{"line":35,"column":6},"end":{"line":35,"column":43}},"20":{"start":{"line":36,"column":6},"end":{"line":36,"column":13}},"21":{"start":{"line":39,"column":17},"end":{"line":39,"column":39}},"22":{"start":{"line":40,"column":4},"end":{"line":43,"column":5}},"23":{"start":{"line":41,"column":6},"end":{"line":41,"column":47}},"24":{"start":{"line":42,"column":6},"end":{"line":42,"column":13}},"25":{"start":{"line":45,"column":31},"end":{"line":50,"column":5}},"26":{"start":{"line":52,"column":4},"end":{"line":52,"column":57}},"27":{"start":{"line":53,"column":4},"end":{"line":53,"column":33}},"28":{"start":{"line":54,"column":4},"end":{"line":54,"column":24}},"29":{"start":{"line":55,"column":4},"end":{"line":55,"column":24}},"30":{"start":{"line":58,"column":26},"end":{"line":75,"column":3}},"31":{"start":{"line":59,"column":4},"end":{"line":62,"column":5}},"32":{"start":{"line":60,"column":6},"end":{"line":60,"column":39}},"33":{"start":{"line":61,"column":6},"end":{"line":61,"column":13}},"34":{"start":{"line":64,"column":27},"end":{"line":69,"column":5}},"35":{"start":{"line":71,"column":4},"end":{"line":71,"column":53}},"36":{"start":{"line":72,"column":4},"end":{"line":72,"column":31}},"37":{"start":{"line":73,"column":4},"end":{"line":73,"column":23}},"38":{"start":{"line":74,"column":4},"end":{"line":74,"column":25}},"39":{"start":{"line":77,"column":29},"end":{"line":79,"column":3}},"40":{"start":{"line":78,"column":4},"end":{"line":78,"column":35}},"41":{"start":{"line":81,"column":29},"end":{"line":86,"column":3}},"42":{"start":{"line":82,"column":4},"end":{"line":82,"column":35}},"43":{"start":{"line":83,"column":4},"end":{"line":83,"column":50}},"44":{"start":{"line":84,"column":4},"end":{"line":84,"column":45}},"45":{"start":{"line":85,"column":4},"end":{"line":85,"column":33}},"46":{"start":{"line":88,"column":33},"end":{"line":107,"column":3}},"47":{"start":{"line":89,"column":4},"end":{"line":89,"column":32}},"48":{"start":{"line":89,"column":25},"end":{"line":89,"column":32}},"49":{"start":{"line":90,"column":17},"end":{"line":90,"column":43}},"50":{"start":{"line":91,"column":4},"end":{"line":94,"column":5}},"51":{"start":{"line":92,"column":6},"end":{"line":92,"column":47}},"52":{"start":{"line":93,"column":6},"end":{"line":93,"column":13}},"53":{"start":{"line":95,"column":4},"end":{"line":103,"column":8}},"54":{"start":{"line":101,"column":44},"end":{"line":101,"column":67}},"55":{"start":{"line":104,"column":4},"end":{"line":104,"column":28}},"56":{"start":{"line":105,"column":4},"end":{"line":105,"column":28}},"57":{"start":{"line":106,"column":4},"end":{"line":106,"column":28}},"58":{"start":{"line":109,"column":31},"end":{"line":111,"column":3}},"59":{"start":{"line":110,"column":4},"end":{"line":110,"column":28}},"60":{"start":{"line":113,"column":32},"end":{"line":117,"column":3}},"61":{"start":{"line":114,"column":4},"end":{"line":114,"column":34}},"62":{"start":{"line":114,"column":27},"end":{"line":114,"column":34}},"63":{"start":{"line":115,"column":4},"end":{"line":115,"column":80}},"64":{"start":{"line":116,"column":4},"end":{"line":116,"column":30}},"65":{"start":{"line":119,"column":29},"end":{"line":121,"column":3}},"66":{"start":{"line":120,"column":4},"end":{"line":120,"column":26}},"67":{"start":{"line":123,"column":30},"end":{"line":127,"column":3}},"68":{"start":{"line":124,"column":4},"end":{"line":124,"column":32}},"69":{"start":{"line":124,"column":25},"end":{"line":124,"column":32}},"70":{"start":{"line":125,"column":4},"end":{"line":125,"column":74}},"71":{"start":{"line":126,"column":4},"end":{"line":126,"column":28}},"72":{"start":{"line":129,"column":2},"end":{"line":319,"column":4}},"73":{"start":{"line":162,"column":25},"end":{"line":162,"column":52}},"74":{"start":{"line":169,"column":25},"end":{"line":169,"column":50}},"75":{"start":{"line":181,"column":14},"end":{"line":193,"column":21}},"76":{"start":{"line":190,"column":69},"end":{"line":190,"column":97}},"77":{"start":{"line":191,"column":69},"end":{"line":191,"column":102}},"78":{"start":{"line":204,"column":14},"end":{"line":216,"column":21}},"79":{"start":{"line":215,"column":67},"end":{"line":215,"column":96}},"80":{"start":{"line":223,"column":62},"end":{"line":223,"column":90}},"81":{"start":{"line":243,"column":35},"end":{"line":243,"column":63}},"82":{"start":{"line":248,"column":60},"end":{"line":248,"column":86}},"83":{"start":{"line":266,"column":35},"end":{"line":266,"column":61}},"84":{"start":{"line":271,"column":60},"end":{"line":271,"column":83}},"85":{"start":{"line":291,"column":35},"end":{"line":291,"column":58}},"86":{"start":{"line":296,"column":62},"end":{"line":296,"column":87}},"87":{"start":{"line":302,"column":35},"end":{"line":302,"column":60}},"88":{"start":{"line":307,"column":60},"end":{"line":307,"column":83}},"89":{"start":{"line":313,"column":35},"end":{"line":313,"column":58}},"90":{"start":{"line":322,"column":15},"end":{"line":416,"column":2}}},"fnMap":{"0":{"name":"(anonymous_0)","decl":{"start":{"line":10,"column":43},"end":{"line":10,"column":44}},"loc":{"start":{"line":10,"column":49},"end":{"line":320,"column":1}},"line":10},"1":{"name":"(anonymous_1)","decl":{"start":{"line":12,"column":30},"end":{"line":12,"column":31}},"loc":{"start":{"line":12,"column":41},"end":{"line":12,"column":64}},"line":12},"2":{"name":"(anonymous_2)","decl":{"start":{"line":33,"column":28},"end":{"line":33,"column":29}},"loc":{"start":{"line":33,"column":34},"end":{"line":56,"column":3}},"line":33},"3":{"name":"(anonymous_3)","decl":{"start":{"line":58,"column":26},"end":{"line":58,"column":27}},"loc":{"start":{"line":58,"column":32},"end":{"line":75,"column":3}},"line":58},"4":{"name":"(anonymous_4)","decl":{"start":{"line":77,"column":29},"end":{"line":77,"column":30}},"loc":{"start":{"line":77,"column":35},"end":{"line":79,"column":3}},"line":77},"5":{"name":"(anonymous_5)","decl":{"start":{"line":81,"column":29},"end":{"line":81,"column":30}},"loc":{"start":{"line":81,"column":53},"end":{"line":86,"column":3}},"line":81},"6":{"name":"(anonymous_6)","decl":{"start":{"line":88,"column":33},"end":{"line":88,"column":34}},"loc":{"start":{"line":88,"column":39},"end":{"line":107,"column":3}},"line":88},"7":{"name":"(anonymous_7)","decl":{"start":{"line":101,"column":39},"end":{"line":101,"column":40}},"loc":{"start":{"line":101,"column":44},"end":{"line":101,"column":67}},"line":101},"8":{"name":"(anonymous_8)","decl":{"start":{"line":109,"column":31},"end":{"line":109,"column":32}},"loc":{"start":{"line":109,"column":47},"end":{"line":111,"column":3}},"line":109},"9":{"name":"(anonymous_9)","decl":{"start":{"line":113,"column":32},"end":{"line":113,"column":33}},"loc":{"start":{"line":113,"column":38},"end":{"line":117,"column":3}},"line":113},"10":{"name":"(anonymous_10)","decl":{"start":{"line":119,"column":29},"end":{"line":119,"column":30}},"loc":{"start":{"line":119,"column":45},"end":{"line":121,"column":3}},"line":119},"11":{"name":"(anonymous_11)","decl":{"start":{"line":123,"column":30},"end":{"line":123,"column":31}},"loc":{"start":{"line":123,"column":36},"end":{"line":127,"column":3}},"line":123},"12":{"name":"(anonymous_12)","decl":{"start":{"line":162,"column":19},"end":{"line":162,"column":20}},"loc":{"start":{"line":162,"column":25},"end":{"line":162,"column":52}},"line":162},"13":{"name":"(anonymous_13)","decl":{"start":{"line":169,"column":19},"end":{"line":169,"column":20}},"loc":{"start":{"line":169,"column":25},"end":{"line":169,"column":50}},"line":169},"14":{"name":"(anonymous_14)","decl":{"start":{"line":180,"column":32},"end":{"line":180,"column":33}},"loc":{"start":{"line":181,"column":14},"end":{"line":193,"column":21}},"line":181},"15":{"name":"(anonymous_15)","decl":{"start":{"line":190,"column":63},"end":{"line":190,"column":64}},"loc":{"start":{"line":190,"column":69},"end":{"line":190,"column":97}},"line":190},"16":{"name":"(anonymous_16)","decl":{"start":{"line":191,"column":63},"end":{"line":191,"column":64}},"loc":{"start":{"line":191,"column":69},"end":{"line":191,"column":102}},"line":191},"17":{"name":"(anonymous_17)","decl":{"start":{"line":203,"column":30},"end":{"line":203,"column":31}},"loc":{"start":{"line":204,"column":14},"end":{"line":216,"column":21}},"line":204},"18":{"name":"(anonymous_18)","decl":{"start":{"line":215,"column":61},"end":{"line":215,"column":62}},"loc":{"start":{"line":215,"column":67},"end":{"line":215,"column":96}},"line":215},"19":{"name":"(anonymous_19)","decl":{"start":{"line":223,"column":56},"end":{"line":223,"column":57}},"loc":{"start":{"line":223,"column":62},"end":{"line":223,"column":90}},"line":223},"20":{"name":"(anonymous_20)","decl":{"start":{"line":243,"column":29},"end":{"line":243,"column":30}},"loc":{"start":{"line":243,"column":35},"end":{"line":243,"column":63}},"line":243},"21":{"name":"(anonymous_21)","decl":{"start":{"line":248,"column":54},"end":{"line":248,"column":55}},"loc":{"start":{"line":248,"column":60},"end":{"line":248,"column":86}},"line":248},"22":{"name":"(anonymous_22)","decl":{"start":{"line":266,"column":29},"end":{"line":266,"column":30}},"loc":{"start":{"line":266,"column":35},"end":{"line":266,"column":61}},"line":266},"23":{"name":"(anonymous_23)","decl":{"start":{"line":271,"column":54},"end":{"line":271,"column":55}},"loc":{"start":{"line":271,"column":60},"end":{"line":271,"column":83}},"line":271},"24":{"name":"(anonymous_24)","decl":{"start":{"line":291,"column":29},"end":{"line":291,"column":30}},"loc":{"start":{"line":291,"column":35},"end":{"line":291,"column":58}},"line":291},"25":{"name":"(anonymous_25)","decl":{"start":{"line":296,"column":56},"end":{"line":296,"column":57}},"loc":{"start":{"line":296,"column":62},"end":{"line":296,"column":87}},"line":296},"26":{"name":"(anonymous_26)","decl":{"start":{"line":302,"column":29},"end":{"line":302,"column":30}},"loc":{"start":{"line":302,"column":35},"end":{"line":302,"column":60}},"line":302},"27":{"name":"(anonymous_27)","decl":{"start":{"line":307,"column":54},"end":{"line":307,"column":55}},"loc":{"start":{"line":307,"column":60},"end":{"line":307,"column":83}},"line":307},"28":{"name":"(anonymous_28)","decl":{"start":{"line":313,"column":29},"end":{"line":313,"column":30}},"loc":{"start":{"line":313,"column":35},"end":{"line":313,"column":58}},"line":313}},"branchMap":{"0":{"loc":{"start":{"line":25,"column":2},"end":{"line":31,"column":3}},"type":"if","locations":[{"start":{"line":25,"column":2},"end":{"line":31,"column":3}},{"start":{},"end":{}}],"line":25},"1":{"loc":{"start":{"line":34,"column":4},"end":{"line":37,"column":5}},"type":"if","locations":[{"start":{"line":34,"column":4},"end":{"line":37,"column":5}},{"start":{},"end":{}}],"line":34},"2":{"loc":{"start":{"line":40,"column":4},"end":{"line":43,"column":5}},"type":"if","locations":[{"start":{"line":40,"column":4},"end":{"line":43,"column":5}},{"start":{},"end":{}}],"line":40},"3":{"loc":{"start":{"line":40,"column":8},"end":{"line":40,"column":56}},"type":"binary-expr","locations":[{"start":{"line":40,"column":8},"end":{"line":40,"column":19}},{"start":{"line":40,"column":23},"end":{"line":40,"column":31}},{"start":{"line":40,"column":35},"end":{"line":40,"column":56}}],"line":40},"4":{"loc":{"start":{"line":59,"column":4},"end":{"line":62,"column":5}},"type":"if","locations":[{"start":{"line":59,"column":4},"end":{"line":62,"column":5}},{"start":{},"end":{}}],"line":59},"5":{"loc":{"start":{"line":84,"column":24},"end":{"line":84,"column":43}},"type":"binary-expr","locations":[{"start":{"line":84,"column":24},"end":{"line":84,"column":37}},{"start":{"line":84,"column":41},"end":{"line":84,"column":43}}],"line":84},"6":{"loc":{"start":{"line":89,"column":4},"end":{"line":89,"column":32}},"type":"if","locations":[{"start":{"line":89,"column":4},"end":{"line":89,"column":32}},{"start":{},"end":{}}],"line":89},"7":{"loc":{"start":{"line":91,"column":4},"end":{"line":94,"column":5}},"type":"if","locations":[{"start":{"line":91,"column":4},"end":{"line":94,"column":5}},{"start":{},"end":{}}],"line":91},"8":{"loc":{"start":{"line":91,"column":8},"end":{"line":91,"column":56}},"type":"binary-expr","locations":[{"start":{"line":91,"column":8},"end":{"line":91,"column":19}},{"start":{"line":91,"column":23},"end":{"line":91,"column":31}},{"start":{"line":91,"column":35},"end":{"line":91,"column":56}}],"line":91},"9":{"loc":{"start":{"line":101,"column":19},"end":{"line":101,"column":107}},"type":"binary-expr","locations":[{"start":{"line":101,"column":19},"end":{"line":101,"column":79}},{"start":{"line":101,"column":83},"end":{"line":101,"column":107}}],"line":101},"10":{"loc":{"start":{"line":114,"column":4},"end":{"line":114,"column":34}},"type":"if","locations":[{"start":{"line":114,"column":4},"end":{"line":114,"column":34}},{"start":{},"end":{}}],"line":114},"11":{"loc":{"start":{"line":124,"column":4},"end":{"line":124,"column":32}},"type":"if","locations":[{"start":{"line":124,"column":4},"end":{"line":124,"column":32}},{"start":{},"end":{}}],"line":124},"12":{"loc":{"start":{"line":176,"column":7},"end":{"line":197,"column":7}},"type":"binary-expr","locations":[{"start":{"line":176,"column":7},"end":{"line":176,"column":32}},{"start":{"line":177,"column":8},"end":{"line":196,"column":15}}],"line":176},"13":{"loc":{"start":{"line":183,"column":17},"end":{"line":185,"column":17}},"type":"binary-expr","locations":[{"start":{"line":183,"column":17},"end":{"line":183,"column":30}},{"start":{"line":184,"column":18},"end":{"line":184,"column":74}}],"line":183},"14":{"loc":{"start":{"line":199,"column":7},"end":{"line":220,"column":7}},"type":"binary-expr","locations":[{"start":{"line":199,"column":7},"end":{"line":199,"column":30}},{"start":{"line":200,"column":8},"end":{"line":219,"column":15}}],"line":199}},"s":{"0":0,"1":0,"2":0,"3":0,"4":0,"5":0,"6":0,"7":0,"8":0,"9":0,"10":0,"11":0,"12":0,"13":0,"14":0,"15":0,"16":0,"17":0,"18":0,"19":0,"20":0,"21":0,"22":0,"23":0,"24":0,"25":0,"26":0,"27":0,"28":0,"29":0,"30":0,"31":0,"32":0,"33":0,"34":0,"35":0,"36":0,"37":0,"38":0,"39":0,"40":0,"41":0,"42":0,"43":0,"44":0,"45":0,"46":0,"47":0,"48":0,"49":0,"50":0,"51":0,"52":0,"53":0,"54":0,"55":0,"56":0,"57":0,"58":0,"59":0,"60":0,"61":0,"62":0,"63":0,"64":0,"65":0,"66":0,"67":0,"68":0,"69":0,"70":0,"71":0,"72":0,"73":0,"74":0,"75":0,"76":0,"77":0,"78":0,"79":0,"80":0,"81":0,"82":0,"83":0,"84":0,"85":0,"86":0,"87":0,"88":0,"89":0,"90":0},"f":{"0":0,"1":0,"2":0,"3":0,"4":0,"5":0,"6":0,"7":0,"8":0,"9":0,"10":0,"11":0,"12":0,"13":0,"14":0,"15":0,"16":0,"17":0,"18":0,"19":0,"20":0,"21":0,"22":0,"23":0,"24":0,"25":0,"26":0,"27":0,"28":0},"b":{"0":[0,0],"1":[0,0],"2":[0,0],"3":[0,0,0],"4":[0,0],"5":[0,0],"6":[0,0],"7":[0,0],"8":[0,0,0],"9":[0,0],"10":[0,0],"11":[0,0],"12":[0,0],"13":[0,0],"14":[0,0]}}
,"/Users/ts1298/practice/ReadingTrackerApp2/src/screens/BookmarkListScreen.tsx": {"path":"/Users/ts1298/practice/ReadingTrackerApp2/src/screens/BookmarkListScreen.tsx","statementMap":{"0":{"start":{"line":11,"column":69},"end":{"line":19,"column":1}},"1":{"start":{"line":12,"column":21},"end":{"line":12,"column":33}},"2":{"start":{"line":14,"column":2},"end":{"line":18,"column":4}},"3":{"start":{"line":21,"column":15},"end":{"line":26,"column":2}}},"fnMap":{"0":{"name":"(anonymous_0)","decl":{"start":{"line":11,"column":69},"end":{"line":11,"column":70}},"loc":{"start":{"line":11,"column":84},"end":{"line":19,"column":1}},"line":11}},"branchMap":{},"s":{"0":0,"1":0,"2":0,"3":0},"f":{"0":0},"b":{}}
,"/Users/ts1298/practice/ReadingTrackerApp2/src/screens/HomeScreen.styles.ts": {"path":"/Users/ts1298/practice/ReadingTrackerApp2/src/screens/HomeScreen.styles.ts","statementMap":{"0":{"start":{"line":4,"column":22},"end":{"line":20,"column":2}}},"fnMap":{},"branchMap":{},"s":{"0":0},"f":{},"b":{}}
,"/Users/ts1298/practice/ReadingTrackerApp2/src/screens/HomeScreen.tsx": {"path":"/Users/ts1298/practice/ReadingTrackerApp2/src/screens/HomeScreen.tsx","statementMap":{"0":{"start":{"line":12,"column":26},"end":{"line":101,"column":1}},"1":{"start":{"line":13,"column":21},"end":{"line":13,"column":62}},"2":{"start":{"line":14,"column":16},"end":{"line":14,"column":60}},"3":{"start":{"line":14,"column":42},"end":{"line":14,"column":59}},"4":{"start":{"line":15,"column":16},"end":{"line":15,"column":26}},"5":{"start":{"line":17,"column":26},"end":{"line":19,"column":3}},"6":{"start":{"line":18,"column":4},"end":{"line":18,"column":50}},"7":{"start":{"line":21,"column":22},"end":{"line":24,"column":3}},"8":{"start":{"line":22,"column":4},"end":{"line":22,"column":58}},"9":{"start":{"line":22,"column":49},"end":{"line":22,"column":58}},"10":{"start":{"line":23,"column":4},"end":{"line":23,"column":52}},"11":{"start":{"line":26,"column":28},"end":{"line":35,"column":3}},"12":{"start":{"line":27,"column":4},"end":{"line":34,"column":6}},"13":{"start":{"line":37,"column":27},"end":{"line":57,"column":3}},"14":{"start":{"line":38,"column":4},"end":{"line":56,"column":11}},"15":{"start":{"line":59,"column":25},"end":{"line":88,"column":3}},"16":{"start":{"line":60,"column":4},"end":{"line":87,"column":11}},"17":{"start":{"line":60,"column":45},"end":{"line":60,"column":69}},"18":{"start":{"line":83,"column":31},"end":{"line":83,"column":85}},"19":{"start":{"line":90,"column":2},"end":{"line":100,"column":4}},"20":{"start":{"line":95,"column":32},"end":{"line":95,"column":39}},"21":{"start":{"line":103,"column":15},"end":{"line":157,"column":2}}},"fnMap":{"0":{"name":"(anonymous_0)","decl":{"start":{"line":12,"column":26},"end":{"line":12,"column":27}},"loc":{"start":{"line":12,"column":32},"end":{"line":101,"column":1}},"line":12},"1":{"name":"(anonymous_1)","decl":{"start":{"line":14,"column":31},"end":{"line":14,"column":32}},"loc":{"start":{"line":14,"column":42},"end":{"line":14,"column":59}},"line":14},"2":{"name":"(anonymous_2)","decl":{"start":{"line":17,"column":26},"end":{"line":17,"column":27}},"loc":{"start":{"line":17,"column":46},"end":{"line":19,"column":3}},"line":17},"3":{"name":"(anonymous_3)","decl":{"start":{"line":21,"column":22},"end":{"line":21,"column":23}},"loc":{"start":{"line":21,"column":38},"end":{"line":24,"column":3}},"line":21},"4":{"name":"(anonymous_4)","decl":{"start":{"line":26,"column":28},"end":{"line":26,"column":29}},"loc":{"start":{"line":26,"column":34},"end":{"line":35,"column":3}},"line":26},"5":{"name":"(anonymous_5)","decl":{"start":{"line":37,"column":27},"end":{"line":37,"column":28}},"loc":{"start":{"line":38,"column":4},"end":{"line":56,"column":11}},"line":38},"6":{"name":"(anonymous_6)","decl":{"start":{"line":59,"column":25},"end":{"line":59,"column":26}},"loc":{"start":{"line":60,"column":4},"end":{"line":87,"column":11}},"line":60},"7":{"name":"(anonymous_7)","decl":{"start":{"line":60,"column":39},"end":{"line":60,"column":40}},"loc":{"start":{"line":60,"column":45},"end":{"line":60,"column":69}},"line":60},"8":{"name":"(anonymous_8)","decl":{"start":{"line":83,"column":25},"end":{"line":83,"column":26}},"loc":{"start":{"line":83,"column":31},"end":{"line":83,"column":85}},"line":83},"9":{"name":"(anonymous_9)","decl":{"start":{"line":95,"column":22},"end":{"line":95,"column":23}},"loc":{"start":{"line":95,"column":32},"end":{"line":95,"column":39}},"line":95}},"branchMap":{"0":{"loc":{"start":{"line":22,"column":4},"end":{"line":22,"column":58}},"type":"if","locations":[{"start":{"line":22,"column":4},"end":{"line":22,"column":58}},{"start":{},"end":{}}],"line":22},"1":{"loc":{"start":{"line":22,"column":8},"end":{"line":22,"column":47}},"type":"binary-expr","locations":[{"start":{"line":22,"column":8},"end":{"line":22,"column":23}},{"start":{"line":22,"column":27},"end":{"line":22,"column":47}}],"line":22},"2":{"loc":{"start":{"line":23,"column":12},"end":{"line":23,"column":33}},"type":"binary-expr","locations":[{"start":{"line":23,"column":12},"end":{"line":23,"column":28}},{"start":{"line":23,"column":32},"end":{"line":23,"column":33}}],"line":23},"3":{"loc":{"start":{"line":69,"column":13},"end":{"line":69,"column":34}},"type":"binary-expr","locations":[{"start":{"line":69,"column":13},"end":{"line":69,"column":29}},{"start":{"line":69,"column":33},"end":{"line":69,"column":34}}],"line":69},"4":{"loc":{"start":{"line":69,"column":39},"end":{"line":69,"column":60}},"type":"binary-expr","locations":[{"start":{"line":69,"column":39},"end":{"line":69,"column":53}},{"start":{"line":69,"column":57},"end":{"line":69,"column":60}}],"line":69},"5":{"loc":{"start":{"line":78,"column":15},"end":{"line":79,"column":61}},"type":"cond-expr","locations":[{"start":{"line":78,"column":43},"end":{"line":78,"column":49}},{"start":{"line":79,"column":17},"end":{"line":79,"column":61}}],"line":78},"6":{"loc":{"start":{"line":79,"column":17},"end":{"line":79,"column":61}},"type":"cond-expr","locations":[{"start":{"line":79,"column":47},"end":{"line":79,"column":51}},{"start":{"line":79,"column":54},"end":{"line":79,"column":61}}],"line":79}},"s":{"0":0,"1":0,"2":0,"3":0,"4":0,"5":0,"6":0,"7":0,"8":0,"9":0,"10":0,"11":0,"12":0,"13":0,"14":0,"15":0,"16":0,"17":0,"18":0,"19":0,"20":0,"21":0},"f":{"0":0,"1":0,"2":0,"3":0,"4":0,"5":0,"6":0,"7":0,"8":0,"9":0},"b":{"0":[0,0],"1":[0,0],"2":[0,0],"3":[0,0],"4":[0,0],"5":[0,0],"6":[0,0]}}
,"/Users/ts1298/practice/ReadingTrackerApp2/src/screens/NotificationSettingsScreen.tsx": {"path":"/Users/ts1298/practice/ReadingTrackerApp2/src/screens/NotificationSettingsScreen.tsx","statementMap":{"0":{"start":{"line":6,"column":42},"end":{"line":64,"column":1}},"1":{"start":{"line":7,"column":19},"end":{"line":7,"column":35}},"2":{"start":{"line":8,"column":19},"end":{"line":8,"column":60}},"3":{"start":{"line":8,"column":45},"end":{"line":8,"column":59}},"4":{"start":{"line":10,"column":36},"end":{"line":12,"column":3}},"5":{"start":{"line":14,"column":35},"end":{"line":16,"column":3}},"6":{"start":{"line":18,"column":32},"end":{"line":20,"column":3}},"7":{"start":{"line":22,"column":2},"end":{"line":63,"column":4}},"8":{"start":{"line":29,"column":25},"end":{"line":29,"column":62}},"9":{"start":{"line":31,"column":12},"end":{"line":34,"column":14}},"10":{"start":{"line":41,"column":25},"end":{"line":41,"column":61}},"11":{"start":{"line":43,"column":12},"end":{"line":46,"column":14}},"12":{"start":{"line":53,"column":25},"end":{"line":53,"column":65}},"13":{"start":{"line":55,"column":12},"end":{"line":58,"column":14}},"14":{"start":{"line":66,"column":15},"end":{"line":71,"column":2}}},"fnMap":{"0":{"name":"(anonymous_0)","decl":{"start":{"line":6,"column":42},"end":{"line":6,"column":43}},"loc":{"start":{"line":6,"column":48},"end":{"line":64,"column":1}},"line":6},"1":{"name":"(anonymous_1)","decl":{"start":{"line":8,"column":34},"end":{"line":8,"column":35}},"loc":{"start":{"line":8,"column":45},"end":{"line":8,"column":59}},"line":8},"2":{"name":"(anonymous_2)","decl":{"start":{"line":10,"column":36},"end":{"line":10,"column":37}},"loc":{"start":{"line":10,"column":42},"end":{"line":12,"column":3}},"line":10},"3":{"name":"(anonymous_3)","decl":{"start":{"line":14,"column":35},"end":{"line":14,"column":36}},"loc":{"start":{"line":14,"column":41},"end":{"line":16,"column":3}},"line":14},"4":{"name":"(anonymous_4)","decl":{"start":{"line":18,"column":32},"end":{"line":18,"column":33}},"loc":{"start":{"line":18,"column":38},"end":{"line":20,"column":3}},"line":18},"5":{"name":"(anonymous_5)","decl":{"start":{"line":29,"column":16},"end":{"line":29,"column":17}},"loc":{"start":{"line":29,"column":25},"end":{"line":29,"column":62}},"line":29},"6":{"name":"(anonymous_6)","decl":{"start":{"line":30,"column":17},"end":{"line":30,"column":18}},"loc":{"start":{"line":31,"column":12},"end":{"line":34,"column":14}},"line":31},"7":{"name":"(anonymous_7)","decl":{"start":{"line":41,"column":16},"end":{"line":41,"column":17}},"loc":{"start":{"line":41,"column":25},"end":{"line":41,"column":61}},"line":41},"8":{"name":"(anonymous_8)","decl":{"start":{"line":42,"column":17},"end":{"line":42,"column":18}},"loc":{"start":{"line":43,"column":12},"end":{"line":46,"column":14}},"line":43},"9":{"name":"(anonymous_9)","decl":{"start":{"line":53,"column":16},"end":{"line":53,"column":17}},"loc":{"start":{"line":53,"column":25},"end":{"line":53,"column":65}},"line":53},"10":{"name":"(anonymous_10)","decl":{"start":{"line":54,"column":17},"end":{"line":54,"column":18}},"loc":{"start":{"line":55,"column":12},"end":{"line":58,"column":14}},"line":55}},"branchMap":{},"s":{"0":0,"1":0,"2":0,"3":0,"4":0,"5":0,"6":0,"7":0,"8":0,"9":0,"10":0,"11":0,"12":0,"13":0,"14":0},"f":{"0":0,"1":0,"2":0,"3":0,"4":0,"5":0,"6":0,"7":0,"8":0,"9":0,"10":0},"b":{}}
,"/Users/ts1298/practice/ReadingTrackerApp2/src/screens/ProfileScreen.tsx": {"path":"/Users/ts1298/practice/ReadingTrackerApp2/src/screens/ProfileScreen.tsx","statementMap":{"0":{"start":{"line":6,"column":29},"end":{"line":50,"column":1}},"1":{"start":{"line":7,"column":15},"end":{"line":7,"column":64}},"2":{"start":{"line":7,"column":41},"end":{"line":7,"column":63}},"3":{"start":{"line":9,"column":2},"end":{"line":49,"column":4}},"4":{"start":{"line":25,"column":25},"end":{"line":25,"column":61}},"5":{"start":{"line":30,"column":25},"end":{"line":30,"column":79}},"6":{"start":{"line":35,"column":25},"end":{"line":35,"column":65}},"7":{"start":{"line":52,"column":15},"end":{"line":79,"column":2}}},"fnMap":{"0":{"name":"(anonymous_0)","decl":{"start":{"line":6,"column":29},"end":{"line":6,"column":30}},"loc":{"start":{"line":6,"column":35},"end":{"line":50,"column":1}},"line":6},"1":{"name":"(anonymous_1)","decl":{"start":{"line":7,"column":30},"end":{"line":7,"column":31}},"loc":{"start":{"line":7,"column":41},"end":{"line":7,"column":63}},"line":7},"2":{"name":"(anonymous_2)","decl":{"start":{"line":25,"column":16},"end":{"line":25,"column":17}},"loc":{"start":{"line":25,"column":25},"end":{"line":25,"column":61}},"line":25},"3":{"name":"(anonymous_3)","decl":{"start":{"line":30,"column":16},"end":{"line":30,"column":17}},"loc":{"start":{"line":30,"column":25},"end":{"line":30,"column":79}},"line":30},"4":{"name":"(anonymous_4)","decl":{"start":{"line":35,"column":16},"end":{"line":35,"column":17}},"loc":{"start":{"line":35,"column":25},"end":{"line":35,"column":65}},"line":35},"5":{"name":"(anonymous_5)","decl":{"start":{"line":42,"column":19},"end":{"line":42,"column":20}},"loc":{"start":{"line":42,"column":25},"end":{"line":42,"column":27}},"line":42}},"branchMap":{"0":{"loc":{"start":{"line":14,"column":17},"end":{"line":14,"column":46}},"type":"binary-expr","locations":[{"start":{"line":14,"column":17},"end":{"line":14,"column":39}},{"start":{"line":14,"column":43},"end":{"line":14,"column":46}}],"line":14},"1":{"loc":{"start":{"line":16,"column":35},"end":{"line":16,"column":61}},"type":"binary-expr","locations":[{"start":{"line":16,"column":35},"end":{"line":16,"column":52}},{"start":{"line":16,"column":56},"end":{"line":16,"column":61}}],"line":16},"2":{"loc":{"start":{"line":17,"column":36},"end":{"line":17,"column":63}},"type":"binary-expr","locations":[{"start":{"line":17,"column":36},"end":{"line":17,"column":47}},{"start":{"line":17,"column":51},"end":{"line":17,"column":63}}],"line":17}},"s":{"0":0,"1":0,"2":0,"3":0,"4":0,"5":0,"6":0,"7":0},"f":{"0":0,"1":0,"2":0,"3":0,"4":0,"5":0},"b":{"0":[0,0],"1":[0,0],"2":[0,0]}}
,"/Users/ts1298/practice/ReadingTrackerApp2/src/screens/ReadingGoalsScreen.tsx": {"path":"/Users/ts1298/practice/ReadingTrackerApp2/src/screens/ReadingGoalsScreen.tsx","statementMap":{"0":{"start":{"line":7,"column":34},"end":{"line":147,"column":1}},"1":{"start":{"line":8,"column":16},"end":{"line":8,"column":26}},"2":{"start":{"line":9,"column":19},"end":{"line":9,"column":35}},"3":{"start":{"line":10,"column":16},"end":{"line":10,"column":54}},"4":{"start":{"line":10,"column":42},"end":{"line":10,"column":53}},"5":{"start":{"line":11,"column":16},"end":{"line":11,"column":60}},"6":{"start":{"line":11,"column":42},"end":{"line":11,"column":59}},"7":{"start":{"line":13,"column":36},"end":{"line":13,"column":51}},"8":{"start":{"line":14,"column":38},"end":{"line":14,"column":75}},"9":{"start":{"line":15,"column":40},"end":{"line":15,"column":78}},"10":{"start":{"line":16,"column":38},"end":{"line":16,"column":75}},"11":{"start":{"line":18,"column":25},"end":{"line":18,"column":81}},"12":{"start":{"line":18,"column":46},"end":{"line":18,"column":73}},"13":{"start":{"line":19,"column":25},"end":{"line":25,"column":11}},"14":{"start":{"line":20,"column":20},"end":{"line":20,"column":48}},"15":{"start":{"line":21,"column":16},"end":{"line":21,"column":26}},"16":{"start":{"line":22,"column":4},"end":{"line":24,"column":55}},"17":{"start":{"line":26,"column":24},"end":{"line":31,"column":11}},"18":{"start":{"line":27,"column":20},"end":{"line":27,"column":48}},"19":{"start":{"line":28,"column":16},"end":{"line":28,"column":26}},"20":{"start":{"line":29,"column":22},"end":{"line":29,"column":73}},"21":{"start":{"line":30,"column":4},"end":{"line":30,"column":63}},"22":{"start":{"line":33,"column":25},"end":{"line":33,"column":66}},"23":{"start":{"line":34,"column":26},"end":{"line":34,"column":68}},"24":{"start":{"line":35,"column":25},"end":{"line":35,"column":65}},"25":{"start":{"line":37,"column":26},"end":{"line":59,"column":3}},"26":{"start":{"line":38,"column":26},"end":{"line":38,"column":46}},"27":{"start":{"line":39,"column":27},"end":{"line":39,"column":48}},"28":{"start":{"line":40,"column":26},"end":{"line":40,"column":46}},"29":{"start":{"line":42,"column":4},"end":{"line":45,"column":5}},"30":{"start":{"line":43,"column":6},"end":{"line":43,"column":43}},"31":{"start":{"line":44,"column":6},"end":{"line":44,"column":13}},"32":{"start":{"line":47,"column":4},"end":{"line":50,"column":5}},"33":{"start":{"line":48,"column":6},"end":{"line":48,"column":43}},"34":{"start":{"line":49,"column":6},"end":{"line":49,"column":13}},"35":{"start":{"line":52,"column":4},"end":{"line":56,"column":8}},"36":{"start":{"line":58,"column":4},"end":{"line":58,"column":24}},"37":{"start":{"line":61,"column":2},"end":{"line":146,"column":4}},"38":{"start":{"line":107,"column":23},"end":{"line":107,"column":41}},"39":{"start":{"line":114,"column":53},"end":{"line":114,"column":72}},"40":{"start":{"line":140,"column":35},"end":{"line":140,"column":54}},"41":{"start":{"line":149,"column":15},"end":{"line":177,"column":2}}},"fnMap":{"0":{"name":"(anonymous_0)","decl":{"start":{"line":7,"column":34},"end":{"line":7,"column":35}},"loc":{"start":{"line":7,"column":40},"end":{"line":147,"column":1}},"line":7},"1":{"name":"(anonymous_1)","decl":{"start":{"line":10,"column":31},"end":{"line":10,"column":32}},"loc":{"start":{"line":10,"column":42},"end":{"line":10,"column":53}},"line":10},"2":{"name":"(anonymous_2)","decl":{"start":{"line":11,"column":31},"end":{"line":11,"column":32}},"loc":{"start":{"line":11,"column":42},"end":{"line":11,"column":59}},"line":11},"3":{"name":"(anonymous_3)","decl":{"start":{"line":18,"column":38},"end":{"line":18,"column":39}},"loc":{"start":{"line":18,"column":46},"end":{"line":18,"column":73}},"line":18},"4":{"name":"(anonymous_4)","decl":{"start":{"line":19,"column":38},"end":{"line":19,"column":39}},"loc":{"start":{"line":19,"column":46},"end":{"line":25,"column":3}},"line":19},"5":{"name":"(anonymous_5)","decl":{"start":{"line":26,"column":37},"end":{"line":26,"column":38}},"loc":{"start":{"line":26,"column":45},"end":{"line":31,"column":3}},"line":26},"6":{"name":"(anonymous_6)","decl":{"start":{"line":37,"column":26},"end":{"line":37,"column":27}},"loc":{"start":{"line":37,"column":32},"end":{"line":59,"column":3}},"line":37},"7":{"name":"(anonymous_7)","decl":{"start":{"line":107,"column":17},"end":{"line":107,"column":18}},"loc":{"start":{"line":107,"column":23},"end":{"line":107,"column":41}},"line":107},"8":{"name":"(anonymous_8)","decl":{"start":{"line":114,"column":47},"end":{"line":114,"column":48}},"loc":{"start":{"line":114,"column":53},"end":{"line":114,"column":72}},"line":114},"9":{"name":"(anonymous_9)","decl":{"start":{"line":140,"column":29},"end":{"line":140,"column":30}},"loc":{"start":{"line":140,"column":35},"end":{"line":140,"column":54}},"line":140}},"branchMap":{"0":{"loc":{"start":{"line":20,"column":29},"end":{"line":20,"column":47}},"type":"binary-expr","locations":[{"start":{"line":20,"column":29},"end":{"line":20,"column":41}},{"start":{"line":20,"column":45},"end":{"line":20,"column":47}}],"line":20},"1":{"loc":{"start":{"line":22,"column":11},"end":{"line":24,"column":54}},"type":"binary-expr","locations":[{"start":{"line":22,"column":11},"end":{"line":22,"column":38}},{"start":{"line":23,"column":11},"end":{"line":23,"column":48}},{"start":{"line":24,"column":11},"end":{"line":24,"column":54}}],"line":22},"2":{"loc":{"start":{"line":27,"column":29},"end":{"line":27,"column":47}},"type":"binary-expr","locations":[{"start":{"line":27,"column":29},"end":{"line":27,"column":41}},{"start":{"line":27,"column":45},"end":{"line":27,"column":47}}],"line":27},"3":{"loc":{"start":{"line":30,"column":11},"end":{"line":30,"column":62}},"type":"binary-expr","locations":[{"start":{"line":30,"column":11},"end":{"line":30,"column":38}},{"start":{"line":30,"column":42},"end":{"line":30,"column":62}}],"line":30},"4":{"loc":{"start":{"line":42,"column":4},"end":{"line":45,"column":5}},"type":"if","locations":[{"start":{"line":42,"column":4},"end":{"line":45,"column":5}},{"start":{},"end":{}}],"line":42},"5":{"loc":{"start":{"line":42,"column":8},"end":{"line":42,"column":77}},"type":"binary-expr","locations":[{"start":{"line":42,"column":8},"end":{"line":42,"column":28}},{"start":{"line":42,"column":32},"end":{"line":42,"column":53}},{"start":{"line":42,"column":57},"end":{"line":42,"column":77}}],"line":42},"6":{"loc":{"start":{"line":47,"column":4},"end":{"line":50,"column":5}},"type":"if","locations":[{"start":{"line":47,"column":4},"end":{"line":50,"column":5}},{"start":{},"end":{}}],"line":47},"7":{"loc":{"start":{"line":47,"column":8},"end":{"line":47,"column":68}},"type":"binary-expr","locations":[{"start":{"line":47,"column":8},"end":{"line":47,"column":25}},{"start":{"line":47,"column":29},"end":{"line":47,"column":47}},{"start":{"line":47,"column":51},"end":{"line":47,"column":68}}],"line":47}},"s":{"0":0,"1":0,"2":0,"3":0,"4":0,"5":0,"6":0,"7":0,"8":0,"9":0,"10":0,"11":0,"12":0,"13":0,"14":0,"15":0,"16":0,"17":0,"18":0,"19":0,"20":0,"21":0,"22":0,"23":0,"24":0,"25":0,"26":0,"27":0,"28":0,"29":0,"30":0,"31":0,"32":0,"33":0,"34":0,"35":0,"36":0,"37":0,"38":0,"39":0,"40":0,"41":0},"f":{"0":0,"1":0,"2":0,"3":0,"4":0,"5":0,"6":0,"7":0,"8":0,"9":0},"b":{"0":[0,0],"1":[0,0,0],"2":[0,0],"3":[0,0],"4":[0,0],"5":[0,0,0],"6":[0,0],"7":[0,0,0]}}
,"/Users/ts1298/practice/ReadingTrackerApp2/src/screens/ReadingSessionScreen.tsx": {"path":"/Users/ts1298/practice/ReadingTrackerApp2/src/screens/ReadingSessionScreen.tsx","statementMap":{"0":{"start":{"line":10,"column":46},"end":{"line":196,"column":1}},"1":{"start":{"line":11,"column":19},"end":{"line":11,"column":35}},"2":{"start":{"line":12,"column":22},"end":{"line":12,"column":72}},"3":{"start":{"line":12,"column":48},"end":{"line":12,"column":71}},"4":{"start":{"line":13,"column":34},"end":{"line":13,"column":45}},"5":{"start":{"line":14,"column":34},"end":{"line":14,"column":49}},"6":{"start":{"line":15,"column":38},"end":{"line":15,"column":49}},"7":{"start":{"line":16,"column":36},"end":{"line":16,"column":48}},"8":{"start":{"line":17,"column":32},"end":{"line":17,"column":44}},"9":{"start":{"line":18,"column":28},"end":{"line":18,"column":40}},"10":{"start":{"line":19,"column":40},"end":{"line":19,"column":55}},"11":{"start":{"line":21,"column":2},"end":{"line":29,"column":17}},"12":{"start":{"line":23,"column":4},"end":{"line":27,"column":5}},"13":{"start":{"line":24,"column":6},"end":{"line":26,"column":15}},"14":{"start":{"line":25,"column":8},"end":{"line":25,"column":40}},"15":{"start":{"line":25,"column":30},"end":{"line":25,"column":38}},"16":{"start":{"line":28,"column":4},"end":{"line":28,"column":38}},"17":{"start":{"line":28,"column":17},"end":{"line":28,"column":37}},"18":{"start":{"line":31,"column":21},"end":{"line":36,"column":3}},"19":{"start":{"line":32,"column":18},"end":{"line":32,"column":44}},"20":{"start":{"line":33,"column":20},"end":{"line":33,"column":53}},"21":{"start":{"line":34,"column":17},"end":{"line":34,"column":29}},"22":{"start":{"line":35,"column":4},"end":{"line":35,"column":125}},"23":{"start":{"line":38,"column":22},"end":{"line":41,"column":3}},"24":{"start":{"line":39,"column":4},"end":{"line":39,"column":22}},"25":{"start":{"line":40,"column":4},"end":{"line":40,"column":28}},"26":{"start":{"line":43,"column":23},"end":{"line":45,"column":3}},"27":{"start":{"line":44,"column":4},"end":{"line":44,"column":23}},"28":{"start":{"line":47,"column":27},"end":{"line":84,"column":3}},"29":{"start":{"line":48,"column":4},"end":{"line":51,"column":5}},"30":{"start":{"line":49,"column":6},"end":{"line":49,"column":52}},"31":{"start":{"line":50,"column":6},"end":{"line":50,"column":13}},"32":{"start":{"line":53,"column":18},"end":{"line":53,"column":37}},"33":{"start":{"line":54,"column":16},"end":{"line":54,"column":33}},"34":{"start":{"line":55,"column":22},"end":{"line":55,"column":33}},"35":{"start":{"line":57,"column":4},"end":{"line":60,"column":5}},"36":{"start":{"line":58,"column":6},"end":{"line":58,"column":47}},"37":{"start":{"line":59,"column":6},"end":{"line":59,"column":13}},"38":{"start":{"line":62,"column":4},"end":{"line":83,"column":5}},"39":{"start":{"line":63,"column":22},"end":{"line":69,"column":7}},"40":{"start":{"line":71,"column":6},"end":{"line":71,"column":71}},"41":{"start":{"line":72,"column":6},"end":{"line":72,"column":58}},"42":{"start":{"line":73,"column":6},"end":{"line":73,"column":40}},"43":{"start":{"line":74,"column":6},"end":{"line":80,"column":10}},"44":{"start":{"line":82,"column":6},"end":{"line":82,"column":27}},"45":{"start":{"line":86,"column":29},"end":{"line":92,"column":3}},"46":{"start":{"line":87,"column":4},"end":{"line":87,"column":26}},"47":{"start":{"line":88,"column":4},"end":{"line":88,"column":19}},"48":{"start":{"line":89,"column":4},"end":{"line":89,"column":21}},"49":{"start":{"line":90,"column":4},"end":{"line":90,"column":19}},"50":{"start":{"line":91,"column":4},"end":{"line":91,"column":17}},"51":{"start":{"line":94,"column":2},"end":{"line":101,"column":3}},"52":{"start":{"line":95,"column":4},"end":{"line":100,"column":6}},"53":{"start":{"line":103,"column":19},"end":{"line":103,"column":74}},"54":{"start":{"line":105,"column":2},"end":{"line":195,"column":4}},"55":{"start":{"line":198,"column":15},"end":{"line":255,"column":2}}},"fnMap":{"0":{"name":"(anonymous_0)","decl":{"start":{"line":10,"column":46},"end":{"line":10,"column":47}},"loc":{"start":{"line":10,"column":52},"end":{"line":196,"column":1}},"line":10},"1":{"name":"(anonymous_1)","decl":{"start":{"line":12,"column":37},"end":{"line":12,"column":38}},"loc":{"start":{"line":12,"column":48},"end":{"line":12,"column":71}},"line":12},"2":{"name":"(anonymous_2)","decl":{"start":{"line":21,"column":12},"end":{"line":21,"column":13}},"loc":{"start":{"line":21,"column":18},"end":{"line":29,"column":3}},"line":21},"3":{"name":"(anonymous_3)","decl":{"start":{"line":24,"column":26},"end":{"line":24,"column":27}},"loc":{"start":{"line":24,"column":32},"end":{"line":26,"column":7}},"line":24},"4":{"name":"(anonymous_4)","decl":{"start":{"line":25,"column":20},"end":{"line":25,"column":21}},"loc":{"start":{"line":25,"column":30},"end":{"line":25,"column":38}},"line":25},"5":{"name":"(anonymous_5)","decl":{"start":{"line":28,"column":11},"end":{"line":28,"column":12}},"loc":{"start":{"line":28,"column":17},"end":{"line":28,"column":37}},"line":28},"6":{"name":"(anonymous_6)","decl":{"start":{"line":31,"column":21},"end":{"line":31,"column":22}},"loc":{"start":{"line":31,"column":42},"end":{"line":36,"column":3}},"line":31},"7":{"name":"(anonymous_7)","decl":{"start":{"line":38,"column":22},"end":{"line":38,"column":23}},"loc":{"start":{"line":38,"column":28},"end":{"line":41,"column":3}},"line":38},"8":{"name":"(anonymous_8)","decl":{"start":{"line":43,"column":23},"end":{"line":43,"column":24}},"loc":{"start":{"line":43,"column":29},"end":{"line":45,"column":3}},"line":43},"9":{"name":"(anonymous_9)","decl":{"start":{"line":47,"column":27},"end":{"line":47,"column":28}},"loc":{"start":{"line":47,"column":33},"end":{"line":84,"column":3}},"line":47},"10":{"name":"(anonymous_10)","decl":{"start":{"line":86,"column":29},"end":{"line":86,"column":30}},"loc":{"start":{"line":86,"column":35},"end":{"line":92,"column":3}},"line":86}},"branchMap":{"0":{"loc":{"start":{"line":23,"column":4},"end":{"line":27,"column":5}},"type":"if","locations":[{"start":{"line":23,"column":4},"end":{"line":27,"column":5}},{"start":{},"end":{}}],"line":23},"1":{"loc":{"start":{"line":48,"column":4},"end":{"line":51,"column":5}},"type":"if","locations":[{"start":{"line":48,"column":4},"end":{"line":51,"column":5}},{"start":{},"end":{}}],"line":48},"2":{"loc":{"start":{"line":48,"column":8},"end":{"line":48,"column":30}},"type":"binary-expr","locations":[{"start":{"line":48,"column":8},"end":{"line":48,"column":18}},{"start":{"line":48,"column":22},"end":{"line":48,"column":30}}],"line":48},"3":{"loc":{"start":{"line":57,"column":4},"end":{"line":60,"column":5}},"type":"if","locations":[{"start":{"line":57,"column":4},"end":{"line":60,"column":5}},{"start":{},"end":{}}],"line":57},"4":{"loc":{"start":{"line":57,"column":8},"end":{"line":57,"column":51}},"type":"binary-expr","locations":[{"start":{"line":57,"column":8},"end":{"line":57,"column":20}},{"start":{"line":57,"column":24},"end":{"line":57,"column":34}},{"start":{"line":57,"column":38},"end":{"line":57,"column":51}}],"line":57},"5":{"loc":{"start":{"line":62,"column":4},"end":{"line":83,"column":5}},"type":"if","locations":[{"start":{"line":62,"column":4},"end":{"line":83,"column":5}},{"start":{},"end":{}}],"line":62},"6":{"loc":{"start":{"line":62,"column":8},"end":{"line":62,"column":36}},"type":"binary-expr","locations":[{"start":{"line":62,"column":8},"end":{"line":62,"column":19}},{"start":{"line":62,"column":23},"end":{"line":62,"column":36}}],"line":62},"7":{"loc":{"start":{"line":94,"column":2},"end":{"line":101,"column":3}},"type":"if","locations":[{"start":{"line":94,"column":2},"end":{"line":101,"column":3}},{"start":{},"end":{}}],"line":94},"8":{"loc":{"start":{"line":127,"column":15},"end":{"line":139,"column":15}},"type":"cond-expr","locations":[{"start":{"line":128,"column":16},"end":{"line":132,"column":18}},{"start":{"line":134,"column":16},"end":{"line":138,"column":18}}],"line":127},"9":{"loc":{"start":{"line":183,"column":13},"end":{"line":187,"column":13}},"type":"binary-expr","locations":[{"start":{"line":183,"column":13},"end":{"line":183,"column":18}},{"start":{"line":184,"column":14},"end":{"line":186,"column":21}}],"line":183}},"s":{"0":0,"1":0,"2":0,"3":0,"4":0,"5":0,"6":0,"7":0,"8":0,"9":0,"10":0,"11":0,"12":0,"13":0,"14":0,"15":0,"16":0,"17":0,"18":0,"19":0,"20":0,"21":0,"22":0,"23":0,"24":0,"25":0,"26":0,"27":0,"28":0,"29":0,"30":0,"31":0,"32":0,"33":0,"34":0,"35":0,"36":0,"37":0,"38":0,"39":0,"40":0,"41":0,"42":0,"43":0,"44":0,"45":0,"46":0,"47":0,"48":0,"49":0,"50":0,"51":0,"52":0,"53":0,"54":0,"55":0},"f":{"0":0,"1":0,"2":0,"3":0,"4":0,"5":0,"6":0,"7":0,"8":0,"9":0,"10":0},"b":{"0":[0,0],"1":[0,0],"2":[0,0],"
[...]
,"column":53},"end":{"line":85,"column":5}},"line":83},"1":{"name":"(anonymous_1)","decl":{"start":{"line":86,"column":16},"end":{"line":86,"column":17}},"loc":{"start":{"line":86,"column":56},"end":{"line":91,"column":5}},"line":86},"2":{"name":"(anonymous_2)","decl":{"start":{"line":87,"column":42},"end":{"line":87,"column":43}},"loc":{"start":{"line":87,"column":50},"end":{"line":87,"column":79}},"line":87},"3":{"name":"(anonymous_3)","decl":{"start":{"line":92,"column":16},"end":{"line":92,"column":17}},"loc":{"start":{"line":92,"column":58},"end":{"line":94,"column":5}},"line":92},"4":{"name":"(anonymous_4)","decl":{"start":{"line":93,"column":39},"end":{"line":93,"column":40}},"loc":{"start":{"line":93,"column":47},"end":{"line":93,"column":73}},"line":93},"5":{"name":"(anonymous_5)","decl":{"start":{"line":95,"column":17},"end":{"line":95,"column":18}},"loc":{"start":{"line":95,"column":91},"end":{"line":100,"column":5}},"line":95},"6":{"name":"(anonymous_6)","decl":{"start":{"line":96,"column":36},"end":{"line":96,"column":37}},"loc":{"start":{"line":96,"column":41},"end":{"line":96,"column":71}},"line":96},"7":{"name":"(anonymous_7)","decl":{"start":{"line":101,"column":20},"end":{"line":101,"column":21}},"loc":{"start":{"line":101,"column":94},"end":{"line":109,"column":5}},"line":101},"8":{"name":"(anonymous_8)","decl":{"start":{"line":102,"column":36},"end":{"line":102,"column":37}},"loc":{"start":{"line":102,"column":41},"end":{"line":102,"column":71}},"line":102},"9":{"name":"(anonymous_9)","decl":{"start":{"line":104,"column":45},"end":{"line":104,"column":46}},"loc":{"start":{"line":104,"column":51},"end":{"line":104,"column":87}},"line":104},"10":{"name":"(anonymous_10)","decl":{"start":{"line":110,"column":20},"end":{"line":110,"column":21}},"loc":{"start":{"line":110,"column":94},"end":{"line":115,"column":5}},"line":110},"11":{"name":"(anonymous_11)","decl":{"start":{"line":111,"column":36},"end":{"line":111,"column":37}},"loc":{"start":{"line":111,"column":41},"end":{"line":111,"column":71}},"line":111},"12":{"name":"(anonymous_12)","decl":{"start":{"line":113,"column":47},"end":{"line":113,"column":48}},"loc":{"start":{"line":113,"column":53},"end":{"line":113,"column":88}},"line":113},"13":{"name":"(anonymous_13)","decl":{"start":{"line":116,"column":15},"end":{"line":116,"column":16}},"loc":{"start":{"line":116,"column":85},"end":{"line":121,"column":5}},"line":116},"14":{"name":"(anonymous_14)","decl":{"start":{"line":117,"column":36},"end":{"line":117,"column":37}},"loc":{"start":{"line":117,"column":41},"end":{"line":117,"column":71}},"line":117},"15":{"name":"(anonymous_15)","decl":{"start":{"line":122,"column":18},"end":{"line":122,"column":19}},"loc":{"start":{"line":122,"column":90},"end":{"line":127,"column":5}},"line":122},"16":{"name":"(anonymous_16)","decl":{"start":{"line":123,"column":36},"end":{"line":123,"column":37}},"loc":{"start":{"line":123,"column":41},"end":{"line":123,"column":71}},"line":123},"17":{"name":"(anonymous_17)","decl":{"start":{"line":125,"column":43},"end":{"line":125,"column":44}},"loc":{"start":{"line":125,"column":49},"end":{"line":125,"column":82}},"line":125},"18":{"name":"(anonymous_18)","decl":{"start":{"line":128,"column":23},"end":{"line":128,"column":24}},"loc":{"start":{"line":128,"column":102},"end":{"line":138,"column":5}},"line":128},"19":{"name":"(anonymous_19)","decl":{"start":{"line":129,"column":36},"end":{"line":129,"column":37}},"loc":{"start":{"line":129,"column":41},"end":{"line":129,"column":71}},"line":129},"20":{"name":"(anonymous_20)","decl":{"start":{"line":139,"column":20},"end":{"line":139,"column":21}},"loc":{"start":{"line":139,"column":67},"end":{"line":141,"column":5}},"line":139}},"branchMap":{"0":{"loc":{"start":{"line":88,"column":6},"end":{"line":90,"column":7}},"type":"if","locations":[{"start":{"line":88,"column":6},"end":{"line":90,"column":7}},{"start":{},"end":{}}],"line":88},"1":{"loc":{"start":{"line":97,"column":6},"end":{"line":99,"column":7}},"type":"if","locations":[{"start":{"line":97,"column":6},"end":{"line":99,"column":7}},{"start":{},"end":{}}],"line":97},"2":{"loc":{"start":{"line":103,"column":6},"end":{"line":108,"column":7}},"type":"if","locations":[{"start":{"line":103,"column":6},"end":{"line":108,"column":7}},{"start":{},"end":{}}],"line":103},"3":{"loc":{"start":{"line":105,"column":8},"end":{"line":107,"column":9}},"type":"if","locations":[{"start":{"line":105,"column":8},"end":{"line":107,"column":9}},{"start":{},"end":{}}],"line":105},"4":{"loc":{"start":{"line":112,"column":6},"end":{"line":114,"column":7}},"type":"if","locations":[{"start":{"line":112,"column":6},"end":{"line":114,"column":7}},{"start":{},"end":{}}],"line":112},"5":{"loc":{"start":{"line":118,"column":6},"end":{"line":120,"column":7}},"type":"if","locations":[{"start":{"line":118,"column":6},"end":{"line":120,"column":7}},{"start":{},"end":{}}],"line":118},"6":{"loc":{"start":{"line":124,"column":6},"end":{"line":126,"column":7}},"type":"if","locations":[{"start":{"line":124,"column":6},"end":{"line":126,"column":7}},{"start":{},"end":{}}],"line":124},"7":{"loc":{"start":{"line":130,"column":6},"end":{"line":137,"column":7}},"type":"if","locations":[{"start":{"line":130,"column":6},"end":{"line":137,"column":7}},{"start":{},"end":{}}],"line":130},"8":{"loc":{"start":{"line":133,"column":8},"end":{"line":136,"column":9}},"type":"if","locations":[{"start":{"line":133,"column":8},"end":{"line":136,"column":9}},{"start":{},"end":{}}],"line":133}},"s":{"0":0,"1":0,"2":0,"3":0,"4":0,"5":0,"6":0,"7":0,"8":0,"9":0,"10":0,"11":0,"12":0,"13":0,"14":0,"15":0,"16":0,"17":0,"18":0,"19":0,"20":0,"21":0,"22":0,"23":0,"24":0,"25":0,"26":0,"27":0,"28":0,"29":0,"30":0,"31":0,"32":0,"33":0,"34":0,"35":0,"36":0,"37":0,"38":0,"39":0,"40":0,"41":0,"42":0,"43":0},"f":{"0":0,"1":0,"2":0,"3":0,"4":0,"5":0,"6":0,"7":0,"8":0,"9":0,"10":0,"11":0,"12":0,"13":0,"14":0,"15":0,"16":0,"17":0,"18":0,"19":0,"20":0},"b":{"0":[0,0],"1":[0,0],"2":[0,0],"3":[0,0],"4":[0,0],"5":[0,0],"6":[0,0],"7":[0,0],"8":[0,0]}}
,"/Users/ts1298/practice/ReadingTrackerApp2/src/store/slices/homeSlice.ts": {"path":"/Users/ts1298/practice/ReadingTrackerApp2/src/store/slices/homeSlice.ts","statementMap":{"0":{"start":{"line":59,"column":32},"end":{"line":85,"column":1}},"1":{"start":{"line":87,"column":29},"end":{"line":93,"column":1}},"2":{"start":{"line":90,"column":21},"end":{"line":90,"column":43}},"3":{"start":{"line":91,"column":4},"end":{"line":91,"column":25}},"4":{"start":{"line":95,"column":18},"end":{"line":114,"column":2}},"5":{"start":{"line":100,"column":4},"end":{"line":112,"column":9}},"6":{"start":{"line":102,"column":8},"end":{"line":102,"column":29}},"7":{"start":{"line":103,"column":8},"end":{"line":103,"column":27}},"8":{"start":{"line":106,"column":8},"end":{"line":106,"column":30}},"9":{"start":{"line":107,"column":8},"end":{"line":107,"column":36}},"10":{"start":{"line":110,"column":8},"end":{"line":110,"column":30}},"11":{"start":{"line":111,"column":8},"end":{"line":111,"column":67}}},"fnMap":{"0":{"name":"(anonymous_0)","decl":{"start":{"line":89,"column":2},"end":{"line":89,"column":3}},"loc":{"start":{"line":89,"column":14},"end":{"line":92,"column":3}},"line":89},"1":{"name":"(anonymous_1)","decl":{"start":{"line":99,"column":17},"end":{"line":99,"column":18}},"loc":{"start":{"line":99,"column":30},"end":{"line":113,"column":3}},"line":99},"2":{"name":"(anonymous_2)","decl":{"start":{"line":101,"column":38},"end":{"line":101,"column":39}},"loc":{"start":{"line":101,"column":49},"end":{"line":104,"column":7}},"line":101},"3":{"name":"(anonymous_3)","decl":{"start":{"line":105,"column":40},"end":{"line":105,"column":41}},"loc":{"start":{"line":105,"column":59},"end":{"line":108,"column":7}},"line":105},"4":{"name":"(anonymous_4)","decl":{"start":{"line":109,"column":39},"end":{"line":109,"column":40}},"loc":{"start":{"line":109,"column":58},"end":{"line":112,"column":7}},"line":109}},"branchMap":{"0":{"loc":{"start":{"line":111,"column":22},"end":{"line":111,"column":66}},"type":"binary-expr","locations":[{"start":{"line":111,"column":22},"end":{"line":111,"column":42}},{"start":{"line":111,"column":46},"end":{"line":111,"column":66}}],"line":111}},"s":{"0":0,"1":0,"2":0,"3":0,"4":0,"5":0,"6":0,"7":0,"8":0,"9":0,"10":0,"11":0},"f":{"0":0,"1":0,"2":0,"3":0,"4":0},"b":{"0":[0,0]}}
,"/Users/ts1298/practice/ReadingTrackerApp2/src/store/slices/statsSlice.ts": {"path":"/Users/ts1298/practice/ReadingTrackerApp2/src/store/slices/statsSlice.ts","statementMap":{"0":{"start":{"line":54,"column":35},"end":{"line":73,"column":1}},"1":{"start":{"line":75,"column":19},"end":{"line":196,"column":2}},"2":{"start":{"line":84,"column":6},"end":{"line":84,"column":51}},"3":{"start":{"line":85,"column":6},"end":{"line":85,"column":53}},"4":{"start":{"line":86,"column":6},"end":{"line":86,"column":51}},"5":{"start":{"line":89,"column":6},"end":{"line":89,"column":43}},"6":{"start":{"line":90,"column":6},"end":{"line":92,"column":7}},"7":{"start":{"line":91,"column":8},"end":{"line":91,"column":45}},"8":{"start":{"line":93,"column":6},"end":{"line":93,"column":43}},"9":{"start":{"line":100,"column":43},"end":{"line":100,"column":57}},"10":{"start":{"line":101,"column":25},"end":{"line":101,"column":71}},"11":{"start":{"line":101,"column":53},"end":{"line":101,"column":70}},"12":{"start":{"line":103,"column":6},"end":{"line":115,"column":7}},"13":{"start":{"line":104,"column":8},"end":{"line":109,"column":11}},"14":{"start":{"line":111,"column":22},"end":{"line":111,"column":46}},"15":{"start":{"line":112,"column":8},"end":{"line":112,"column":25}},"16":{"start":{"line":113,"column":8},"end":{"line":113,"column":37}},"17":{"start":{"line":114,"column":8},"end":{"line":114,"column":95}},"18":{"start":{"line":122,"column":44},"end":{"line":122,"column":58}},"19":{"start":{"line":123,"column":26},"end":{"line":123,"column":75}},"20":{"start":{"line":123,"column":55},"end":{"line":123,"column":74}},"21":{"start":{"line":125,"column":6},"end":{"line":137,"column":7}},"22":{"start":{"line":126,"column":8},"end":{"line":131,"column":11}},"23":{"start":{"line":133,"column":23},"end":{"line":133,"column":49}},"24":{"start":{"line":134,"column":8},"end":{"line":134,"column":26}},"25":{"start":{"line":135,"column":8},"end":{"line":135,"column":38}},"26":{"start":{"line":136,"column":8},"end":{"line":136,"column":99}},"27":{"start":{"line":140,"column":6},"end":{"line":140,"column":53}},"28":{"start":{"line":141,"column":6},"end":{"line":143,"column":7}},"29":{"start":{"line":142,"column":8},"end":{"line":142,"column":37}},"30":{"start":{"line":146,"column":6},"end":{"line":146,"column":32}},"31":{"start":{"line":147,"column":6},"end":{"line":147,"column":35}},"32":{"start":{"line":148,"column":6},"end":{"line":148,"column":36}},"33":{"start":{"line":149,"column":6},"end":{"line":149,"column":35}},"34":{"start":{"line":152,"column":6},"end":{"line":152,"column":47}},"35":{"start":{"line":155,"column":6},"end":{"line":155,"column":45}},"36":{"start":{"line":158,"column":6},"end":{"line":158,"column":34}},"37":{"start":{"line":161,"column":6},"end":{"line":161,"column":35}},"38":{"start":{"line":164,"column":6},"end":{"line":164,"column":34}},"39":{"start":{"line":167,"column":6},"end":{"line":167,"column":42}},"40":{"start":{"line":180,"column":6},"end":{"line":180,"column":70}},"41":{"start":{"line":193,"column":6},"end":{"line":193,"column":68}},"42":{"start":{"line":213,"column":4},"end":{"line":213,"column":22}}},"fnMap":{"0":{"name":"(anonymous_0)","decl":{"start":{"line":79,"column":24},"end":{"line":79,"column":25}},"loc":{"start":{"line":83,"column":11},"end":{"line":87,"column":5}},"line":83},"1":{"name":"(anonymous_1)","decl":{"start":{"line":88,"column":25},"end":{"line":88,"column":26}},"loc":{"start":{"line":88,"column":67},"end":{"line":94,"column":5}},"line":88},"2":{"name":"(anonymous_2)","decl":{"start":{"line":95,"column":22},"end":{"line":95,"column":23}},"loc":{"start":{"line":99,"column":11},"end":{"line":116,"column":5}},"line":99},"3":{"name":"(anonymous_3)","decl":{"start":{"line":101,"column":48},"end":{"line":101,"column":49}},"loc":{"start":{"line":101,"column":53},"end":{"line":101,"column":70}},"line":101},"4":{"name":"(anonymous_4)","decl":{"start":{"line":117,"column":23},"end":{"line":117,"column":24}},"loc":{"start":{"line":121,"column":11},"end":{"line":138,"column":5}},"line":121},"5":{"name":"(anonymous_5)","decl":{"start":{"line":123,"column":50},"end":{"line":123,"column":51}},"loc":{"start":{"line":123,"column":55},"end":{"line":123,"column":74}},"line":123},"6":{"name":"(anonymous_6)","decl":{"start":{"line":139,"column":17},"end":{"line":139,"column":18}},"loc":{"start":{"line":139,"column":61},"end":{"line":144,"column":5}},"line":139},"7":{"name":"(anonymous_7)","decl":{"start":{"line":145,"column":24},"end":{"line":145,"column":25}},"loc":{"start":{"line":145,"column":35},"end":{"line":150,"column":5}},"line":145},"8":{"name":"(anonymous_8)","decl":{"start":{"line":151,"column":20},"end":{"line":151,"column":21}},"loc":{"start":{"line":151,"column":62},"end":{"line":153,"column":5}},"line":151},"9":{"name":"(anonymous_9)","decl":{"start":{"line":154,"column":18},"end":{"line":154,"column":19}},"loc":{"start":{"line":154,"column":60},"end":{"line":156,"column":5}},"line":154},"10":{"name":"(anonymous_10)","decl":{"start":{"line":157,"column":22},"end":{"line":157,"column":23}},"loc":{"start":{"line":157,"column":33},"end":{"line":159,"column":5}},"line":157},"11":{"name":"(anonymous_11)","decl":{"start":{"line":160,"column":23},"end":{"line":160,"column":24}},"loc":{"start":{"line":160,"column":34},"end":{"line":162,"column":5}},"line":160},"12":{"name":"(anonymous_12)","decl":{"start":{"line":163,"column":22},"end":{"line":163,"column":23}},"loc":{"start":{"line":163,"column":33},"end":{"line":165,"column":5}},"line":163},"13":{"name":"(anonymous_13)","decl":{"start":{"line":166,"column":24},"end":{"line":166,"column":25}},"loc":{"start":{"line":166,"column":66},"end":{"line":168,"column":5}},"line":166},"14":{"name":"(anonymous_14)","decl":{"start":{"line":169,"column":24},"end":{"line":169,"column":25}},"loc":{"start":{"line":179,"column":9},"end":{"line":181,"column":5}},"line":179},"15":{"name":"(anonymous_15)","decl":{"start":{"line":182,"column":23},"end":{"line":182,"column":24}},"loc":{"start":{"line":192,"column":9},"end":{"line":194,"column":5}},"line":192}},"branchMap":{"0":{"loc":{"start":{"line":90,"column":6},"end":{"line":92,"column":7}},"type":"if","locations":[{"start":{"line":90,"column":6},"end":{"line":92,"column":7}},{"start":{},"end":{}}],"line":90},"1":{"loc":{"start":{"line":103,"column":6},"end":{"line":115,"column":7}},"type":"if","locations":[{"start":{"line":103,"column":6},"end":{"line":115,"column":7}},{"start":{"line":110,"column":13},"end":{"line":115,"column":7}}],"line":103},"2":{"loc":{"start":{"line":125,"column":6},"end":{"line":137,"column":7}},"type":"if","locations":[{"start":{"line":125,"column":6},"end":{"line":137,"column":7}},{"start":{"line":132,"column":13},"end":{"line":137,"column":7}}],"line":125},"3":{"loc":{"start":{"line":141,"column":6},"end":{"line":143,"column":7}},"type":"if","locations":[{"start":{"line":141,"column":6},"end":{"line":143,"column":7}},{"start":{},"end":{}}],"line":141}},"s":{"0":0,"1":0,"2":0,"3":0,"4":0,"5":0,"6":0,"7":0,"8":0,"9":0,"10":0,"11":0,"12":0,"13":0,"14":0,"15":0,"16":0,"17":0,"18":0,"19":0,"20":0,"21":0,"22":0,"23":0,"24":0,"25":0,"26":0,"27":0,"28":0,"29":0,"30":0,"31":0,"32":0,"33":0,"34":0,"35":0,"36":0,"37":0,"38":0,"39":0,"40":0,"41":0,"42":0},"f":{"0":0,"1":0,"2":0,"3":0,"4":0,"5":0,"6":0,"7":0,"8":0,"9":0,"10":0,"11":0,"12":0,"13":0,"14":0,"15":0},"b":{"0":[0,0],"1":[0,0],"2":[0,0],"3":[0,0]}}
,"/Users/ts1298/practice/ReadingTrackerApp2/src/store/slices/userSlice.ts": {"path":"/Users/ts1298/practice/ReadingTrackerApp2/src/store/slices/userSlice.ts","statementMap":{"0":{"start":{"line":26,"column":26},"end":{"line":40,"column":1}},"1":{"start":{"line":42,"column":32},"end":{"line":46,"column":1}},"2":{"start":{"line":48,"column":18},"end":{"line":86,"column":2}},"3":{"start":{"line":53,"column":6},"end":{"line":53,"column":56}},"4":{"start":{"line":54,"column":6},"end":{"line":54,"column":28}},"5":{"start":{"line":55,"column":6},"end":{"line":55,"column":25}},"6":{"start":{"line":58,"column":6},"end":{"line":60,"column":7}},"7":{"start":{"line":59,"column":8},"end":{"line":59,"column":72}},"8":{"start":{"line":63,"column":6},"end":{"line":68,"column":7}},"9":{"start":{"line":64,"column":8},"end":{"line":67,"column":10}},"10":{"start":{"line":71,"column":6},"end":{"line":76,"column":7}},"11":{"start":{"line":72,"column":8},"end":{"line":75,"column":10}},"12":{"start":{"line":79,"column":6},"end":{"line":79,"column":37}},"13":{"start":{"line":82,"column":6},"end":{"line":82,"column":35}},"14":{"start":{"line":83,"column":6},"end":{"line":83,"column":28}},"15":{"start":{"line":95,"column":4},"end":{"line":95,"column":21}}},"fnMap":{"0":{"name":"(anonymous_0)","decl":{"start":{"line":52,"column":13},"end":{"line":52,"column":14}},"loc":{"start":{"line":52,"column":60},"end":{"line":56,"column":5}},"line":52},"1":{"name":"(anonymous_1)","decl":{"start":{"line":57,"column":23},"end":{"line":57,"column":24}},"loc":{"start":{"line":57,"column":72},"end":{"line":61,"column":5}},"line":57},"2":{"name":"(anonymous_2)","decl":{"start":{"line":62,"column":24},"end":{"line":62,"column":25}},"loc":{"start":{"line":62,"column":89},"end":{"line":69,"column":5}},"line":62},"3":{"name":"(anonymous_3)","decl":{"start":{"line":70,"column":24},"end":{"line":70,"column":25}},"loc":{"start":{"line":70,"column":89},"end":{"line":77,"column":5}},"line":70},"4":{"name":"(anonymous_4)","decl":{"start":{"line":78,"column":16},"end":{"line":78,"column":17}},"loc":{"start":{"line":78,"column":59},"end":{"line":80,"column":5}},"line":78},"5":{"name":"(anonymous_5)","decl":{"start":{"line":81,"column":14},"end":{"line":81,"column":15}},"loc":{"start":{"line":81,"column":63},"end":{"line":84,"column":5}},"line":81}},"branchMap":{"0":{"loc":{"start":{"line":53,"column":26},"end":{"line":53,"column":55}},"type":"binary-expr","locations":[{"start":{"line":53,"column":26},"end":{"line":53,"column":40}},{"start":{"line":53,"column":44},"end":{"line":53,"column":55}}],"line":53},"1":{"loc":{"start":{"line":58,"column":6},"end":{"line":60,"column":7}},"type":"if","locations":[{"start":{"line":58,"column":6},"end":{"line":60,"column":7}},{"start":{},"end":{}}],"line":58},"2":{"loc":{"start":{"line":63,"column":6},"end":{"line":68,"column":7}},"type":"if","locations":[{"start":{"line":63,"column":6},"end":{"line":68,"column":7}},{"start":{},"end":{}}],"line":63},"3":{"loc":{"start":{"line":71,"column":6},"end":{"line":76,"column":7}},"type":"if","locations":[{"start":{"line":71,"column":6},"end":{"line":76,"column":7}},{"start":{},"end":{}}],"line":71}},"s":{"0":0,"1":0,"2":0,"3":0,"4":0,"5":0,"6":0,"7":0,"8":0,"9":0,"10":0,"11":0,"12":0,"13":0,"14":0,"15":0},"f":{"0":0,"1":0,"2":0,"3":0,"4":0,"5":0},"b":{"0":[0,0],"1":[0,0],"2":[0,0],"3":[0,0]}}
,"/Users/ts1298/practice/ReadingTrackerApp2/src/theme/colors.ts": {"path":"/Users/ts1298/practice/ReadingTrackerApp2/src/theme/colors.ts","statementMap":{"0":{"start":{"line":1,"column":22},"end":{"line":12,"column":1}}},"fnMap":{},"branchMap":{},"s":{"0":0},"f":{},"b":{}}
,"/Users/ts1298/practice/ReadingTrackerApp2/src/theme/index.ts": {"path":"/Users/ts1298/practice/ReadingTrackerApp2/src/theme/index.ts","statementMap":{"0":{"start":{"line":3,"column":22},"end":{"line":15,"column":1}},"1":{"start":{"line":17,"column":23},"end":{"line":23,"column":1}},"2":{"start":{"line":25,"column":26},"end":{"line":40,"column":1}},"3":{"start":{"line":42,"column":21},"end":{"line":56,"column":1}}},"fnMap":{},"branchMap":{},"s":{"0":0,"1":0,"2":0,"3":0},"f":{},"b":{}}
}
