{"/Users/ts1298/practice/ReadingTrackerApp/ReadingTrackerApp3/.eslintrc.js": {"path":"/Users/ts1298/practice/ReadingTrackerApp/ReadingTrackerApp3/.eslintrc.js","statementMap":{"0":{"start":{"line":1,"column":0},"end":{"line":38,"column":2}}},"fnMap":{},"branchMap":{},"s":{"0":0},"f":{},"b":{}}
,"/Users/ts1298/practice/ReadingTrackerApp/ReadingTrackerApp3/.prettierrc.js": {"path":"/Users/ts1298/practice/ReadingTrackerApp/ReadingTrackerApp3/.prettierrc.js","statementMap":{"0":{"start":{"line":1,"column":0},"end":{"line":12,"column":2}}},"fnMap":{},"branchMap":{},"s":{"0":0},"f":{},"b":{}}
,"/Users/ts1298/practice/ReadingTrackerApp/ReadingTrackerApp3/App.tsx": {"path":"/Users/ts1298/practice/ReadingTrackerApp/ReadingTrackerApp3/App.tsx","statementMap":{"0":{"start":{"line":11,"column":25},"end":{"line":22,"column":1}},"1":{"start":{"line":24,"column":24},"end":{"line":35,"column":1}},"2":{"start":{"line":39,"column":22},"end":{"line":39,"column":38}},"3":{"start":{"line":40,"column":16},"end":{"line":40,"column":75}},"4":{"start":{"line":42,"column":2},"end":{"line":47,"column":4}},"5":{"start":{"line":52,"column":2},"end":{"line":58,"column":4}}},"fnMap":{"0":{"name":"AppContent","decl":{"start":{"line":38,"column":9},"end":{"line":38,"column":19}},"loc":{"start":{"line":38,"column":22},"end":{"line":48,"column":1}},"line":38},"1":{"name":"App","decl":{"start":{"line":51,"column":9},"end":{"line":51,"column":12}},"loc":{"start":{"line":51,"column":15},"end":{"line":59,"column":1}},"line":51}},"branchMap":{"0":{"loc":{"start":{"line":40,"column":16},"end":{"line":40,"column":75}},"type":"cond-expr","locations":[{"start":{"line":40,"column":41},"end":{"line":40,"column":56}},{"start":{"line":40,"column":59},"end":{"line":40,"column":75}}],"line":40},"1":{"loc":{"start":{"line":44,"column":24},"end":{"line":44,"column":65}},"type":"cond-expr","locations":[{"start":{"line":44,"column":49},"end":{"line":44,"column":56}},{"start":{"line":44,"column":59},"end":{"line":44,"column":65}}],"line":44}},"s":{"0":0,"1":0,"2":0,"3":0,"4":0,"5":0},"f":{"0":0,"1":0},"b":{"0":[0,0],"1":[0,0]}}
,"/Users/ts1298/practice/ReadingTrackerApp/ReadingTrackerApp3/index.ts": {"path":"/Users/ts1298/practice/ReadingTrackerApp/ReadingTrackerApp3/index.ts","statementMap":{"0":{"start":{"line":8,"column":0},"end":{"line":8,"column":27}}},"fnMap":{},"branchMap":{},"s":{"0":0},"f":{},"b":{}}
,"/Users/ts1298/practice/ReadingTrackerApp/ReadingTrackerApp3/jest.config.js": {"path":"/Users/ts1298/practice/ReadingTrackerApp/ReadingTrackerApp3/jest.config.js","statementMap":{"0":{"start":{"line":1,"column":0},"end":{"line":20,"column":2}}},"fnMap":{},"branchMap":{},"s":{"0":0},"f":{},"b":{}}
,"/Users/ts1298/practice/ReadingTrackerApp/ReadingTrackerApp3/metro.config.js": {"path":"/Users/ts1298/practice/ReadingTrackerApp/ReadingTrackerApp3/metro.config.js","statementMap":{"0":{"start":{"line":1,"column":29},"end":{"line":1,"column":57}},"1":{"start":{"line":2,"column":13},"end":{"line":2,"column":28}},"2":{"start":{"line":5,"column":0},"end":{"line":25,"column":5}},"3":{"start":{"line":6,"column":17},"end":{"line":6,"column":44}},"4":{"start":{"line":9,"column":2},"end":{"line":9,"column":47}},"5":{"start":{"line":12,"column":2},"end":{"line":22,"column":4}},"6":{"start":{"line":16,"column":8},"end":{"line":18,"column":9}},"7":{"start":{"line":17,"column":10},"end":{"line":17,"column":30}},"8":{"start":{"line":19,"column":8},"end":{"line":19,"column":64}},"9":{"start":{"line":24,"column":2},"end":{"line":24,"column":16}}},"fnMap":{"0":{"name":"(anonymous_0)","decl":{"start":{"line":5,"column":18},"end":{"line":5,"column":19}},"loc":{"start":{"line":5,"column":24},"end":{"line":25,"column":1}},"line":5},"1":{"name":"(anonymous_1)","decl":{"start":{"line":15,"column":11},"end":{"line":15,"column":12}},"loc":{"start":{"line":15,"column":29},"end":{"line":20,"column":7}},"line":15}},"branchMap":{"0":{"loc":{"start":{"line":16,"column":8},"end":{"line":18,"column":9}},"type":"if","locations":[{"start":{"line":16,"column":8},"end":{"line":18,"column":9}},{"start":{},"end":{}}],"line":16}},"s":{"0":0,"1":0,"2":0,"3":0,"4":0,"5":0,"6":0,"7":0,"8":0,"9":0},"f":{"0":0,"1":0},"b":{"0":[0,0]}}
,"/Users/ts1298/practice/ReadingTrackerApp/ReadingTrackerApp3/src/components/Button.tsx": {"path":"/Users/ts1298/practice/ReadingTrackerApp/ReadingTrackerApp3/src/components/Button.tsx","statementMap":{"0":{"start":{"line":22,"column":45},"end":{"line":75,"column":1}},"1":{"start":{"line":35,"column":45},"end":{"line":42,"column":3}},"2":{"start":{"line":44,"column":43},"end":{"line":50,"column":3}},"3":{"start":{"line":52,"column":2},"end":{"line":74,"column":4}},"4":{"start":{"line":77,"column":15},"end":{"line":157,"column":2}}},"fnMap":{"0":{"name":"(anonymous_0)","decl":{"start":{"line":22,"column":45},"end":{"line":22,"column":46}},"loc":{"start":{"line":34,"column":6},"end":{"line":75,"column":1}},"line":34}},"branchMap":{"0":{"loc":{"start":{"line":25,"column":2},"end":{"line":25,"column":21}},"type":"default-arg","locations":[{"start":{"line":25,"column":12},"end":{"line":25,"column":21}}],"line":25},"1":{"loc":{"start":{"line":26,"column":2},"end":{"line":26,"column":17}},"type":"default-arg","locations":[{"start":{"line":26,"column":9},"end":{"line":26,"column":17}}],"line":26},"2":{"loc":{"start":{"line":27,"column":2},"end":{"line":27,"column":18}},"type":"default-arg","locations":[{"start":{"line":27,"column":13},"end":{"line":27,"column":18}}],"line":27},"3":{"loc":{"start":{"line":28,"column":2},"end":{"line":28,"column":17}},"type":"default-arg","locations":[{"start":{"line":28,"column":12},"end":{"line":28,"column":17}}],"line":28},"4":{"loc":{"start":{"line":29,"column":2},"end":{"line":29,"column":19}},"type":"default-arg","locations":[{"start":{"line":29,"column":14},"end":{"line":29,"column":19}}],"line":29},"5":{"loc":{"start":{"line":39,"column":4},"end":{"line":39,"column":37}},"type":"binary-expr","locations":[{"start":{"line":39,"column":4},"end":{"line":39,"column":12}},{"start":{"line":39,"column":16},"end":{"line":39,"column":37}}],"line":39},"6":{"loc":{"start":{"line":40,"column":4},"end":{"line":40,"column":33}},"type":"binary-expr","locations":[{"start":{"line":40,"column":4},"end":{"line":40,"column":13}},{"start":{"line":40,"column":17},"end":{"line":40,"column":33}}],"line":40},"7":{"loc":{"start":{"line":48,"column":4},"end":{"line":48,"column":35}},"type":"binary-expr","locations":[{"start":{"line":48,"column":4},"end":{"line":48,"column":12}},{"start":{"line":48,"column":16},"end":{"line":48,"column":35}}],"line":48},"8":{"loc":{"start":{"line":56,"column":16},"end":{"line":56,"column":35}},"type":"binary-expr","locations":[{"start":{"line":56,"column":16},"end":{"line":56,"column":24}},{"start":{"line":56,"column":28},"end":{"line":56,"column":35}}],"line":56},"9":{"loc":{"start":{"line":59,"column":7},"end":{"line":72,"column":7}},"type":"cond-expr","locations":[{"start":{"line":60,"column":8},"end":{"line":63,"column":10}},{"start":{"line":65,"column":8},"end":{"line":71,"column":11}}],"line":59},"10":{"loc":{"start":{"line":62,"column":17},"end":{"line":62,"column":70}},"type":"cond-expr","locations":[{"start":{"line":62,"column":41},"end":{"line":62,"column":53}},{"start":{"line":62,"column":56},"end":{"line":62,"column":70}}],"line":62},"11":{"loc":{"start":{"line":66,"column":11},"end":{"line":66,"column":38}},"type":"binary-expr","locations":[{"start":{"line":66,"column":11},"end":{"line":66,"column":19}},{"start":{"line":66,"column":23},"end":{"line":66,"column":38}}],"line":66},"12":{"loc":{"start":{"line":70,"column":11},"end":{"line":70,"column":40}},"type":"binary-expr","locations":[{"start":{"line":70,"column":11},"end":{"line":70,"column":20}},{"start":{"line":70,"column":24},"end":{"line":70,"column":40}}],"line":70}},"s":{"0":0,"1":0,"2":0,"3":0,"4":0},"f":{"0":0},"b":{"0":[0],"1":[0],"2":[0],"3":[0],"4":[0],"5":[0,0],"6":[0,0],"7":[0,0],"8":[0,0],"9":[0,0],"10":[0,0],"11":[0,0],"12":[0,0]}}
,"/Users/ts1298/practice/ReadingTrackerApp/ReadingTrackerApp3/src/components/Input.tsx": {"path":"/Users/ts1298/practice/ReadingTrackerApp/ReadingTrackerApp3/src/components/Input.tsx","statementMap":{"0":{"start":{"line":11,"column":43},"end":{"line":29,"column":1}},"1":{"start":{"line":18,"column":2},"end":{"line":28,"column":4}},"2":{"start":{"line":31,"column":15},"end":{"line":58,"column":2}}},"fnMap":{"0":{"name":"(anonymous_0)","decl":{"start":{"line":11,"column":43},"end":{"line":11,"column":44}},"loc":{"start":{"line":17,"column":6},"end":{"line":29,"column":1}},"line":17}},"branchMap":{"0":{"loc":{"start":{"line":20,"column":7},"end":{"line":20,"column":57}},"type":"binary-expr","locations":[{"start":{"line":20,"column":7},"end":{"line":20,"column":12}},{"start":{"line":20,"column":16},"end":{"line":20,"column":57}}],"line":20},"1":{"loc":{"start":{"line":22,"column":37},"end":{"line":22,"column":69}},"type":"cond-expr","locations":[{"start":{"line":22,"column":45},"end":{"line":22,"column":62}},{"start":{"line":22,"column":65},"end":{"line":22,"column":69}}],"line":22},"2":{"loc":{"start":{"line":26,"column":7},"end":{"line":26,"column":61}},"type":"binary-expr","locations":[{"start":{"line":26,"column":7},"end":{"line":26,"column":12}},{"start":{"line":26,"column":16},"end":{"line":26,"column":61}}],"line":26}},"s":{"0":0,"1":0,"2":0},"f":{"0":0},"b":{"0":[0,0],"1":[0,0],"2":[0,0]}}
,"/Users/ts1298/practice/ReadingTrackerApp/ReadingTrackerApp3/src/components/index.ts": {"path":"/Users/ts1298/practice/ReadingTrackerApp/ReadingTrackerApp3/src/components/index.ts","statementMap":{},"fnMap":{},"branchMap":{},"s":{},"f":{},"b":{}}
,"/Users/ts1298/practice/ReadingTrackerApp/ReadingTrackerApp3/src/components/common/Button.tsx": {"path":"/Users/ts1298/practice/ReadingTrackerApp/ReadingTrackerApp3/src/components/common/Button.tsx","statementMap":{"0":{"start":{"line":67,"column":38},"end":{"line":232,"column":1}},"1":{"start":{"line":82,"column":16},"end":{"line":82,"column":26}},"2":{"start":{"line":83,"column":21},"end":{"line":83,"column":40}},"3":{"start":{"line":86,"column":25},"end":{"line":119,"column":3}},"4":{"start":{"line":87,"column":33},"end":{"line":95,"column":5}},"5":{"start":{"line":97,"column":4},"end":{"line":118,"column":5}},"6":{"start":{"line":99,"column":8},"end":{"line":102,"column":10}},"7":{"start":{"line":104,"column":8},"end":{"line":108,"column":10}},"8":{"start":{"line":110,"column":8},"end":{"line":115,"column":10}},"9":{"start":{"line":117,"column":8},"end":{"line":117,"column":25}},"10":{"start":{"line":122,"column":23},"end":{"line":135,"column":3}},"11":{"start":{"line":123,"column":4},"end":{"line":123,"column":51}},"12":{"start":{"line":123,"column":20},"end":{"line":123,"column":51}},"13":{"start":{"line":125,"column":4},"end":{"line":134,"column":5}},"14":{"start":{"line":127,"column":8},"end":{"line":127,"column":34}},"15":{"start":{"line":129,"column":8},"end":{"line":129,"column":36}},"16":{"start":{"line":131,"column":8},"end":{"line":131,"column":36}},"17":{"start":{"line":133,"column":8},"end":{"line":133,"column":36}},"18":{"start":{"line":138,"column":25},"end":{"line":148,"column":3}},"19":{"start":{"line":139,"column":4},"end":{"line":147,"column":5}},"20":{"start":{"line":141,"column":8},"end":{"line":141,"column":28}},"21":{"start":{"line":143,"column":8},"end":{"line":143,"column":27}},"22":{"start":{"line":146,"column":8},"end":{"line":146,"column":28}},"23":{"start":{"line":151,"column":23},"end":{"line":160,"column":3}},"24":{"start":{"line":152,"column":30},"end":{"line":158,"column":5}},"25":{"start":{"line":159,"column":4},"end":{"line":159,"column":24}},"26":{"start":{"line":163,"column":24},"end":{"line":206,"column":3}},"27":{"start":{"line":164,"column":4},"end":{"line":172,"column":5}},"28":{"start":{"line":165,"column":6},"end":{"line":171,"column":8}},"29":{"start":{"line":175,"column":4},"end":{"line":185,"column":5}},"30":{"start":{"line":176,"column":6},"end":{"line":184,"column":8}},"31":{"start":{"line":188,"column":4},"end":{"line":202,"column":5}},"32":{"start":{"line":189,"column":6},"end":{"line":201,"column":8}},"33":{"start":{"line":205,"column":4},"end":{"line":205,"column":16}},"34":{"start":{"line":209,"column":34},"end":{"line":216,"column":3}},"35":{"start":{"line":218,"column":2},"end":{"line":231,"column":4}},"36":{"start":{"line":235,"column":19},"end":{"line":251,"column":1}},"37":{"start":{"line":253,"column":15},"end":{"line":281,"column":2}}},"fnMap":{"0":{"name":"(anonymous_0)","decl":{"start":{"line":67,"column":38},"end":{"line":67,"column":39}},"loc":{"start":{"line":81,"column":6},"end":{"line":232,"column":1}},"line":81},"1":{"name":"(anonymous_1)","decl":{"start":{"line":86,"column":25},"end":{"line":86,"column":26}},"loc":{"start":{"line":86,"column":42},"end":{"line":119,"column":3}},"line":86},"2":{"name":"(anonymous_2)","decl":{"start":{"line":122,"column":23},"end":{"line":122,"column":24}},"loc":{"start":{"line":122,"column":37},"end":{"line":135,"column":3}},"line":122},"3":{"name":"(anonymous_3)","decl":{"start":{"line":138,"column":25},"end":{"line":138,"column":26}},"loc":{"start":{"line":138,"column":64},"end":{"line":148,"column":3}},"line":138},"4":{"name":"(anonymous_4)","decl":{"start":{"line":151,"column":23},"end":{"line":151,"column":24}},"loc":{"start":{"line":151,"column":29},"end":{"line":160,"column":3}},"line":151},"5":{"name":"(anonymous_5)","decl":{"start":{"line":163,"column":24},"end":{"line":163,"column":25}},"loc":{"start":{"line":163,"column":30},"end":{"line":206,"column":3}},"line":163}},"branchMap":{"0":{"loc":{"start":{"line":71,"column":2},"end":{"line":71,"column":21}},"type":"default-arg","locations":[{"start":{"line":71,"column":12},"end":{"line":71,"column":21}}],"line":71},"1":{"loc":{"start":{"line":72,"column":2},"end":{"line":72,"column":17}},"type":"default-arg","locations":[{"start":{"line":72,"column":9},"end":{"line":72,"column":17}}],"line":72},"2":{"loc":{"start":{"line":73,"column":2},"end":{"line":73,"column":18}},"type":"default-arg","locations":[{"start":{"line":73,"column":13},"end":{"line":73,"column":18}}],"line":73},"3":{"loc":{"start":{"line":74,"column":2},"end":{"line":74,"column":17}},"type":"default-arg","locations":[{"start":{"line":74,"column":12},"end":{"line":74,"column":17}}],"line":74},"4":{"loc":{"start":{"line":83,"column":21},"end":{"line":83,"column":40}},"type":"binary-expr","locations":[{"start":{"line":83,"column":21},"end":{"line":83,"column":29}},{"start":{"line":83,"column":33},"end":{"line":83,"column":40}}],"line":83},"5":{"loc":{"start":{"line":92,"column":19},"end":{"line":92,"column":50}},"type":"cond-expr","locations":[{"start":{"line":92,"column":45},"end":{"line":92,"column":46}},{"start":{"line":92,"column":49},"end":{"line":92,"column":50}}],"line":92},"6":{"loc":{"start":{"line":93,"column":15},"end":{"line":93,"column":35}},"type":"cond-expr","locations":[{"start":{"line":93,"column":28},"end":{"line":93,"column":31}},{"start":{"line":93,"column":34},"end":{"line":93,"column":35}}],"line":93},"7":{"loc":{"start":{"line":97,"column":4},"end":{"line":118,"column":5}},"type":"switch","locations":[{"start":{"line":98,"column":6},"end":{"line":102,"column":10}},{"start":{"line":103,"column":6},"end":{"line":108,"column":10}},{"start":{"line":109,"column":6},"end":{"line":115,"column":10}},{"start":{"line":116,"column":6},"end":{"line":117,"column":25}}],"line":97},"8":{"loc":{"start":{"line":123,"column":4},"end":{"line":123,"column":51}},"type":"if","locations":[{"start":{"line":123,"column":4},"end":{"line":123,"column":51}},{"start":{},"end":{}}],"line":123},"9":{"loc":{"start":{"line":125,"column":4},"end":{"line":134,"column":5}},"type":"switch","locations":[{"start":{"line":126,"column":6},"end":{"line":127,"column":34}},{"start":{"line":128,"column":6},"end":{"line":129,"column":36}},{"start":{"line":130,"column":6},"end":{"line":131,"column":36}},{"start":{"line":132,"column":6},"end":{"line":133,"column":36}}],"line":125},"10":{"loc":{"start":{"line":139,"column":4},"end":{"line":147,"column":5}},"type":"switch","locations":[{"start":{"line":140,"column":6},"end":{"line":141,"column":28}},{"start":{"line":142,"column":6},"end":{"line":143,"column":27}},{"start":{"line":144,"column":6},"end":{"line":144,"column":20}},{"start":{"line":145,"column":6},"end":{"line":146,"column":28}}],"line":139},"11":{"loc":{"start":{"line":155,"column":10},"end":{"line":155,"column":37}},"type":"binary-expr","locations":[{"start":{"line":155,"column":10},"end":{"line":155,"column":14}},{"start":{"line":155,"column":18},"end":{"line":155,"column":37}}],"line":155},"12":{"loc":{"start":{"line":156,"column":10},"end":{"line":156,"column":47}},"type":"binary-expr","locations":[{"start":{"line":156,"column":10},"end":{"line":156,"column":19}},{"start":{"line":156,"column":23},"end":{"line":156,"column":47}}],"line":156},"13":{"loc":{"start":{"line":164,"column":4},"end":{"line":172,"column":5}},"type":"if","locations":[{"start":{"line":164,"column":4},"end":{"line":172,"column":5}},{"start":{},"end":{}}],"line":164},"14":{"loc":{"start":{"line":175,"column":4},"end":{"line":185,"column":5}},"type":"if","locations":[{"start":{"line":175,"column":4},"end":{"line":185,"column":5}},{"start":{},"end":{}}],"line":175},"15":{"loc":{"start":{"line":178,"column":11},"end":{"line":178,"column":67}},"type":"binary-expr","locations":[{"start":{"line":178,"column":11},"end":{"line":178,"column":15}},{"start":{"line":178,"column":19},"end":{"line":178,"column":67}}],"line":178},"16":{"loc":{"start":{"line":182,"column":11},"end":{"line":182,"column":77}},"type":"binary-expr","locations":[{"start":{"line":182,"column":11},"end":{"line":182,"column":20}},{"start":{"line":182,"column":24},"end":{"line":182,"column":77}}],"line":182},"17":{"loc":{"start":{"line":188,"column":4},"end":{"line":202,"column":5}},"type":"if","locations":[{"start":{"line":188,"column":4},"end":{"line":202,"column":5}},{"start":{},"end":{}}],"line":188},"18":{"loc":{"start":{"line":191,"column":11},"end":{"line":191,"column":67}},"type":"binary-expr","locations":[{"start":{"line":191,"column":11},"end":{"line":191,"column":15}},{"start":{"line":191,"column":19},"end":{"line":191,"column":67}}],"line":191},"19":{"loc":{"start":{"line":192,"column":11},"end":{"line":198,"column":11}},"type":"cond-expr","locations":[{"start":{"line":193,"column":12},"end":{"line":195,"column":19}},{"start":{"line":197,"column":12},"end":{"line":197,"column":20}}],"line":192},"20":{"loc":{"start":{"line":199,"column":11},"end":{"line":199,"column":77}},"type":"binary-expr","locations":[{"start":{"line":199,"column":11},"end":{"line":199,"column":20}},{"start":{"line":199,"column":24},"end":{"line":199,"column":77}}],"line":199},"21":{"loc":{"start":{"line":225,"column":26},"end":{"line":225,"column":94}},"type":"binary-expr","locations":[{"start":{"line":225,"column":26},"end":{"line":225,"column":44}},{"start":{"line":225,"column":49},"end":{"line":225,"column":93}}],"line":225},"22":{"loc":{"start":{"line":225,"column":49},"end":{"line":225,"column":93}},"type":"cond-expr","locations":[{"start":{"line":225,"column":77},"end":{"line":225,"column":82}},{"start":{"line":225,"column":85},"end":{"line":225,"column":93}}],"line":225}},"s":{"0":0,"1":0,"2":0,"3":0,"4":0,"5":0,"6":0,"7":0,"8":0,"9":0,"10":0,"11":0,"12":0,"13":0,"14":0,"15":0,"16":0,"17":0,"18":0,"19":0,"20":0,"21":0,"22":0,"23":0,"24":0,"25":0,"26":0,"27":0,"28":0,"29":0,"30":0,"31":0,"32":0,"33":0,"34":0,"35":0,"36":0,"37":0},"f":{"0":0,"1":0,"2":0,"3":0,"4":0,"5":0},"b":{"0":[0],"1":[0],"2":[0],"3":[0],"4":[0,0],"5":[0,0],"6":[0,0],"7":[0,0,0,0],"8":[0,0],"9":[0,0,0,0],"10":[0,0,0,0],"11":[0,0],"12":[0,0],"13":[0,0],"14":[0,0],"15":[0,0],"16":[0,0],"17":[0,0],"18":[0,0],"19":[0,0],"20":[0,0],"21":[0,0],"22":[0,0]}}
,"/Users/ts1298/practice/ReadingTrackerApp/ReadingTrackerApp3/src/components/common/Container.tsx": {"path":"/Users/ts1298/practice/ReadingTrackerApp/ReadingTrackerApp3/src/components/common/Container.tsx","statementMap":{"0":{"start":{"line":43,"column":44},"end":{"line":121,"column":1}},"1":{"start":{"line":53,"column":16},"end":{"line":53,"column":26}},"2":{"start":{"line":56,"column":21},"end":{"line":72,"column":3}},"3":{"start":{"line":57,"column":4},"end":{"line":71,"column":5}},"4":{"start":{"line":59,"column":8},"end":{"line":59,"column":17}},"5":{"start":{"line":61,"column":8},"end":{"line":61,"column":32}},"6":{"start":{"line":63,"column":8},"end":{"line":63,"column":32}},"7":{"start":{"line":65,"column":8},"end":{"line":65,"column":32}},"8":{"start":{"line":67,"column":8},"end":{"line":67,"column":32}},"9":{"start":{"line":70,"column":8},"end":{"line":70,"column":32}},"10":{"start":{"line":75,"column":37},"end":{"line":79,"column":3}},"11":{"start":{"line":82,"column":35},"end":{"line":85,"column":3}},"12":{"start":{"line":88,"column":26},"end":{"line":109,"column":3}},"13":{"start":{"line":90,"column":4},"end":{"line":101,"column":5}},"14":{"start":{"line":91,"column":6},"end":{"line":100,"column":8}},"15":{"start":{"line":104,"column":4},"end":{"line":108,"column":6}},"16":{"start":{"line":112,"column":2},"end":{"line":118,"column":3}},"17":{"start":{"line":113,"column":4},"end":{"line":117,"column":6}},"18":{"start":{"line":120,"column":2},"end":{"line":120,"column":27}},"19":{"start":{"line":123,"column":15},"end":{"line":130,"column":2}}},"fnMap":{"0":{"name":"(anonymous_0)","decl":{"start":{"line":43,"column":44},"end":{"line":43,"column":45}},"loc":{"start":{"line":52,"column":6},"end":{"line":121,"column":1}},"line":52},"1":{"name":"(anonymous_1)","decl":{"start":{"line":56,"column":21},"end":{"line":56,"column":22}},"loc":{"start":{"line":56,"column":27},"end":{"line":72,"column":3}},"line":56},"2":{"name":"(anonymous_2)","decl":{"start":{"line":88,"column":26},"end":{"line":88,"column":27}},"loc":{"start":{"line":88,"column":32},"end":{"line":109,"column":3}},"line":88}},"branchMap":{"0":{"loc":{"start":{"line":45,"column":2},"end":{"line":45,"column":17}},"type":"default-arg","locations":[{"start":{"line":45,"column":13},"end":{"line":45,"column":17}}],"line":45},"1":{"loc":{"start":{"line":46,"column":2},"end":{"line":46,"column":20}},"type":"default-arg","locations":[{"start":{"line":46,"column":15},"end":{"line":46,"column":20}}],"line":46},"2":{"loc":{"start":{"line":50,"column":2},"end":{"line":50,"column":16}},"type":"default-arg","locations":[{"start":{"line":50,"column":12},"end":{"line":50,"column":16}}],"line":50},"3":{"loc":{"start":{"line":57,"column":4},"end":{"line":71,"column":5}},"type":"switch","locations":[{"start":{"line":58,"column":6},"end":{"line":59,"column":17}},{"start":{"line":60,"column":6},"end":{"line":61,"column":32}},{"start":{"line":62,"column":6},"end":{"line":63,"column":32}},{"start":{"line":64,"column":6},"end":{"line":65,"column":32}},{"start":{"line":66,"column":6},"end":{"line":67,"column":32}},{"start":{"line":68,"column":6},"end":{"line":68,"column":16}},{"start":{"line":69,"column":6},"end":{"line":70,"column":32}}],"line":57},"4":{"loc":{"start":{"line":77,"column":21},"end":{"line":77,"column":63}},"type":"binary-expr","locations":[{"start":{"line":77,"column":21},"end":{"line":77,"column":36}},{"start":{"line":77,"column":40},"end":{"line":77,"column":63}}],"line":77},"5":{"loc":{"start":{"line":90,"column":4},"end":{"line":101,"column":5}},"type":"if","locations":[{"start":{"line":90,"column":4},"end":{"line":101,"column":5}},{"start":{},"end":{}}],"line":90},"6":{"loc":{"start":{"line":112,"column":2},"end":{"line":118,"column":3}},"type":"if","locations":[{"start":{"line":112,"column":2},"end":{"line":118,"column":3}},{"start":{},"end":{}}],"line":112}},"s":{"0":0,"1":0,"2":0,"3":0,"4":0,"5":0,"6":0,"7":0,"8":0,"9":0,"10":0,"11":0,"12":0,"13":0,"14":0,"15":0,"16":0,"17":0,"18":0,"19":0},"f":{"0":0,"1":0,"2":0},"b":{"0":[0],"1":[0],"2":[0],"3":[0,0,0,0,0,0,0],"4":[0,0],"5":[0,0],"6":[0,0]}}
,"/Users/ts1298/practice/ReadingTrackerApp/ReadingTrackerApp3/src/components/common/FAB.tsx": {"path":"/Users/ts1298/practice/ReadingTrackerApp/ReadingTrackerApp3/src/components/common/FAB.tsx","statementMap":{"0":{"start":{"line":15,"column":32},"end":{"line":36,"column":1}},"1":{"start":{"line":23,"column":2},"end":{"line":35,"column":4}},"2":{"start":{"line":38,"column":15},"end":{"line":54,"column":2}}},"fnMap":{"0":{"name":"(anonymous_0)","decl":{"start":{"line":15,"column":32},"end":{"line":15,"column":33}},"loc":{"start":{"line":22,"column":6},"end":{"line":36,"column":1}},"line":22}},"branchMap":{"0":{"loc":{"start":{"line":17,"column":2},"end":{"line":17,"column":14}},"type":"default-arg","locations":[{"start":{"line":17,"column":9},"end":{"line":17,"column":14}}],"line":17},"1":{"loc":{"start":{"line":19,"column":2},"end":{"line":19,"column":11}},"type":"default-arg","locations":[{"start":{"line":19,"column":9},"end":{"line":19,"column":11}}],"line":19},"2":{"loc":{"start":{"line":20,"column":2},"end":{"line":20,"column":22}},"type":"default-arg","locations":[{"start":{"line":20,"column":10},"end":{"line":20,"column":22}}],"line":20},"3":{"loc":{"start":{"line":21,"column":2},"end":{"line":21,"column":34}},"type":"default-arg","locations":[{"start":{"line":21,"column":20},"end":{"line":21,"column":34}}],"line":21}},"s":{"0":0,"1":0,"2":0},"f":{"0":0},"b":{"0":[0],"1":[0],"2":[0],"3":[0]}}
,"/Users/ts1298/practice/ReadingTrackerApp/ReadingTrackerApp3/src/components/common/Input.tsx": {"path":"/Users/ts1298/practice/ReadingTrackerApp/ReadingTrackerApp3/src/components/common/Input.tsx","statementMap":{"0":{"start":{"line":23,"column":14},"end":{"line":44,"column":1}},"1":{"start":{"line":25,"column":4},"end":{"line":42,"column":6}},"2":{"start":{"line":46,"column":15},"end":{"line":78,"column":2}}},"fnMap":{"0":{"name":"(anonymous_0)","decl":{"start":{"line":24,"column":2},"end":{"line":24,"column":3}},"loc":{"start":{"line":24,"column":72},"end":{"line":43,"column":3}},"line":24}},"branchMap":{"0":{"loc":{"start":{"line":27,"column":9},"end":{"line":27,"column":59}},"type":"binary-expr","locations":[{"start":{"line":27,"column":9},"end":{"line":27,"column":14}},{"start":{"line":27,"column":18},"end":{"line":27,"column":59}}],"line":27},"1":{"loc":{"start":{"line":32,"column":12},"end":{"line":32,"column":38}},"type":"binary-expr","locations":[{"start":{"line":32,"column":12},"end":{"line":32,"column":17}},{"start":{"line":32,"column":21},"end":{"line":32,"column":38}}],"line":32},"2":{"loc":{"start":{"line":33,"column":12},"end":{"line":33,"column":44}},"type":"binary-expr","locations":[{"start":{"line":33,"column":12},"end":{"line":33,"column":20}},{"start":{"line":33,"column":24},"end":{"line":33,"column":44}}],"line":33},"3":{"loc":{"start":{"line":40,"column":9},"end":{"line":40,"column":63}},"type":"binary-expr","locations":[{"start":{"line":40,"column":9},"end":{"line":40,"column":14}},{"start":{"line":40,"column":18},"end":{"line":40,"column":63}}],"line":40}},"s":{"0":0,"1":0,"2":0},"f":{"0":0},"b":{"0":[0,0],"1":[0,0],"2":[0,0],"3":[0,0]}}
,"/Users/ts1298/practice/ReadingTrackerApp/ReadingTrackerApp3/src/components/common/Text.tsx": {"path":"/Users/ts1298/practice/ReadingTrackerApp/ReadingTrackerApp3/src/components/common/Text.tsx","statementMap":{"0":{"start":{"line":20,"column":34},"end":{"line":53,"column":1}},"1":{"start":{"line":32,"column":16},"end":{"line":32,"column":26}},"2":{"start":{"line":33,"column":20},"end":{"line":33,"column":47}},"3":{"start":{"line":35,"column":2},"end":{"line":52,"column":4}},"4":{"start":{"line":55,"column":15},"end":{"line":59,"column":2}}},"fnMap":{"0":{"name":"(anonymous_0)","decl":{"start":{"line":20,"column":34},"end":{"line":20,"column":35}},"loc":{"start":{"line":31,"column":6},"end":{"line":53,"column":1}},"line":31}},"branchMap":{"0":{"loc":{"start":{"line":21,"column":2},"end":{"line":21,"column":24}},"type":"default-arg","locations":[{"start":{"line":21,"column":12},"end":{"line":21,"column":24}}],"line":21},"1":{"loc":{"start":{"line":40,"column":8},"end":{"line":40,"column":26}},"type":"binary-expr","locations":[{"start":{"line":40,"column":8},"end":{"line":40,"column":13}},{"start":{"line":40,"column":17},"end":{"line":40,"column":26}}],"line":40},"2":{"loc":{"start":{"line":41,"column":8},"end":{"line":41,"column":34}},"type":"binary-expr","locations":[{"start":{"line":41,"column":8},"end":{"line":41,"column":17}},{"start":{"line":41,"column":21},"end":{"line":41,"column":34}}],"line":41}},"s":{"0":0,"1":0,"2":0,"3":0,"4":0},"f":{"0":0},"b":{"0":[0],"1":[0,0],"2":[0,0]}}
,"/Users/ts1298/practice/ReadingTrackerApp/ReadingTrackerApp3/src/components/common/index.ts": {"path":"/Users/ts1298/practice/ReadingTrackerApp/ReadingTrackerApp3/src/components/common/index.ts","statementMap":{},"fnMap":{},"branchMap":{},"s":{},"f":{},"b":{}}
,"/Users/ts1298/practice/ReadingTrackerApp/ReadingTrackerApp3/src/features/books/index.ts": {"path":"/Users/ts1298/practice/ReadingTrackerApp/ReadingTrackerApp3/src/features/books/index.ts","statementMap":{},"fnMap":{},"branchMap":{},"s":{},"f":{},"b":{}}
,"/Users/ts1298/practice/ReadingTrackerApp/ReadingTrackerApp3/src/features/books/components/BookForm.styles.ts": {"path":"/Users/ts1298/practice/ReadingTrackerApp/ReadingTrackerApp3/src/features/books/components/BookForm.styles.ts","statementMap":{"0":{"start":{"line":4,"column":22},"end":{"line":141,"column":2}}},"fnMap":{},"branchMap":{},"s":{"0":0},"f":{},"b":{}}
,"/Users/ts1298/practice/ReadingTrackerApp/ReadingTrackerApp3/src/features/books/components/BookForm.tsx": {"path":"/Users/ts1298/practice/ReadingTrackerApp/ReadingTrackerApp3/src/features/books/components/BookForm.tsx","statementMap":{"0":{"start":{"line":29,"column":26},"end":{"line":63,"column":13}},"1":{"start":{"line":75,"column":42},"end":{"line":423,"column":1}},"2":{"start":{"line":82,"column":46},"end":{"line":82,"column":61}},"3":{"start":{"line":83,"column":38},"end":{"line":83,"column":95}},"4":{"start":{"line":92,"column":6},"end":{"line":97,"column":4}},"5":{"start":{"line":99,"column":23},"end":{"line":99,"column":37}},"6":{"start":{"line":100,"column":29},"end":{"line":100,"column":49}},"7":{"start":{"line":101,"column":24},"end":{"line":101,"column":39}},"8":{"start":{"line":104,"column":19},"end":{"line":107,"column":40}},"9":{"start":{"line":105,"column":4},"end":{"line":105,"column":54}},"10":{"start":{"line":105,"column":45},"end":{"line":105,"column":54}},"11":{"start":{"line":106,"column":4},"end":{"line":106,"column":72}},"12":{"start":{"line":109,"column":20},"end":{"line":136,"column":16}},"13":{"start":{"line":110,"column":4},"end":{"line":135,"column":5}},"14":{"start":{"line":111,"column":6},"end":{"line":111,"column":30}},"15":{"start":{"line":112,"column":25},"end":{"line":112,"column":80}},"16":{"start":{"line":113,"column":6},"end":{"line":116,"column":7}},"17":{"start":{"line":114,"column":8},"end":{"line":114,"column":99}},"18":{"start":{"line":115,"column":8},"end":{"line":115,"column":15}},"19":{"start":{"line":118,"column":21},"end":{"line":123,"column":8}},"20":{"start":{"line":125,"column":6},"end":{"line":129,"column":7}},"21":{"start":{"line":126,"column":25},"end":{"line":126,"column":45}},"22":{"start":{"line":127,"column":8},"end":{"line":127,"column":32}},"23":{"start":{"line":128,"column":8},"end":{"line":128,"column":64}},"24":{"start":{"line":131,"column":6},"end":{"line":131,"column":51}},"25":{"start":{"line":132,"column":6},"end":{"line":132,"column":70}},"26":{"start":{"line":134,"column":6},"end":{"line":134,"column":31}},"27":{"start":{"line":138,"column":22},"end":{"line":141,"column":16}},"28":{"start":{"line":139,"column":4},"end":{"line":139,"column":24}},"29":{"start":{"line":140,"column":4},"end":{"line":140,"column":54}},"30":{"start":{"line":143,"column":2},"end":{"line":422,"column":4}},"31":{"start":{"line":175,"column":12},"end":{"line":183,"column":14}},"32":{"start":{"line":192,"column":12},"end":{"line":200,"column":14}},"33":{"start":{"line":211,"column":16},"end":{"line":219,"column":18}},"34":{"start":{"line":230,"column":16},"end":{"line":238,"column":18}},"35":{"start":{"line":249,"column":12},"end":{"line":257,"column":14}},"36":{"start":{"line":266,"column":12},"end":{"line":276,"column":14}},"37":{"start":{"line":285,"column":12},"end":{"line":292,"column":14}},"38":{"start":{"line":301,"column":12},"end":{"line":309,"column":14}},"39":{"start":{"line":318,"column":12},"end":{"line":338,"column":19}},"40":{"start":{"line":322,"column":18},"end":{"line":332,"column":37}},"41":{"start":{"line":324,"column":35},"end":{"line":324,"column":49}},"42":{"start":{"line":347,"column":12},"end":{"line":353,"column":14}},"43":{"start":{"line":362,"column":12},"end":{"line":372,"column":14}},"44":{"start":{"line":381,"column":12},"end":{"line":395,"column":19}}},"fnMap":{"0":{"name":"(anonymous_0)","decl":{"start":{"line":75,"column":42},"end":{"line":75,"column":43}},"loc":{"start":{"line":81,"column":6},"end":{"line":423,"column":1}},"line":81},"1":{"name":"(anonymous_1)","decl":{"start":{"line":104,"column":27},"end":{"line":104,"column":28}},"loc":{"start":{"line":104,"column":33},"end":{"line":107,"column":3}},"line":104},"2":{"name":"(anonymous_2)","decl":{"start":{"line":109,"column":32},"end":{"line":109,"column":33}},"loc":{"start":{"line":109,"column":44},"end":{"line":136,"column":3}},"line":109},"3":{"name":"(anonymous_3)","decl":{"start":{"line":138,"column":34},"end":{"line":138,"column":35}},"loc":{"start":{"line":138,"column":40},"end":{"line":141,"column":3}},"line":138},"4":{"name":"(anonymous_4)","decl":{"start":{"line":174,"column":18},"end":{"line":174,"column":19}},"loc":{"start":{"line":175,"column":12},"end":{"line":183,"column":14}},"line":175},"5":{"name":"(anonymous_5)","decl":{"start":{"line":191,"column":18},"end":{"line":191,"column":19}},"loc":{"start":{"line":192,"column":12},"end":{"line":200,"column":14}},"line":192},"6":{"name":"(anonymous_6)","decl":{"start":{"line":210,"column":22},"end":{"line":210,"column":23}},"loc":{"start":{"line":211,"column":16},"end":{"line":219,"column":18}},"line":211},"7":{"name":"(anonymous_7)","decl":{"start":{"line":229,"column":22},"end":{"line":229,"column":23}},"loc":{"start":{"line":230,"column":16},"end":{"line":238,"column":18}},"line":230},"8":{"name":"(anonymous_8)","decl":{"start":{"line":248,"column":18},"end":{"line":248,"column":19}},"loc":{"start":{"line":249,"column":12},"end":{"line":257,"column":14}},"line":249},"9":{"name":"(anonymous_9)","decl":{"start":{"line":265,"column":18},"end":{"line":265,"column":19}},"loc":{"start":{"line":266,"column":12},"end":{"line":276,"column":14}},"line":266},"10":{"name":"(anonymous_10)","decl":{"start":{"line":284,"column":18},"end":{"line":284,"column":19}},"loc":{"start":{"line":285,"column":12},"end":{"line":292,"column":14}},"line":285},"11":{"name":"(anonymous_11)","decl":{"start":{"line":300,"column":18},"end":{"line":300,"column":19}},"loc":{"start":{"line":301,"column":12},"end":{"line":309,"column":14}},"line":301},"12":{"name":"(anonymous_12)","decl":{"start":{"line":317,"column":18},"end":{"line":317,"column":19}},"loc":{"start":{"line":318,"column":12},"end":{"line":338,"column":19}},"line":318},"13":{"name":"(anonymous_13)","decl":{"start":{"line":321,"column":37},"end":{"line":321,"column":38}},"loc":{"start":{"line":322,"column":18},"end":{"line":332,"column":37}},"line":322},"14":{"name":"(anonymous_14)","decl":{"start":{"line":324,"column":29},"end":{"line":324,"column":30}},"loc":{"start":{"line":324,"column":35},"end":{"line":324,"column":49}},"line":324},"15":{"name":"(anonymous_15)","decl":{"start":{"line":346,"column":18},"end":{"line":346,"column":19}},"loc":{"start":{"line":347,"column":12},"end":{"line":353,"column":14}},"line":347},"16":{"name":"(anonymous_16)","decl":{"start":{"line":361,"column":18},"end":{"line":361,"column":19}},"loc":{"start":{"line":362,"column":12},"end":{"line":372,"column":14}},"line":362},"17":{"name":"(anonymous_17)","decl":{"start":{"line":380,"column":18},"end":{"line":380,"column":19}},"loc":{"start":{"line":381,"column":12},"end":{"line":395,"column":19}},"line":381}},"branchMap":{"0":{"loc":{"start":{"line":76,"column":2},"end":{"line":76,"column":20}},"type":"default-arg","locations":[{"start":{"line":76,"column":18},"end":{"line":76,"column":20}}],"line":76},"1":{"loc":{"start":{"line":78,"column":2},"end":{"line":78,"column":22}},"type":"default-arg","locations":[{"start":{"line":78,"column":17},"end":{"line":78,"column":22}}],"line":78},"2":{"loc":{"start":{"line":79,"column":2},"end":{"line":79,"column":27}},"type":"default-arg","locations":[{"start":{"line":79,"column":21},"end":{"line":79,"column":27}}],"line":79},"3":{"loc":{"start":{"line":83,"column":62},"end":{"line":83,"column":94}},"type":"binary-expr","locations":[{"start":{"line":83,"column":62},"end":{"line":83,"column":86}},{"start":{"line":83,"column":90},"end":{"line":83,"column":94}}],"line":83},"4":{"loc":{"start":{"line":105,"column":4},"end":{"line":105,"column":54}},"type":"if","locations":[{"start":{"line":105,"column":4},"end":{"line":105,"column":54}},{"start":{},"end":{}}],"line":105},"5":{"loc":{"start":{"line":105,"column":8},"end":{"line":105,"column":43}},"type":"binary-expr","locations":[{"start":{"line":105,"column":8},"end":{"line":105,"column":21}},{"start":{"line":105,"column":25},"end":{"line":105,"column":43}}],"line":105},"6":{"loc":{"start":{"line":106,"column":24},"end":{"line":106,"column":47}},"type":"binary-expr","locations":[{"start":{"line":106,"column":24},"end":{"line":106,"column":42}},{"start":{"line":106,"column":46},"end":{"line":106,"column":47}}],"line":106},"7":{"loc":{"start":{"line":113,"column":6},"end":{"line":116,"column":7}},"type":"if","locations":[{"start":{"line":113,"column":6},"end":{"line":116,"column":7}},{"start":{},"end":{}}],"line":113},"8":{"loc":{"start":{"line":125,"column":6},"end":{"line":129,"column":7}},"type":"if","locations":[{"start":{"line":125,"column":6},"end":{"line":129,"column":7}},{"start":{},"end":{}}],"line":125},"9":{"loc":{"start":{"line":125,"column":10},"end":{"line":125,"column":63}},"type":"binary-expr","locations":[{"start":{"line":125,"column":10},"end":{"line":125,"column":26}},{"start":{"line":125,"column":30},"end":{"line":125,"column":43}},{"start":{"line":125,"column":47},"end":{"line":125,"column":63}}],"line":125},"10":{"loc":{"start":{"line":146,"column":16},"end":{"line":146,"column":60}},"type":"cond-expr","locations":[{"start":{"line":146,"column":40},"end":{"line":146,"column":49}},{"start":{"line":146,"column":52},"end":{"line":146,"column":60}}],"line":146},"11":{"loc":{"start":{"line":147,"column":30},"end":{"line":147,"column":60}},"type":"cond-expr","locations":[{"start":{"line":147,"column":54},"end":{"line":147,"column":56}},{"start":{"line":147,"column":59},"end":{"line":147,"column":60}}],"line":147},"12":{"loc":{"start":{"line":155,"column":15},"end":{"line":167,"column":15}},"type":"cond-expr","locations":[{"start":{"line":156,"column":16},"end":{"line":161,"column":19}},{"start":{"line":163,"column":16},"end":{"line":166,"column":35}}],"line":155},"13":{"loc":{"start":{"line":216,"column":25},"end":{"line":216,"column":54}},"type":"cond-expr","locations":[{"start":{"line":216,"column":33},"end":{"line":216,"column":49}},{"start":{"line":216,"column":52},"end":{"line":216,"column":54}}],"line":216},"14":{"loc":{"start":{"line":235,"column":25},"end":{"line":235,"column":54}},"type":"cond-expr","locations":[{"start":{"line":235,"column":33},"end":{"line":235,"column":49}},{"start":{"line":235,"column":52},"end":{"line":235,"column":54}}],"line":235},"15":{"loc":{"start":{"line":328,"column":28},"end":{"line":328,"column":76}},"type":"cond-expr","locations":[{"start":{"line":328,"column":53},"end":{"line":328,"column":59}},{"start":{"line":328,"column":62},"end":{"line":328,"column":76}}],"line":328},"16":{"loc":{"start":{"line":328,"column":28},"end":{"line":328,"column":50}},"type":"binary-expr","locations":[{"start":{"line":328,"column":28},"end":{"line":328,"column":33}},{"start":{"line":328,"column":37},"end":{"line":328,"column":50}}],"line":328},"17":{"loc":{"start":{"line":335,"column":15},"end":{"line":337,"column":15}},"type":"binary-expr","locations":[{"start":{"line":335,"column":15},"end":{"line":335,"column":37}},{"start":{"line":336,"column":16},"end":{"line":336,"column":77}}],"line":335},"18":{"loc":{"start":{"line":401,"column":9},"end":{"line":410,"column":9}},"type":"binary-expr","locations":[{"start":{"line":401,"column":9},"end":{"line":401,"column":45}},{"start":{"line":401,"column":49},"end":{"line":401,"column":61}},{"start":{"line":402,"column":10},"end":{"line":409,"column":17}}],"line":401},"19":{"loc":{"start":{"line":404,"column":25},"end":{"line":404,"column":48}},"type":"binary-expr","locations":[{"start":{"line":404,"column":25},"end":{"line":404,"column":43}},{"start":{"line":404,"column":47},"end":{"line":404,"column":48}}],"line":404}},"s":{"0":0,"1":0,"2":0,"3":0,"4":0,"5":0,"6":0,"7":0,"8":0,"9":0,"10":0,"11":0,"12":0,"13":0,"14":0,"15":0,"16":0,"17":0,"18":0,"19":0,"20":0,"21":0,"22":0,"23":0,"24":0,"25":0,"26":0,"27":0,"28":0,"29":0,"30":0,"31":0,"32":0,"33":0,"34":0,"35":0,"36":0,"37":0,"38":0,"39":0,"40":0,"41":0,"42":0,"43":0,"44":0},"f":{"0":0,"1":0,"2":0,"3":0,"4":0,"5":0,"6":0,"7":0,"8":0,"9":0,"10":0,"11":0,"12":0,"13":0,"14":0,"15":0,"16":0,"17":0},"b":{"0":[0],"1":[0],"2":[0],"3":[0,0],"4":[0,0],"5":[0,0],"6":[0,0],"7":[0,0],"8":[0,0],"9":[0,0,0],"10":[0,0],"11":[0,0],"12":[0,0],"13":[0,0],"14":[0,0],"15":[0,0],"16":[0,0],"17":[0,0],"18":[0,0,0],"19":[0,0]}}
,"/Users/ts1298/practice/ReadingTrackerApp/ReadingTrackerApp3/src/features/books/components/index.ts": {"path":"/Users/ts1298/practice/ReadingTrackerApp/ReadingTrackerApp3/src/features/books/components/index.ts","statementMap":{},"fnMap":{},"branchMap":{},"s":{},"f":{},"b":{}}
,"/Users/ts1298/practice/ReadingTrackerApp/ReadingTrackerApp3/src/features/books/hooks/index.ts": {"path":"/Users/ts1298/practice/ReadingTrackerApp/ReadingTrackerApp3/src/features/books/hooks/index.ts","statementMap":{},"fnMap":{},"branchMap":{},"s":{},"f":{},"b":{}}
,"/Users/ts1298/practice/ReadingTrackerApp/ReadingTrackerApp3/src/features/books/screens/AddBook.tsx": {"path":"/Users/ts1298/practice/ReadingTrackerApp/ReadingTrackerApp3/src/features/books/screens/AddBook.tsx","statementMap":{"0":{"start":{"line":20,"column":16},"end":{"line":58,"column":1}},"1":{"start":{"line":21,"column":21},"end":{"line":21,"column":59}},"2":{"start":{"line":22,"column":19},"end":{"line":22,"column":35}},"3":{"start":{"line":23,"column":42},"end":{"line":23,"column":57}},"4":{"start":{"line":25,"column":23},"end":{"line":47,"column":3}},"5":{"start":{"line":26,"column":4},"end":{"line":46,"column":5}},"6":{"start":{"line":27,"column":6},"end":{"line":27,"column":28}},"7":{"start":{"line":29,"column":23},"end":{"line":37,"column":7}},"8":{"start":{"line":39,"column":6},"end":{"line":39,"column":45}},"9":{"start":{"line":40,"column":6},"end":{"line":40,"column":26}},"10":{"start":{"line":42,"column":6},"end":{"line":42,"column":50}},"11":{"start":{"line":43,"column":6},"end":{"line":43,"column":68}},"12":{"start":{"line":45,"column":6},"end":{"line":45,"column":29}},"13":{"start":{"line":49,"column":2},"end":{"line":57,"column":4}},"14":{"start":{"line":60,"column":15},"end":{"line":65,"column":2}}},"fnMap":{"0":{"name":"(anonymous_0)","decl":{"start":{"line":20,"column":16},"end":{"line":20,"column":17}},"loc":{"start":{"line":20,"column":22},"end":{"line":58,"column":1}},"line":20},"1":{"name":"(anonymous_1)","decl":{"start":{"line":25,"column":23},"end":{"line":25,"column":24}},"loc":{"start":{"line":25,"column":49},"end":{"line":47,"column":3}},"line":25}},"branchMap":{"0":{"loc":{"start":{"line":31,"column":21},"end":{"line":31,"column":42}},"type":"binary-expr","locations":[{"start":{"line":31,"column":21},"end":{"line":31,"column":37}},{"start":{"line":31,"column":41},"end":{"line":31,"column":42}}],"line":31},"1":{"loc":{"start":{"line":32,"column":16},"end":{"line":32,"column":97}},"type":"cond-expr","locations":[{"start":{"line":32,"column":59},"end":{"line":32,"column":77}},{"start":{"line":32,"column":80},"end":{"line":32,"column":97}}],"line":32},"2":{"loc":{"start":{"line":32,"column":16},"end":{"line":32,"column":56}},"type":"binary-expr","locations":[{"start":{"line":32,"column":16},"end":{"line":32,"column":32}},{"start":{"line":32,"column":36},"end":{"line":32,"column":56}}],"line":32},"3":{"loc":{"start":{"line":36,"column":19},"end":{"line":36,"column":98}},"type":"cond-expr","locations":[{"start":{"line":36,"column":62},"end":{"line":36,"column":86}},{"start":{"line":36,"column":89},"end":{"line":36,"column":98}}],"line":36},"4":{"loc":{"start":{"line":36,"column":19},"end":{"line":36,"column":59}},"type":"binary-expr","locations":[{"start":{"line":36,"column":19},"end":{"line":36,"column":35}},{"start":{"line":36,"column":39},"end":{"line":36,"column":59}}],"line":36}},"s":{"0":0,"1":0,"2":0,"3":0,"4":0,"5":0,"6":0,"7":0,"8":0,"9":0,"10":0,"11":0,"12":0,"13":0,"14":0},"f":{"0":0,"1":0},"b":{"0":[0,0],"1":[0,0],"2":[0,0],"3":[0,0],"4":[0,0]}}
,"/Users/ts1298/practice/ReadingTrackerApp/ReadingTrackerApp3/src/features/books/screens/BookDetails.tsx": {"path":"/Users/ts1298/practice/ReadingTrackerApp/ReadingTrackerApp3/src/features/books/screens/BookDetails.tsx","statementMap":{"0":{"start":{"line":35,"column":19},"end":{"line":62,"column":2}},"1":{"start":{"line":74,"column":20},"end":{"line":437,"column":1}},"2":{"start":{"line":75,"column":21},"end":{"line":75,"column":63}},"3":{"start":{"line":76,"column":16},"end":{"line":76,"column":48}},"4":{"start":{"line":77,"column":19},"end":{"line":77,"column":35}},"5":{"start":{"line":79,"column":30},"end":{"line":79,"column":42}},"6":{"start":{"line":80,"column":15},"end":{"line":82,"column":24}},"7":{"start":{"line":81,"column":4},"end":{"line":81,"column":56}},"8":{"start":{"line":81,"column":34},"end":{"line":81,"column":55}},"9":{"start":{"line":84,"column":60},"end":{"line":84,"column":75}},"10":{"start":{"line":85,"column":40},"end":{"line":85,"column":85}},"11":{"start":{"line":86,"column":36},"end":{"line":86,"column":51}},"12":{"start":{"line":88,"column":2},"end":{"line":94,"column":3}},"13":{"start":{"line":89,"column":4},"end":{"line":93,"column":6}},"14":{"start":{"line":96,"column":19},"end":{"line":96,"column":85}},"15":{"start":{"line":97,"column":20},"end":{"line":97,"column":54}},"16":{"start":{"line":98,"column":21},"end":{"line":98,"column":56}},"17":{"start":{"line":99,"column":19},"end":{"line":99,"column":68}},"18":{"start":{"line":101,"column":31},"end":{"line":123,"column":50}},"19":{"start":{"line":102,"column":4},"end":{"line":102,"column":28}},"20":{"start":{"line":102,"column":21},"end":{"line":102,"column":28}},"21":{"start":{"line":104,"column":17},"end":{"line":104,"column":42}},"22":{"start":{"line":105,"column":4},"end":{"line":108,"column":5}},"23":{"start":{"line":106,"column":6},"end":{"line":106,"column":92}},"24":{"start":{"line":107,"column":6},"end":{"line":107,"column":13}},"25":{"start":{"line":110,"column":4},"end":{"line":110,"column":22}},"26":{"start":{"line":111,"column":4},"end":{"line":122,"column":5}},"27":{"start":{"line":112,"column":6},"end":{"line":116,"column":10}},"28":{"start":{"line":117,"column":6},"end":{"line":117,"column":37}},"29":{"start":{"line":119,"column":6},"end":{"line":119,"column":64}},"30":{"start":{"line":121,"column":6},"end":{"line":121,"column":25}},"31":{"start":{"line":125,"column":29},"end":{"line":131,"column":25}},"32":{"start":{"line":126,"column":4},"end":{"line":130,"column":5}},"33":{"start":{"line":127,"column":6},"end":{"line":127,"column":44}},"34":{"start":{"line":129,"column":6},"end":{"line":129,"column":54}},"35":{"start":{"line":133,"column":30},"end":{"line":143,"column":38}},"36":{"start":{"line":134,"column":4},"end":{"line":142,"column":5}},"37":{"start":{"line":135,"column":6},"end":{"line":139,"column":10}},"38":{"start":{"line":141,"column":6},"end":{"line":141,"column":57}},"39":{"start":{"line":145,"column":27},"end":{"line":166,"column":3}},"40":{"start":{"line":146,"column":4},"end":{"line":165,"column":6}},"41":{"start":{"line":155,"column":12},"end":{"line":161,"column":13}},"42":{"start":{"line":156,"column":14},"end":{"line":156,"column":50}},"43":{"start":{"line":157,"column":14},"end":{"line":157,"column":34}},"44":{"start":{"line":159,"column":14},"end":{"line":159,"column":61}},"45":{"start":{"line":160,"column":14},"end":{"line":160,"column":83}},"46":{"start":{"line":168,"column":21},"end":{"line":170,"column":24}},"47":{"start":{"line":169,"column":4},"end":{"line":169,"column":46}},"48":{"start":{"line":172,"column":23},"end":{"line":200,"column":61}},"49":{"start":{"line":173,"column":4},"end":{"line":199,"column":11}},"50":{"start":{"line":189,"column":12},"end":{"line":195,"column":14}},"51":{"start":{"line":202,"column":30},"end":{"line":235,"column":88}},"52":{"start":{"line":203,"column":4},"end":{"line":234,"column":11}},"53":{"start":{"line":206,"column":35},"end":{"line":206,"column":64}},"54":{"start":{"line":237,"column":32},"end":{"line":294,"column":110}},"55":{"start":{"line":238,"column":4},"end":{"line":293,"column":11}},"56":{"start":{"line":242,"column":25},"end":{"line":242,"column":54}},"57":{"start":{"line":296,"column":2},"end":{"line":436,"column":4}},"58":{"start":{"line":323,"column":18},"end":{"line":335,"column":25}},"59":{"start":{"line":373,"column":25},"end":{"line":373,"column":66}},"60":{"start":{"line":391,"column":30},"end":{"line":391,"column":60}},"61":{"start":{"line":397,"column":47},"end":{"line":397,"column":77}},"62":{"start":{"line":420,"column":31},"end":{"line":420,"column":61}},"63":{"start":{"line":439,"column":15},"end":{"line":650,"column":2}}},"fnMap":{"0":{"name":"(anonymous_0)","decl":{"start":{"line":74,"column":20},"end":{"line":74,"column":21}},"loc":{"start":{"line":74,"column":26},"end":{"line":437,"column":1}},"line":74},"1":{"name":"(anonymous_1)","decl":{"start":{"line":80,"column":30},"end":{"line":80,"column":31}},"loc":{"start":{"line":81,"column":4},"end":{"line":81,"column":56}},"line":81},"2":{"name":"(anonymous_2)","decl":{"start":{"line":81,"column":27},"end":{"line":81,"column":28}},"loc":{"start":{"line":81,"column":34},"end":{"line":81,"column":55}},"line":81},"3":{"name":"(anonymous_3)","decl":{"start":{"line":101,"column":43},"end":{"line":101,"column":44}},"loc":{"start":{"line":101,"column":55},"end":{"line":123,"column":3}},"line":101},"4":{"name":"(anonymous_4)","decl":{"start":{"line":125,"column":41},"end":{"line":125,"column":42}},"loc":{"start":{"line":125,"column":53},"end":{"line":131,"column":3}},"line":125},"5":{"name":"(anonymous_5)","decl":{"start":{"line":133,"column":42},"end":{"line":133,"column":43}},"loc":{"start":{"line":133,"column":54},"end":{"line":143,"column":3}},"line":133},"6":{"name":"(anonymous_6)","decl":{"start":{"line":145,"column":27},"end":{"line":145,"column":28}},"loc":{"start":{"line":145,"column":39},"end":{"line":166,"column":3}},"line":145},"7":{"name":"(anonymous_7)","decl":{"start":{"line":154,"column":19},"end":{"line":154,"column":20}},"loc":{"start":{"line":154,"column":31},"end":{"line":162,"column":11}},"line":154},"8":{"name":"(anonymous_8)","decl":{"start":{"line":168,"column":33},"end":{"line":168,"column":34}},"loc":{"start":{"line":168,"column":39},"end":{"line":170,"column":3}},"line":168},"9":{"name":"(anonymous_9)","decl":{"start":{"line":172,"column":35},"end":{"line":172,"column":36}},"loc":{"start":{"line":173,"column":4},"end":{"line":199,"column":11}},"line":173},"10":{"name":"(anonymous_10)","decl":{"start":{"line":188,"column":31},"end":{"line":188,"column":32}},"loc":{"start":{"line":189,"column":12},"end":{"line":195,"column":14}},"line":189},"11":{"name":"(anonymous_11)","decl":{"start":{"line":202,"column":42},"end":{"line":202,"column":43}},"loc":{"start":{"line":203,"column":4},"end":{"line":234,"column":11}},"line":203},"12":{"name":"(anonymous_12)","decl":{"start":{"line":206,"column":29},"end":{"line":206,"column":30}},"loc":{"start":{"line":206,"column":35},"end":{"line":206,"column":64}},"line":206},"13":{"name":"(anonymous_13)","decl":{"start":{"line":237,"column":44},"end":{"line":237,"column":45}},"loc":{"start":{"line":238,"column":4},"end":{"line":293,"column":11}},"line":238},"14":{"name":"(anonymous_14)","decl":{"start":{"line":242,"column":19},"end":{"line":242,"column":20}},"loc":{"start":{"line":242,"column":25},"end":{"line":242,"column":54}},"line":242},"15":{"name":"(anonymous_15)","decl":{"start":{"line":322,"column":37},"end":{"line":322,"column":38}},"loc":{"start":{"line":323,"column":18},"end":{"line":335,"column":25}},"line":323},"16":{"name":"(anonymous_16)","decl":{"start":{"line":373,"column":19},"end":{"line":373,"column":20}},"loc":{"start":{"line":373,"column":25},"end":{"line":373,"column":66}},"line":373},"17":{"name":"(anonymous_17)","decl":{"start":{"line":391,"column":24},"end":{"line":391,"column":25}},"loc":{"start":{"line":391,"column":30},"end":{"line":391,"column":60}},"line":391},"18":{"name":"(anonymous_18)","decl":{"start":{"line":397,"column":41},"end":{"line":397,"column":42}},"loc":{"start":{"line":397,"column":47},"end":{"line":397,"column":77}},"line":397},"19":{"name":"(anonymous_19)","decl":{"start":{"line":420,"column":25},"end":{"line":420,"column":26}},"loc":{"start":{"line":420,"column":31},"end":{"line":420,"column":61}},"line":420}},"branchMap":{"0":{"loc":{"start":{"line":80,"column":15},"end":{"line":82,"column":24}},"type":"binary-expr","locations":[{"start":{"line":80,"column":15},"end":{"line":82,"column":3}},{"start":{"line":82,"column":7},"end":{"line":82,"column":24}}],"line":80},"1":{"loc":{"start":{"line":85,"column":49},"end":{"line":85,"column":84}},"type":"binary-expr","locations":[{"start":{"line":85,"column":49},"end":{"line":85,"column":77}},{"start":{"line":85,"column":81},"end":{"line":85,"column":84}}],"line":85},"2":{"loc":{"start":{"line":88,"column":2},"end":{"line":94,"column":3}},"type":"if","locations":[{"start":{"line":88,"column":2},"end":{"line":94,"column":3}},{"start":{},"end":{}}],"line":88},"3":{"loc":{"start":{"line":96,"column":19},"end":{"line":96,"column":85}},"type":"cond-expr","locations":[{"start":{"line":96,"column":32},"end":{"line":96,"column":81}},{"start":{"line":96,"column":84},"end":{"line":96,"column":85}}],"line":96},"4":{"loc":{"start":{"line":99,"column":19},"end":{"line":99,"column":68}},"type":"binary-expr","locations":[{"start":{"line":99,"column":19},"end":{"line":99,"column":52}},{"start":{"line":99,"column":56},"end":{"line":99,"column":68}}],"line":99},"5":{"loc":{"start":{"line":102,"column":4},"end":{"line":102,"column":28}},"type":"if","locations":[{"start":{"line":102,"column":4},"end":{"line":102,"column":28}},{"start":{},"end":{}}],"line":102},"6":{"loc":{"start":{"line":105,"column":4},"end":{"line":108,"column":5}},"type":"if","locations":[{"start":{"line":105,"column":4},"end":{"line":108,"column":5}},{"start":{},"end":{}}],"line":105},"7":{"loc":{"start":{"line":105,"column":8},"end":{"line":105,"column":52}},"type":"binary-expr","locations":[{"start":{"line":105,"column":8},"end":{"line":105,"column":19}},{"start":{"line":105,"column":23},"end":{"line":105,"column":31}},{"start":{"line":105,"column":35},"end":{"line":105,"column":52}}],"line":105},"8":{"loc":{"start":{"line":174,"column":7},"end":{"line":180,"column":7}},"type":"cond-expr","locations":[{"start":{"line":175,"column":8},"end":{"line":175,"column":77}},{"start":{"line":177,"column":8},"end":{"line":179,"column":15}}],"line":174},"9":{"loc":{"start":{"line":186,"column":7},"end":{"line":198,"column":7}},"type":"binary-expr","locations":[{"start":{"line":186,"column":7},"end":{"line":186,"column":18}},{"start":{"line":186,"column":22},"end":{"line":186,"column":37}},{"start":{"line":187,"column":8},"end":{"line":197,"column":15}}],"line":186},"10":{"loc":{"start":{"line":191,"column":20},"end":{"line":191,"column":72}},"type":"cond-expr","locations":[{"start":{"line":191,"column":49},"end":{"line":191,"column":55}},{"start":{"line":191,"column":58},"end":{"line":191,"column":72}}],"line":191},"11":{"loc":{"start":{"line":191,"column":29},"end":{"line":191,"column":45}},"type":"binary-expr","locations":[{"start":{"line":191,"column":29},"end":{"line":191,"column":40}},{"start":{"line":191,"column":44},"end":{"line":191,"column":45}}],"line":191},"12":{"loc":{"start":{"line":205,"column":15},"end":{"line":205,"column":62}},"type":"cond-expr","locations":[{"start":{"line":205,"column":27},"end":{"line":205,"column":44}},{"start":{"line":205,"column":47},"end":{"line":205,"column":62}}],"line":205},"13":{"loc":{"start":{"line":206,"column":17},"end":{"line":206,"column":85}},"type":"cond-expr","locations":[{"start":{"line":206,"column":29},"end":{"line":206,"column":64}},{"start":{"line":206,"column":67},"end":{"line":206,"column":85}}],"line":206},"14":{"loc":{"start":{"line":207,"column":17},"end":{"line":207,"column":52}},"type":"cond-expr","locations":[{"start":{"line":207,"column":29},"end":{"line":207,"column":38}},{"start":{"line":207,"column":41},"end":{"line":207,"column":52}}],"line":207},"15":{"loc":{"start":{"line":211,"column":7},"end":{"line":218,"column":7}},"type":"binary-expr","locations":[{"start":{"line":211,"column":7},"end":{"line":211,"column":16}},{"start":{"line":212,"column":8},"end":{"line":217,"column":10}}],"line":211},"16":{"loc":{"start":{"line":249,"column":7},"end":{"line":292,"column":7}},"type":"cond-expr","locations":[{"start":{"line":250,"column":8},"end":{"line":287,"column":11}},{"start":{"line":289,"column":8},"end":{"line":291,"column":15}}],"line":249},"17":{"loc":{"start":{"line":257,"column":35},"end":{"line":257,"column":79}},"type":"cond-expr","locations":[{"start":{"line":257,"column":48},"end":{"line":257,"column":62}},{"start":{"line":257,"column":65},"end":{"line":257,"column":79}}],"line":257},"18":{"loc":{"start":{"line":263,"column":15},"end":{"line":263,"column":36}},"type":"binary-expr","locations":[{"start":{"line":263,"column":15},"end":{"line":263,"column":31}},{"start":{"line":263,"column":35},"end":{"line":263,"column":36}}],"line":263},"19":{"loc":{"start":{"line":267,"column":11},"end":{"line":286,"column":11}},"type":"binary-expr","locations":[{"start":{"line":267,"column":11},"end":{"line":267,"column":22}},{"start":{"line":268,"column":12},"end":{"line":285,"column":19}}],"line":267},"20":{"loc":{"start":{"line":269,"column":15},"end":{"line":284,"column":15}},"type":"cond-expr","locations":[{"start":{"line":270,"column":16},"end":{"line":276,"column":18}},{"start":{"line":278,"column":16},"end":{"line":283,"column":18}}],"line":269},"21":{"loc":{"start":{"line":310,"column":46},"end":{"line":310,"column":65}},"type":"binary-expr","locations":[{"start":{"line":310,"column":46},"end":{"line":310,"column":56}},{"start":{"line":310,"column":60},"end":{"line":310,"column":65}}],"line":310},"22":{"loc":{"start":{"line":312,"column":11},"end":{"line":317,"column":11}},"type":"binary-expr","locations":[{"start":{"line":312,"column":11},"end":{"line":312,"column":20}},{"start":{"line":313,"column":12},"end":{"line":316,"column":19}}],"line":312},"23":{"loc":{"start":{"line":318,"column":11},"end":{"line":339,"column":11}},"type":"binary-expr","locations":[{"start":{"line":318,"column":11},"end":{"line":318,"column":38}},{"start":{"line":319,"column":12},"end":{"line":338,"column":19}}],"line":318},"24":{"loc":{"start":{"line":340,"column":11},"end":{"line":347,"column":11}},"type":"binary-expr","locations":[{"start":{"line":340,"column":11},"end":{"line":340,"column":25}},{"start":{"line":341,"column":12},"end":{"line":346,"column":19}}],"line":340},"25":{"loc":{"start":{"line":348,"column":11},"end":{"line":355,"column":11}},"type":"binary-expr","locations":[{"start":{"line":348,"column":11},"end":{"line":348,"column":26}},{"start":{"line":349,"column":12},"end":{"line":354,"column":19}}],"line":348},"26":{"loc":{"start":{"line":359,"column":9},"end":{"line":366,"column":9}},"type":"binary-expr","locations":[{"start":{"line":359,"column":9},"end":{"line":359,"column":25}},{"start":{"line":360,"column":10},"end":{"line":365,"column":17}}],"line":359},"27":{"loc":{"start":{"line":411,"column":15},"end":{"line":415,"column":15}},"type":"binary-expr","locations":[{"start":{"line":411,"column":15},"end":{"line":411,"column":25}},{"start":{"line":412,"column":16},"end":{"line":414,"column":23}}],"line":411},"28":{"loc":{"start":{"line":413,"column":40},"end":{"line":413,"column":58}},"type":"binary-expr","locations":[{"start":{"line":413,"column":40},"end":{"line":413,"column":51}},{"start":{"line":413,"column":55},"end":{"line":413,"column":58}}],"line":413},"29":{"loc":{"start":{"line":425,"column":23},"end":{"line":425,"column":60}},"type":"cond-expr","locations":[{"start":{"line":425,"column":36},"end":{"line":425,"column":49}},{"start":{"line":425,"column":52},"end":{"line":425,"column":60}}],"line":425},"30":{"loc":{"start":{"line":620,"column":18},"end":{"line":620,"column":49}},"type":"cond-expr","locations":[{"start":{"line":620,"column":42},"end":{"line":620,"column":44}},{"start":{"line":620,"column":47},"end":{"line":620,"column":49}}],"line":620}},"s":{"0":0,"1":0,"2":0,"3":0,"4":0,"5":0,"6":0,"7":0,"8":0,"9":0,"10":0,"11":0,"12":0,"13":0,"14":0,"15":0,"16":0,"17":0,"18":0,"19":0,"20":0,"21":0,"22":0,"23":0,"24":0,"25":0,"26":0,"27":0,"28":0,"29":0,"30":0,"31":0,"32":0,"33":0,"34":0,"35":0,"36":0,"37":0,"38":0,"39":0,"40":0,"41":0,"42":0,"43":0,"44":0,"45":0,"46":0,"47":0,"48":0,"49":0,"50":0,"51":0,"52":0,"53":0,"54":0,"55":0,"56":0,"57":0,"58":0,"59":0,"60":0,"61":0,"62":0,"63":0},"f":{"0":0,"1":0,"2":0,"3":0,"4":0,"5":0,"6":0,"7":0,"8":0,"9":0,"10":0,"11":0,"12":0,"13":0,"14":0,"15":0,"16":0,"17":0,"18":0,"19":0},"b":{"0":[0,0],"1":[0,0],"2":[0,0],"3":[0,0],"4":[0,0],"5":[0,0],"6":[0,0],"7":[0,0,0],"8":[0,0],"9":[0,0,0],"10":[0,0],"11":[0,0],"12":[0,0],"13":[0,0],"14":[0,0],"15":[0,0],"16":[0,0],"17":[0,0],"18":[0,0],"19":[0,0],"20":[0,0],"21":[0,0],"22":[0,0],"23":[0,0],"24":[0,0],"25":[0,0],"26":[0,0],"27":[0,0],"28":[0,0],"29":[0,0],"30":[0,0]}}
,"/Users/ts1298/practice/ReadingTrackerApp/ReadingTrackerApp3/src/features/books/screens/BookList.tsx": {"path":"/Users/ts1298/practice/ReadingTrackerApp/ReadingTrackerApp3/src/features/books/screens/BookList.tsx","statementMap":{"0":{"start":{"line":17,"column":17},"end":{"line":58,"column":2}},"1":{"start":{"line":18,"column":2},"end":{"line":57,"column":21}},"2":{"start":{"line":20,"column":19},"end":{"line":20,"column":32}},"3":{"start":{"line":60,"column":17},"end":{"line":100,"column":1}},"4":{"start":{"line":61,"column":21},"end":{"line":61,"column":96}},"5":{"start":{"line":62,"column":16},"end":{"line":62,"column":58}},"6":{"start":{"line":62,"column":40},"end":{"line":62,"column":57}},"7":{"start":{"line":63,"column":17},"end":{"line":63,"column":60}},"8":{"start":{"line":63,"column":41},"end":{"line":63,"column":59}},"9":{"start":{"line":65,"column":26},"end":{"line":67,"column":18}},"10":{"start":{"line":66,"column":4},"end":{"line":66,"column":60}},"11":{"start":{"line":69,"column":47},"end":{"line":71,"column":23}},"12":{"start":{"line":70,"column":4},"end":{"line":70,"column":54}},"13":{"start":{"line":73,"column":26},"end":{"line":79,"column":3}},"14":{"start":{"line":74,"column":4},"end":{"line":78,"column":11}},"15":{"start":{"line":81,"column":24},"end":{"line":83,"column":3}},"16":{"start":{"line":82,"column":4},"end":{"line":82,"column":35}},"17":{"start":{"line":85,"column":2},"end":{"line":99,"column":4}},"18":{"start":{"line":90,"column":32},"end":{"line":90,"column":39}},"19":{"start":{"line":102,"column":15},"end":{"line":190,"column":2}}},"fnMap":{"0":{"name":"(anonymous_0)","decl":{"start":{"line":17,"column":28},"end":{"line":17,"column":29}},"loc":{"start":{"line":18,"column":2},"end":{"line":57,"column":21}},"line":18},"1":{"name":"(anonymous_1)","decl":{"start":{"line":20,"column":13},"end":{"line":20,"column":14}},"loc":{"start":{"line":20,"column":19},"end":{"line":20,"column":32}},"line":20},"2":{"name":"(anonymous_2)","decl":{"start":{"line":60,"column":17},"end":{"line":60,"column":18}},"loc":{"start":{"line":60,"column":23},"end":{"line":100,"column":1}},"line":60},"3":{"name":"(anonymous_3)","decl":{"start":{"line":62,"column":31},"end":{"line":62,"column":32}},"loc":{"start":{"line":62,"column":40},"end":{"line":62,"column":57}},"line":62},"4":{"name":"(anonymous_4)","decl":{"start":{"line":63,"column":32},"end":{"line":63,"column":33}},"loc":{"start":{"line":63,"column":41},"end":{"line":63,"column":59}},"line":63},"5":{"name":"(anonymous_5)","decl":{"start":{"line":65,"column":38},"end":{"line":65,"column":39}},"loc":{"start":{"line":65,"column":54},"end":{"line":67,"column":3}},"line":65},"6":{"name":"(anonymous_6)","decl":{"start":{"line":69,"column":59},"end":{"line":69,"column":60}},"loc":{"start":{"line":70,"column":4},"end":{"line":70,"column":54}},"line":70},"7":{"name":"(anonymous_7)","decl":{"start":{"line":73,"column":26},"end":{"line":73,"column":27}},"loc":{"start":{"line":74,"column":4},"end":{"line":78,"column":11}},"line":74},"8":{"name":"(anonymous_8)","decl":{"start":{"line":81,"column":24},"end":{"line":81,"column":25}},"loc":{"start":{"line":81,"column":30},"end":{"line":83,"column":3}},"line":81},"9":{"name":"(anonymous_9)","decl":{"start":{"line":90,"column":22},"end":{"line":90,"column":23}},"loc":{"start":{"line":90,"column":32},"end":{"line":90,"column":39}},"line":90}},"branchMap":{"0":{"loc":{"start":{"line":23,"column":5},"end":{"line":33,"column":5}},"type":"cond-expr","locations":[{"start":{"line":24,"column":6},"end":{"line":28,"column":8}},{"start":{"line":30,"column":6},"end":{"line":32,"column":13}}],"line":23},"1":{"loc":{"start":{"line":41,"column":7},"end":{"line":55,"column":7}},"type":"binary-expr","locations":[{"start":{"line":41,"column":7},"end":{"line":41,"column":37}},{"start":{"line":41,"column":41},"end":{"line":41,"column":51}},{"start":{"line":42,"column":8},"end":{"line":54,"column":15}}],"line":41}},"s":{"0":0,"1":0,"2":0,"3":0,"4":0,"5":0,"6":0,"7":0,"8":0,"9":0,"10":0,"11":0,"12":0,"13":0,"14":0,"15":0,"16":0,"17":0,"18":0,"19":0},"f":{"0":0,"1":0,"2":0,"3":0,"4":0,"5":0,"6":0,"7":0,"8":0,"9":0},"b":{"0":[0,0],"1":[0,0,0]}}
,"/Users/ts1298/practice/ReadingTrackerApp/ReadingTrackerApp3/src/features/books/screens/BooksList.tsx": {"path":"/Users/ts1298/practice/ReadingTrackerApp/ReadingTrackerApp3/src/features/books/screens/BooksList.tsx","statementMap":{"0":{"start":{"line":16,"column":35},"end":{"line":114,"column":1}},"1":{"start":{"line":17,"column":16},"end":{"line":17,"column":26}},"2":{"start":{"line":18,"column":19},"end":{"line":18,"column":35}},"3":{"start":{"line":19,"column":16},"end":{"line":19,"column":60}},"4":{"start":{"line":19,"column":42},"end":{"line":19,"column":59}},"5":{"start":{"line":20,"column":20},"end":{"line":20,"column":66}},"6":{"start":{"line":20,"column":46},"end":{"line":20,"column":65}},"7":{"start":{"line":23,"column":2},"end":{"line":43,"column":31}},"8":{"start":{"line":25,"column":4},"end":{"line":42,"column":5}},"9":{"start":{"line":26,"column":18},"end":{"line":26,"column":42}},"10":{"start":{"line":27,"column":6},"end":{"line":41,"column":8}},"11":{"start":{"line":46,"column":24},"end":{"line":48,"column":18}},"12":{"start":{"line":47,"column":4},"end":{"line":47,"column":35}},"13":{"start":{"line":51,"column":26},"end":{"line":53,"column":18}},"14":{"start":{"line":52,"column":4},"end":{"line":52,"column":51}},"15":{"start":{"line":56,"column":47},"end":{"line":79,"column":23}},"16":{"start":{"line":57,"column":4},"end":{"line":78,"column":23}},"17":{"start":{"line":59,"column":21},"end":{"line":59,"column":45}},"18":{"start":{"line":82,"column":30},"end":{"line":86,"column":8}},"19":{"start":{"line":83,"column":4},"end":{"line":85,"column":11}},"20":{"start":{"line":89,"column":29},"end":{"line":93,"column":8}},"21":{"start":{"line":90,"column":4},"end":{"line":92,"column":11}},"22":{"start":{"line":95,"column":2},"end":{"line":113,"column":4}},"23":{"start":{"line":99,"column":32},"end":{"line":99,"column":39}},"24":{"start":{"line":116,"column":15},"end":{"line":191,"column":2}}},"fnMap":{"0":{"name":"(anonymous_0)","decl":{"start":{"line":16,"column":35},"end":{"line":16,"column":36}},"loc":{"start":{"line":16,"column":55},"end":{"line":114,"column":1}},"line":16},"1":{"name":"(anonymous_1)","decl":{"start":{"line":19,"column":31},"end":{"line":19,"column":32}},"loc":{"start":{"line":19,"column":42},"end":{"line":19,"column":59}},"line":19},"2":{"name":"(anonymous_2)","decl":{"start":{"line":20,"column":35},"end":{"line":20,"column":36}},"loc":{"start":{"line":20,"column":46},"end":{"line":20,"column":65}},"line":20},"3":{"name":"(anonymous_3)","decl":{"start":{"line":23,"column":12},"end":{"line":23,"column":13}},"loc":{"start":{"line":23,"column":18},"end":{"line":43,"column":3}},"line":23},"4":{"name":"(anonymous_4)","decl":{"start":{"line":46,"column":36},"end":{"line":46,"column":37}},"loc":{"start":{"line":46,"column":42},"end":{"line":48,"column":3}},"line":46},"5":{"name":"(anonymous_5)","decl":{"start":{"line":51,"column":38},"end":{"line":51,"column":39}},"loc":{"start":{"line":51,"column":58},"end":{"line":53,"column":3}},"line":51},"6":{"name":"(anonymous_6)","decl":{"start":{"line":56,"column":59},"end":{"line":56,"column":60}},"loc":{"start":{"line":57,"column":4},"end":{"line":78,"column":23}},"line":57},"7":{"name":"(anonymous_7)","decl":{"start":{"line":59,"column":15},"end":{"line":59,"column":16}},"loc":{"start":{"line":59,"column":21},"end":{"line":59,"column":45}},"line":59},"8":{"name":"(anonymous_8)","decl":{"start":{"line":82,"column":38},"end":{"line":82,"column":39}},"loc":{"start":{"line":83,"column":4},"end":{"line":85,"column":11}},"line":83},"9":{"name":"(anonymous_9)","decl":{"start":{"line":89,"column":37},"end":{"line":89,"column":38}},"loc":{"start":{"line":90,"column":4},"end":{"line":92,"column":11}},"line":90},"10":{"name":"(anonymous_10)","decl":{"start":{"line":99,"column":22},"end":{"line":99,"column":23}},"loc":{"start":{"line":99,"column":32},"end":{"line":99,"column":39}},"line":99}},"branchMap":{"0":{"loc":{"start":{"line":25,"column":4},"end":{"line":42,"column":5}},"type":"if","locations":[{"start":{"line":25,"column":4},"end":{"line":42,"column":5}},{"start":{},"end":{}}],"line":25},"1":{"loc":{"start":{"line":66,"column":9},"end":{"line":70,"column":9}},"type":"binary-expr","locations":[{"start":{"line":66,"column":9},"end":{"line":66,"column":20}},{"start":{"line":67,"column":10},"end":{"line":69,"column":17}}],"line":66},"2":{"loc":{"start":{"line":71,"column":9},"end":{"line":75,"column":9}},"type":"binary-expr","locations":[{"start":{"line":71,"column":9},"end":{"line":71,"column":19}},{"start":{"line":72,"column":10},"end":{"line":74,"column":17}}],"line":71},"3":{"loc":{"start":{"line":73,"column":13},"end":{"line":73,"column":34}},"type":"binary-expr","locations":[{"start":{"line":73,"column":13},"end":{"line":73,"column":29}},{"start":{"line":73,"column":33},"end":{"line":73,"column":34}}],"line":73},"4":{"loc":{"start":{"line":101,"column":29},"end":{"line":101,"column":74}},"type":"cond-expr","locations":[{"start":{"line":101,"column":48},"end":{"line":101,"column":67}},{"start":{"line":101,"column":70},"end":{"line":101,"column":74}}],"line":101}},"s":{"0":0,"1":0,"2":0,"3":0,"4":0,"5":0,"6":0,"7":0,"8":0,"9":0,"10":0,"11":0,"12":0,"13":0,"14":0,"15":0,"16":0,"17":0,"18":0,"19":0,"20":0,"21":0,"22":0,"23":0,"24":0},"f":{"0":0,"1":0,"2":0,"3":0,"4":0,"5":0,"6":0,"7":0,"8":0,"9":0,"10":0},"b":{"0":[0,0],"1":[0,0],"2":[0,0],"3":[0,0],"4":[0,0]}}
,"/Users/ts1298/practice/ReadingTrackerApp/ReadingTrackerApp3/src/features/books/screens/EditBook.tsx": {"path":"/Users/ts1298/practice/ReadingTrackerApp/ReadingTrackerApp3/src/features/books/screens/EditBook.tsx","statementMap":{"0":{"start":{"line":26,"column":17},"end":{"line":118,"column":1}},"1":{"start":{"line":27,"column":21},"end":{"line":27,"column":60}},"2":{"start":{"line":28,"column":16},"end":{"line":28,"column":45}},"3":{"start":{"line":29,"column":19},"end":{"line":29,"column":35}},"4":{"start":{"line":30,"column":42},"end":{"line":30,"column":57}},"5":{"start":{"line":32,"column":19},"end":{"line":32,"column":31}},"6":{"start":{"line":34,"column":23},"end":{"line":92,"column":3}},"7":{"start":{"line":35,"column":4},"end":{"line":91,"column":5}},"8":{"start":{"line":36,"column":6},"end":{"line":36,"column":28}},"9":{"start":{"line":39,"column":32},"end":{"line":63,"column":7}},"10":{"start":{"line":44,"column":54},"end":{"line":44,"column":64}},"11":{"start":{"line":66,"column":6},"end":{"line":66,"column":68}},"12":{"start":{"line":69,"column":58},"end":{"line":69,"column":69}},"13":{"start":{"line":72,"column":6},"end":{"line":75,"column":17}},"14":{"start":{"line":78,"column":6},"end":{"line":78,"column":26}},"15":{"start":{"line":80,"column":6},"end":{"line":80,"column":53}},"16":{"start":{"line":83,"column":6},"end":{"line":88,"column":7}},"17":{"start":{"line":84,"column":29},"end":{"line":84,"column":97}},"18":{"start":{"line":85,"column":8},"end":{"line":85,"column":54}},"19":{"start":{"line":87,"column":8},"end":{"line":87,"column":73}},"20":{"start":{"line":90,"column":6},"end":{"line":90,"column":29}},"21":{"start":{"line":94,"column":2},"end":{"line":117,"column":4}},"22":{"start":{"line":120,"column":15},"end":{"line":125,"column":2}}},"fnMap":{"0":{"name":"(anonymous_0)","decl":{"start":{"line":26,"column":17},"end":{"line":26,"column":18}},"loc":{"start":{"line":26,"column":23},"end":{"line":118,"column":1}},"line":26},"1":{"name":"(anonymous_1)","decl":{"start":{"line":34,"column":23},"end":{"line":34,"column":24}},"loc":{"start":{"line":34,"column":53},"end":{"line":92,"column":3}},"line":34},"2":{"name":"(anonymous_2)","decl":{"start":{"line":44,"column":47},"end":{"line":44,"column":48}},"loc":{"start":{"line":44,"column":54},"end":{"line":44,"column":64}},"line":44}},"branchMap":{"0":{"loc":{"start":{"line":43,"column":20},"end":{"line":45,"column":14}},"type":"cond-expr","locations":[{"start":{"line":44,"column":12},"end":{"line":44,"column":81}},{"start":{"line":45,"column":12},"end":{"line":45,"column":14}}],"line":43},"1":{"loc":{"start":{"line":47,"column":19},"end":{"line":49,"column":26}},"type":"cond-expr","locations":[{"start":{"line":48,"column":12},"end":{"line":48,"column":36}},{"start":{"line":49,"column":12},"end":{"line":49,"column":26}}],"line":47},"2":{"loc":{"start":{"line":47,"column":19},"end":{"line":47,"column":76}},"type":"binary-expr","locations":[{"start":{"line":47,"column":19},"end":{"line":47,"column":57}},{"start":{"line":47,"column":61},"end":{"line":47,"column":76}}],"line":47},"3":{"loc":{"start":{"line":51,"column":20},"end":{"line":55,"column":23}},"type":"cond-expr","locations":[{"start":{"line":52,"column":12},"end":{"line":52,"column":36}},{"start":{"line":53,"column":12},"end":{"line":55,"column":23}}],"line":51},"4":{"loc":{"start":{"line":51,"column":20},"end":{"line":51,"column":79}},"type":"binary-expr","locations":[{"start":{"line":51,"column":20},"end":{"line":51,"column":59}},{"start":{"line":51,"column":63},"end":{"line":51,"column":79}}],"line":51},"5":{"loc":{"start":{"line":53,"column":12},"end":{"line":55,"column":23}},"type":"cond-expr","locations":[{"start":{"line":54,"column":14},"end":{"line":54,"column":29}},{"start":{"line":55,"column":14},"end":{"line":55,"column":23}}],"line":53},"6":{"loc":{"start":{"line":57,"column":21},"end":{"line":57,"column":46}},"type":"binary-expr","locations":[{"start":{"line":57,"column":21},"end":{"line":57,"column":41}},{"start":{"line":57,"column":45},"end":{"line":57,"column":46}}],"line":57},"7":{"loc":{"start":{"line":58,"column":15},"end":{"line":58,"column":34}},"type":"binary-expr","locations":[{"start":{"line":58,"column":15},"end":{"line":58,"column":29}},{"start":{"line":58,"column":33},"end":{"line":58,"column":34}}],"line":58},"8":{"loc":{"start":{"line":59,"column":16},"end":{"line":59,"column":52}},"type":"binary-expr","locations":[{"start":{"line":59,"column":16},"end":{"line":59,"column":31}},{"start":{"line":59,"column":35},"end":{"line":59,"column":52}}],"line":59},"9":{"loc":{"start":{"line":83,"column":6},"end":{"line":88,"column":7}},"type":"if","locations":[{"start":{"line":83,"column":6},"end":{"line":88,"column":7}},{"start":{"line":86,"column":13},"end":{"line":88,"column":7}}],"line":83},"10":{"loc":{"start":{"line":84,"column":29},"end":{"line":84,"column":97}},"type":"binary-expr","locations":[{"start":{"line":84,"column":29},"end":{"line":84,"column":53}},{"start":{"line":84,"column":57},"end":{"line":84,"column":97}}],"line":84}},"s":{"0":0,"1":0,"2":0,"3":0,"4":0,"5":0,"6":0,"7":0,"8":0,"9":0,"10":0,"11":0,"12":0,"13":0,"14":0,"15":0,"16":0,"17":0,"18":0,"19":0,"20":0,"21":0,"22":0},"f":{"0":0,"1":0,"2":0},"b":{"0":[0,0],"1":[0,0],"2":[0,0],"3":[0,0],"4":[0,0],"5":[0,0],"6":[0,0],"7":[0,0],"8":[0,0],"9":[0,0],"10":[0,0]}}
,"/Users/ts1298/practice/ReadingTrackerApp/ReadingTrackerApp3/src/features/books/screens/index.ts": {"path":"/Users/ts1298/practice/ReadingTrackerApp/ReadingTrackerApp3/src/features/books/screens/index.ts","statementMap":{},"fnMap":{},"branchMap":{},"s":{},"f":{},"b":{}}
,"/Users/ts1298/practice/ReadingTrackerApp/ReadingTrackerApp3/src/features/books/store/booksSlice.ts": {"path":"/Users/ts1298/practice/ReadingTrackerApp/ReadingTrackerApp3/src/features/books/store/booksSlice.ts","statementMap":{"0":{"start":{"line":37,"column":33},"end":{"line":42,"column":1}},"1":{"start":{"line":45,"column":19},"end":{"line":55,"column":2}},"2":{"start":{"line":45,"column":55},"end":{"line":55,"column":1}},"3":{"start":{"line":58,"column":28},"end":{"line":74,"column":1}},"4":{"start":{"line":65,"column":4},"end":{"line":72,"column":5}},"5":{"start":{"line":67,"column":6},"end":{"line":67,"column":61}},"6":{"start":{"line":67,"column":35},"end":{"line":67,"column":59}},"7":{"start":{"line":69,"column":6},"end":{"line":69,"column":34}},"8":{"start":{"line":71,"column":6},"end":{"line":71,"column":51}},"9":{"start":{"line":76,"column":42},"end":{"line":83,"column":1}},"10":{"start":{"line":80,"column":4},"end":{"line":80,"column":59}},"11":{"start":{"line":80,"column":33},"end":{"line":80,"column":57}},"12":{"start":{"line":81,"column":4},"end":{"line":81,"column":68}},"13":{"start":{"line":85,"column":19},"end":{"line":159,"column":2}},"14":{"start":{"line":90,"column":28},"end":{"line":96,"column":7}},"15":{"start":{"line":97,"column":6},"end":{"line":97,"column":35}},"16":{"start":{"line":100,"column":33},"end":{"line":100,"column":47}},"17":{"start":{"line":101,"column":20},"end":{"line":101,"column":65}},"18":{"start":{"line":101,"column":50},"end":{"line":101,"column":64}},"19":{"start":{"line":102,"column":6},"end":{"line":108,"column":7}},"20":{"start":{"line":103,"column":8},"end":{"line":107,"column":10}},"21":{"start":{"line":111,"column":6},"end":{"line":111,"column":75}},"22":{"start":{"line":111,"column":47},"end":{"line":111,"column":73}},"23":{"start":{"line":114,"column":45},"end":{"line":114,"column":59}},"24":{"start":{"line":115,"column":19},"end":{"line":115,"column":59}},"25":{"start":{"line":115,"column":44},"end":{"line":115,"column":58}},"26":{"start":{"line":116,"column":6},"end":{"line":119,"column":7}},"27":{"start":{"line":117,"column":8},"end":
[...]
":137,"column":10},"end":{"line":137,"column":31}},"44":{"start":{"line":143,"column":4},"end":{"line":157,"column":9}},"45":{"start":{"line":145,"column":8},"end":{"line":145,"column":33}},"46":{"start":{"line":146,"column":8},"end":{"line":146,"column":29}},"47":{"start":{"line":149,"column":8},"end":{"line":149,"column":35}},"48":{"start":{"line":150,"column":8},"end":{"line":150,"column":30}},"49":{"start":{"line":151,"column":8},"end":{"line":151,"column":44}},"50":{"start":{"line":154,"column":8},"end":{"line":154,"column":32}},"51":{"start":{"line":155,"column":8},"end":{"line":155,"column":30}},"52":{"start":{"line":156,"column":8},"end":{"line":156,"column":71}},"53":{"start":{"line":169,"column":4},"end":{"line":169,"column":22}},"54":{"start":{"line":172,"column":30},"end":{"line":172,"column":81}},"55":{"start":{"line":172,"column":64},"end":{"line":172,"column":81}},"56":{"start":{"line":173,"column":30},"end":{"line":174,"column":52}},"57":{"start":{"line":174,"column":2},"end":{"line":174,"column":52}},"58":{"start":{"line":174,"column":33},"end":{"line":174,"column":51}},"59":{"start":{"line":177,"column":28},"end":{"line":177,"column":46}}},"fnMap":{"0":{"name":"(anonymous_0)","decl":{"start":{"line":45,"column":19},"end":{"line":45,"column":20}},"loc":{"start":{"line":45,"column":55},"end":{"line":55,"column":1}},"line":45},"1":{"name":"(anonymous_1)","decl":{"start":{"line":60,"column":2},"end":{"line":60,"column":3}},"loc":{"start":{"line":64,"column":29},"end":{"line":73,"column":3}},"line":64},"2":{"name":"(anonymous_2)","decl":{"start":{"line":67,"column":24},"end":{"line":67,"column":25}},"loc":{"start":{"line":67,"column":35},"end":{"line":67,"column":59}},"line":67},"3":{"name":"(anonymous_3)","decl":{"start":{"line":78,"column":2},"end":{"line":78,"column":3}},"loc":{"start":{"line":78,"column":70},"end":{"line":82,"column":3}},"line":78},"4":{"name":"(anonymous_4)","decl":{"start":{"line":80,"column":22},"end":{"line":80,"column":23}},"loc":{"start":{"line":80,"column":33},"end":{"line":80,"column":57}},"line":80},"5":{"name":"(anonymous_5)","decl":{"start":{"line":89,"column":13},"end":{"line":89,"column":14}},"loc":{"start":{"line":89,"column":105},"end":{"line":98,"column":5}},"line":89},"6":{"name":"(anonymous_6)","decl":{"start":{"line":99,"column":16},"end":{"line":99,"column":17}},"loc":{"start":{"line":99,"column":125},"end":{"line":109,"column":5}},"line":99},"7":{"name":"(anonymous_7)","decl":{"start":{"line":101,"column":42},"end":{"line":101,"column":43}},"loc":{"start":{"line":101,"column":50},"end":{"line":101,"column":64}},"line":101},"8":{"name":"(anonymous_8)","decl":{"start":{"line":110,"column":16},"end":{"line":110,"column":17}},"loc":{"start":{"line":110,"column":70},"end":{"line":112,"column":5}},"line":110},"9":{"name":"(anonymous_9)","decl":{"start":{"line":111,"column":39},"end":{"line":111,"column":40}},"loc":{"start":{"line":111,"column":47},"end":{"line":111,"column":73}},"line":111},"10":{"name":"(anonymous_10)","decl":{"start":{"line":113,"column":27},"end":{"line":113,"column":28}},"loc":{"start":{"line":113,"column":115},"end":{"line":120,"column":5}},"line":113},"11":{"name":"(anonymous_11)","decl":{"start":{"line":115,"column":36},"end":{"line":115,"column":37}},"loc":{"start":{"line":115,"column":44},"end":{"line":115,"column":58}},"line":115},"12":{"name":"(anonymous_12)","decl":{"start":{"line":121,"column":18},"end":{"line":121,"column":19}},"loc":{"start":{"line":121,"column":60},"end":{"line":128,"column":5}},"line":121},"13":{"name":"(anonymous_13)","decl":{"start":{"line":122,"column":36},"end":{"line":122,"column":37}},"loc":{"start":{"line":122,"column":44},"end":{"line":122,"column":70}},"line":122},"14":{"name":"(anonymous_14)","decl":{"start":{"line":129,"column":19},"end":{"line":129,"column":20}},"loc":{"start":{"line":129,"column":103},"end":{"line":140,"column":5}},"line":129},"15":{"name":"(anonymous_15)","decl":{"start":{"line":131,"column":36},"end":{"line":131,"column":37}},"loc":{"start":{"line":131,"column":44},"end":{"line":131,"column":58}},"line":131},"16":{"name":"(anonymous_16)","decl":{"start":{"line":142,"column":17},"end":{"line":142,"column":18}},"loc":{"start":{"line":142,"column":30},"end":{"line":158,"column":3}},"line":142},"17":{"name":"(anonymous_17)","decl":{"start":{"line":144,"column":37},"end":{"line":144,"column":38}},"loc":{"start":{"line":144,"column":48},"end":{"line":147,"column":7}},"line":144},"18":{"name":"(anonymous_18)","decl":{"start":{"line":148,"column":39},"end":{"line":148,"column":40}},"loc":{"start":{"line":148,"column":58},"end":{"line":152,"column":7}},"line":148},"19":{"name":"(anonymous_19)","decl":{"start":{"line":153,"column":38},"end":{"line":153,"column":39}},"loc":{"start":{"line":153,"column":57},"end":{"line":157,"column":7}},"line":153},"20":{"name":"(anonymous_20)","decl":{"start":{"line":172,"column":30},"end":{"line":172,"column":31}},"loc":{"start":{"line":172,"column":64},"end":{"line":172,"column":81}},"line":172},"21":{"name":"(anonymous_21)","decl":{"start":{"line":173,"column":30},"end":{"line":173,"column":31}},"loc":{"start":{"line":174,"column":2},"end":{"line":174,"column":52}},"line":174},"22":{"name":"(anonymous_22)","decl":{"start":{"line":174,"column":25},"end":{"line":174,"column":26}},"loc":{"start":{"line":174,"column":33},"end":{"line":174,"column":51}},"line":174}},"branchMap":{"0":{"loc":{"start":{"line":93,"column":21},"end":{"line":93,"column":52}},"type":"binary-expr","locations":[{"start":{"line":93,"column":21},"end":{"line":93,"column":47}},{"start":{"line":93,"column":51},"end":{"line":93,"column":52}}],"line":93},"1":{"loc":{"start":{"line":102,"column":6},"end":{"line":108,"column":7}},"type":"if","locations":[{"start":{"line":102,"column":6},"end":{"line":108,"column":7}},{"start":{},"end":{}}],"line":102},"2":{"loc":{"start":{"line":116,"column":6},"end":{"line":119,"column":7}},"type":"if","locations":[{"start":{"line":116,"column":6},"end":{"line":119,"column":7}},{"start":{},"end":{}}],"line":116},"3":{"loc":{"start":{"line":123,"column":6},"end":{"line":127,"column":7}},"type":"if","locations":[{"start":{"line":123,"column":6},"end":{"line":127,"column":7}},{"start":{},"end":{}}],"line":123},"4":{"loc":{"start":{"line":132,"column":6},"end":{"line":139,"column":7}},"type":"if","locations":[{"start":{"line":132,"column":6},"end":{"line":139,"column":7}},{"start":{},"end":{}}],"line":132},"5":{"loc":{"start":{"line":136,"column":8},"end":{"line":138,"column":9}},"type":"if","locations":[{"start":{"line":136,"column":8},"end":{"line":138,"column":9}},{"start":{},"end":{}}],"line":136},"6":{"loc":{"start":{"line":156,"column":22},"end":{"line":156,"column":70}},"type":"binary-expr","locations":[{"start":{"line":156,"column":22},"end":{"line":156,"column":46}},{"start":{"line":156,"column":50},"end":{"line":156,"column":70}}],"line":156}},"s":{"0":0,"1":0,"2":0,"3":0,"4":0,"5":0,"6":0,"7":0,"8":0,"9":0,"10":0,"11":0,"12":0,"13":0,"14":0,"15":0,"16":0,"17":0,"18":0,"19":0,"20":0,"21":0,"22":0,"23":0,"24":0,"25":0,"26":0,"27":0,"28":0,"29":0,"30":0,"31":0,"32":0,"33":0,"34":0,"35":0,"36":0,"37":0,"38":0,"39":0,"40":0,"41":0,"42":0,"43":0,"44":0,"45":0,"46":0,"47":0,"48":0,"49":0,"50":0,"51":0,"52":0,"53":0,"54":0,"55":0,"56":0,"57":0,"58":0,"59":0},"f":{"0":0,"1":0,"2":0,"3":0,"4":0,"5":0,"6":0,"7":0,"8":0,"9":0,"10":0,"11":0,"12":0,"13":0,"14":0,"15":0,"16":0,"17":0,"18":0,"19":0,"20":0,"21":0,"22":0},"b":{"0":[0,0],"1":[0,0],"2":[0,0],"3":[0,0],"4":[0,0],"5":[0,0],"6":[0,0]}}
,"/Users/ts1298/practice/ReadingTrackerApp/ReadingTrackerApp3/src/features/books/types/book.ts": {"path":"/Users/ts1298/practice/ReadingTrackerApp/ReadingTrackerApp3/src/features/books/types/book.ts","statementMap":{},"fnMap":{},"branchMap":{},"s":{},"f":{},"b":{}}
,"/Users/ts1298/practice/ReadingTrackerApp/ReadingTrackerApp3/src/features/books/types/index.ts": {"path":"/Users/ts1298/practice/ReadingTrackerApp/ReadingTrackerApp3/src/features/books/types/index.ts","statementMap":{},"fnMap":{},"branchMap":{},"s":{},"f":{},"b":{}}
,"/Users/ts1298/practice/ReadingTrackerApp/ReadingTrackerApp3/src/features/books/utils/index.ts": {"path":"/Users/ts1298/practice/ReadingTrackerApp/ReadingTrackerApp3/src/features/books/utils/index.ts","statementMap":{},"fnMap":{},"branchMap":{},"s":{},"f":{},"b":{}}
,"/Users/ts1298/practice/ReadingTrackerApp/ReadingTrackerApp3/src/navigation/AppNavigator.tsx": {"path":"/Users/ts1298/practice/ReadingTrackerApp/ReadingTrackerApp3/src/navigation/AppNavigator.tsx","statementMap":{"0":{"start":{"line":10,"column":14},"end":{"line":10,"column":62}},"1":{"start":{"line":16,"column":38},"end":{"line":67,"column":1}},"2":{"start":{"line":17,"column":2},"end":{"line":66,"column":4}}},"fnMap":{"0":{"name":"(anonymous_0)","decl":{"start":{"line":16,"column":38},"end":{"line":16,"column":39}},"loc":{"start":{"line":16,"column":44},"end":{"line":67,"column":1}},"line":16}},"branchMap":{},"s":{"0":0,"1":0,"2":0},"f":{"0":0},"b":{}}
,"/Users/ts1298/practice/ReadingTrackerApp/ReadingTrackerApp3/src/navigation/index.ts": {"path":"/Users/ts1298/practice/ReadingTrackerApp/ReadingTrackerApp3/src/navigation/index.ts","statementMap":{},"fnMap":{},"branchMap":{},"s":{},"f":{},"b":{}}
,"/Users/ts1298/practice/ReadingTrackerApp/ReadingTrackerApp3/src/navigation/types.ts": {"path":"/Users/ts1298/practice/ReadingTrackerApp/ReadingTrackerApp3/src/navigation/types.ts","statementMap":{},"fnMap":{},"branchMap":{},"s":{},"f":{},"b":{}}
,"/Users/ts1298/practice/ReadingTrackerApp/ReadingTrackerApp3/src/store/hooks.ts": {"path":"/Users/ts1298/practice/ReadingTrackerApp/ReadingTrackerApp3/src/store/hooks.ts","statementMap":{"0":{"start":{"line":5,"column":30},"end":{"line":5,"column":62}},"1":{"start":{"line":5,"column":36},"end":{"line":5,"column":62}},"2":{"start":{"line":6,"column":63},"end":{"line":6,"column":74}}},"fnMap":{"0":{"name":"(anonymous_0)","decl":{"start":{"line":5,"column":30},"end":{"line":5,"column":31}},"loc":{"start":{"line":5,"column":36},"end":{"line":5,"column":62}},"line":5}},"branchMap":{},"s":{"0":0,"1":0,"2":0},"f":{"0":0},"b":{}}
,"/Users/ts1298/practice/ReadingTrackerApp/ReadingTrackerApp3/src/store/index.ts": {"path":"/Users/ts1298/practice/ReadingTrackerApp/ReadingTrackerApp3/src/store/index.ts","statementMap":{},"fnMap":{},"branchMap":{},"s":{},"f":{},"b":{}}
,"/Users/ts1298/practice/ReadingTrackerApp/ReadingTrackerApp3/src/store/store.ts": {"path":"/Users/ts1298/practice/ReadingTrackerApp/ReadingTrackerApp3/src/store/store.ts","statementMap":{"0":{"start":{"line":4,"column":21},"end":{"line":12,"column":2}},"1":{"start":{"line":9,"column":4},"end":{"line":11,"column":6}}},"fnMap":{"0":{"name":"(anonymous_0)","decl":{"start":{"line":8,"column":14},"end":{"line":8,"column":15}},"loc":{"start":{"line":9,"column":4},"end":{"line":11,"column":6}},"line":9}},"branchMap":{},"s":{"0":0,"1":0},"f":{"0":0},"b":{}}
,"/Users/ts1298/practice/ReadingTrackerApp/ReadingTrackerApp3/src/theme/ThemeProvider.tsx": {"path":"/Users/ts1298/practice/ReadingTrackerApp/ReadingTrackerApp3/src/theme/ThemeProvider.tsx","statementMap":{"0":{"start":{"line":19,"column":21},"end":{"line":19,"column":64}},"1":{"start":{"line":28,"column":59},"end":{"line":61,"column":1}},"2":{"start":{"line":32,"column":22},"end":{"line":32,"column":38}},"3":{"start":{"line":33,"column":17},"end":{"line":33,"column":57}},"4":{"start":{"line":36,"column":30},"end":{"line":43,"column":12}},"5":{"start":{"line":46,"column":23},"end":{"line":54,"column":3}},"6":{"start":{"line":51,"column":25},"end":{"line":51,"column":37}},"7":{"start":{"line":52,"column":46},"end":{"line":52,"column":67}},"8":{"start":{"line":56,"column":2},"end":{"line":60,"column":4}},"9":{"start":{"line":64,"column":24},"end":{"line":70,"column":1}},"10":{"start":{"line":65,"column":18},"end":{"line":65,"column":42}},"11":{"start":{"line":66,"column":2},"end":{"line":68,"column":3}},"12":{"start":{"line":67,"column":4},"end":{"line":67,"column":68}},"13":{"start":{"line":69,"column":2},"end":{"line":69,"column":17}}},"fnMap":{"0":{"name":"(anonymous_0)","decl":{"start":{"line":28,"column":59},"end":{"line":28,"column":60}},"loc":{"start":{"line":31,"column":6},"end":{"line":61,"column":1}},"line":31},"1":{"name":"(anonymous_1)","decl":{"start":{"line":51,"column":16},"end":{"line":51,"column":17}},"loc":{"start":{"line":51,"column":25},"end":{"line":51,"column":37}},"line":51},"2":{"name":"(anonymous_2)","decl":{"start":{"line":52,"column":18},"end":{"line":52,"column":19}},"loc":{"start":{"line":52,"column":46},"end":{"line":52,"column":67}},"line":52},"3":{"name":"(anonymous_3)","decl":{"start":{"line":64,"column":24},"end":{"line":64,"column":25}},"loc":{"start":{"line":64,"column":37},"end":{"line":70,"column":1}},"line":64}},"branchMap":{"0":{"loc":{"start":{"line":33,"column":17},"end":{"line":33,"column":57}},"type":"binary-expr","locations":[{"start":{"line":33,"column":17},"end":{"line":33,"column":31}},{"start":{"line":33,"column":35},"end":{"line":33,"column":57}}],"line":33},"1":{"loc":{"start":{"line":38,"column":16},"end":{"line":38,"column":57}},"type":"cond-expr","locations":[{"start":{"line":38,"column":25},"end":{"line":38,"column":37}},{"start":{"line":38,"column":40},"end":{"line":38,"column":57}}],"line":38},"2":{"loc":{"start":{"line":39,"column":10},"end":{"line":39,"column":48}},"type":"cond-expr","locations":[{"start":{"line":39,"column":19},"end":{"line":39,"column":34}},{"start":{"line":39,"column":37},"end":{"line":39,"column":48}}],"line":39},"3":{"loc":{"start":{"line":40,"column":10},"end":{"line":40,"column":46}},"type":"cond-expr","locations":[{"start":{"line":40,"column":19},"end":{"line":40,"column":31}},{"start":{"line":40,"column":34},"end":{"line":40,"column":46}}],"line":40},"4":{"loc":{"start":{"line":41,"column":19},"end":{"line":41,"column":63}},"type":"cond-expr","locations":[{"start":{"line":41,"column":28},"end":{"line":41,"column":45}},{"start":{"line":41,"column":48},"end":{"line":41,"column":63}}],"line":41},"5":{"loc":{"start":{"line":42,"column":12},"end":{"line":42,"column":52}},"type":"cond-expr","locations":[{"start":{"line":42,"column":21},"end":{"line":42,"column":36}},{"start":{"line":42,"column":39},"end":{"line":42,"column":52}}],"line":42},"6":{"loc":{"start":{"line":52,"column":19},"end":{"line":52,"column":41}},"type":"default-arg","locations":[{"start":{"line":52,"column":29},"end":{"line":52,"column":41}}],"line":52},"7":{"loc":{"start":{"line":66,"column":2},"end":{"line":68,"column":3}},"type":"if","locations":[{"start":{"line":66,"column":2},"end":{"line":68,"column":3}},{"start":{},"end":{}}],"line":66}},"s":{"0":0,"1":0,"2":0,"3":0,"4":0,"5":0,"6":0,"7":0,"8":0,"9":0,"10":0,"11":0,"12":0,"13":0},"f":{"0":0,"1":0,"2":0,"3":0},"b":{"0":[0,0],"1":[0,0],"2":[0,0],"3":[0,0],"4":[0,0],"5":[0,0],"6":[0],"7":[0,0]}}
,"/Users/ts1298/practice/ReadingTrackerApp/ReadingTrackerApp3/src/theme/colors.ts": {"path":"/Users/ts1298/practice/ReadingTrackerApp/ReadingTrackerApp3/src/theme/colors.ts","statementMap":{"0":{"start":{"line":1,"column":22},"end":{"line":38,"column":10}}},"fnMap":{},"branchMap":{},"s":{"0":0},"f":{},"b":{}}
,"/Users/ts1298/practice/ReadingTrackerApp/ReadingTrackerApp3/src/theme/index.ts": {"path":"/Users/ts1298/practice/ReadingTrackerApp/ReadingTrackerApp3/src/theme/index.ts","statementMap":{},"fnMap":{},"branchMap":{},"s":{},"f":{},"b":{}}
,"/Users/ts1298/practice/ReadingTrackerApp/ReadingTrackerApp3/src/theme/spacing.ts": {"path":"/Users/ts1298/practice/ReadingTrackerApp/ReadingTrackerApp3/src/theme/spacing.ts","statementMap":{"0":{"start":{"line":5,"column":23},"end":{"line":15,"column":10}},"1":{"start":{"line":22,"column":26},"end":{"line":24,"column":1}},"2":{"start":{"line":23,"column":2},"end":{"line":23,"column":22}},"3":{"start":{"line":29,"column":33},"end":{"line":33,"column":1}},"4":{"start":{"line":30,"column":27},"end":{"line":30,"column":49}},"5":{"start":{"line":31,"column":28},"end":{"line":31,"column":43}},"6":{"start":{"line":32,"column":27},"end":{"line":32,"column":49}}},"fnMap":{"0":{"name":"(anonymous_0)","decl":{"start":{"line":22,"column":26},"end":{"line":22,"column":27}},"loc":{"start":{"line":22,"column":52},"end":{"line":24,"column":1}},"line":22},"1":{"name":"(anonymous_1)","decl":{"start":{"line":30,"column":9},"end":{"line":30,"column":10}},"loc":{"start":{"line":30,"column":27},"end":{"line":30,"column":49}},"line":30},"2":{"name":"(anonymous_2)","decl":{"start":{"line":31,"column":10},"end":{"line":31,"column":11}},"loc":{"start":{"line":31,"column":28},"end":{"line":31,"column":43}},"line":31},"3":{"name":"(anonymous_3)","decl":{"start":{"line":32,"column":9},"end":{"line":32,"column":10}},"loc":{"start":{"line":32,"column":27},"end":{"line":32,"column":49}},"line":32}},"branchMap":{},"s":{"0":0,"1":0,"2":0,"3":0,"4":0,"5":0,"6":0},"f":{"0":0,"1":0,"2":0,"3":0},"b":{}}
,"/Users/ts1298/practice/ReadingTrackerApp/ReadingTrackerApp3/src/theme/typography.ts": {"path":"/Users/ts1298/practice/ReadingTrackerApp/ReadingTrackerApp3/src/theme/typography.ts","statementMap":{"0":{"start":{"line":5,"column":28},"end":{"line":31,"column":10}},"1":{"start":{"line":34,"column":25},"end":{"line":50,"column":10}},"2":{"start":{"line":53,"column":27},"end":{"line":69,"column":10}},"3":{"start":{"line":72,"column":27},"end":{"line":76,"column":10}},"4":{"start":{"line":79,"column":28},"end":{"line":195,"column":1}},"5":{"start":{"line":203,"column":28},"end":{"line":205,"column":1}},"6":{"start":{"line":204,"column":2},"end":{"line":204,"column":31}},"7":{"start":{"line":210,"column":31},"end":{"line":227,"column":1}},"8":{"start":{"line":217,"column":20},"end":{"line":224,"column":3}},"9":{"start":{"line":226,"column":2},"end":{"line":226,"column":19}}},"fnMap":{"0":{"name":"(anonymous_0)","decl":{"start":{"line":203,"column":28},"end":{"line":203,"column":29}},"loc":{"start":{"line":203,"column":80},"end":{"line":205,"column":1}},"line":203},"1":{"name":"(anonymous_1)","decl":{"start":{"line":210,"column":31},"end":{"line":210,"column":32}},"loc":{"start":{"line":216,"column":16},"end":{"line":227,"column":1}},"line":216}},"branchMap":{"0":{"loc":{"start":{"line":203,"column":29},"end":{"line":203,"column":64}},"type":"default-arg","locations":[{"start":{"line":203,"column":52},"end":{"line":203,"column":64}}],"line":203},"1":{"loc":{"start":{"line":212,"column":2},"end":{"line":212,"column":32}},"type":"default-arg","locations":[{"start":{"line":212,"column":23},"end":{"line":212,"column":32}}],"line":212},"2":{"loc":{"start":{"line":213,"column":2},"end":{"line":213,"column":30}},"type":"default-arg","locations":[{"start":{"line":213,"column":18},"end":{"line":213,"column":30}}],"line":213},"3":{"loc":{"start":{"line":218,"column":16},"end":{"line":219,"column":80}},"type":"cond-expr","locations":[{"start":{"line":218,"column":36},"end":{"line":218,"column":53}},{"start":{"line":219,"column":16},"end":{"line":219,"column":80}}],"line":218},"4":{"loc":{"start":{"line":219,"column":16},"end":{"line":219,"column":80}},"type":"cond-expr","locations":[{"start":{"line":219,"column":38},"end":{"line":219,"column":57}},{"start":{"line":219,"column":60},"end":{"line":219,"column":80}}],"line":219},"5":{"loc":{"start":{"line":222,"column":16},"end":{"line":222,"column":51}},"type":"binary-expr","locations":[{"start":{"line":222,"column":16},"end":{"line":222,"column":26}},{"start":{"line":222,"column":30},"end":{"line":222,"column":51}}],"line":222},"6":{"loc":{"start":{"line":223,"column":19},"end":{"line":223,"column":37}},"type":"binary-expr","locations":[{"start":{"line":223,"column":19},"end":{"line":223,"column":32}},{"start":{"line":223,"column":36},"end":{"line":223,"column":37}}],"line":223}},"s":{"0":0,"1":0,"2":0,"3":0,"4":0,"5":0,"6":0,"7":0,"8":0,"9":0},"f":{"0":0,"1":0},"b":{"0":[0],"1":[0],"2":[0],"3":[0,0],"4":[0,0],"5":[0,0],"6":[0,0]}}
}
